[2025-03-04T20:19:30.758+0000] {processor.py:161} INFO - Started process (PID=97) to work on /home/airflow/.local/lib/python3.8/site-packages/airflow/example_dags/example_latest_only.py
[2025-03-04T20:19:30.774+0000] {processor.py:830} INFO - Processing file /home/airflow/.local/lib/python3.8/site-packages/airflow/example_dags/example_latest_only.py for tasks to queue
[2025-03-04T20:19:30.806+0000] {logging_mixin.py:188} INFO - [2025-03-04T20:19:30.804+0000] {dagbag.py:540} INFO - Filling up the DagBag from /home/airflow/.local/lib/python3.8/site-packages/airflow/example_dags/example_latest_only.py
[2025-03-04T20:19:30.857+0000] {processor.py:840} INFO - DAG(s) 'latest_only' retrieved from /home/airflow/.local/lib/python3.8/site-packages/airflow/example_dags/example_latest_only.py
[2025-03-04T20:19:31.012+0000] {logging_mixin.py:188} INFO - [2025-03-04T20:19:31.011+0000] {dag.py:3047} INFO - Sync 1 DAGs
[2025-03-04T20:19:31.091+0000] {logging_mixin.py:188} INFO - [2025-03-04T20:19:31.091+0000] {dag.py:3069} INFO - Creating ORM DAG for latest_only
[2025-03-04T20:19:31.169+0000] {logging_mixin.py:188} INFO - [2025-03-04T20:19:31.169+0000] {dag.py:3834} INFO - Setting next_dagrun for latest_only to 2025-03-04 16:00:00+00:00, run_after=2025-03-04 20:00:00+00:00
[2025-03-04T20:19:31.721+0000] {processor.py:183} INFO - Processing /home/airflow/.local/lib/python3.8/site-packages/airflow/example_dags/example_latest_only.py took 0.985 seconds
[2025-03-04T20:20:05.437+0000] {processor.py:161} INFO - Started process (PID=152) to work on /home/airflow/.local/lib/python3.8/site-packages/airflow/example_dags/example_latest_only.py
[2025-03-04T20:20:05.448+0000] {processor.py:830} INFO - Processing file /home/airflow/.local/lib/python3.8/site-packages/airflow/example_dags/example_latest_only.py for tasks to queue
[2025-03-04T20:20:05.451+0000] {logging_mixin.py:188} INFO - [2025-03-04T20:20:05.451+0000] {dagbag.py:540} INFO - Filling up the DagBag from /home/airflow/.local/lib/python3.8/site-packages/airflow/example_dags/example_latest_only.py
[2025-03-04T20:20:05.490+0000] {processor.py:840} INFO - DAG(s) 'latest_only' retrieved from /home/airflow/.local/lib/python3.8/site-packages/airflow/example_dags/example_latest_only.py
[2025-03-04T20:20:05.661+0000] {logging_mixin.py:188} INFO - [2025-03-04T20:20:05.659+0000] {dag.py:3047} INFO - Sync 1 DAGs
[2025-03-04T20:20:05.834+0000] {logging_mixin.py:188} INFO - [2025-03-04T20:20:05.829+0000] {dag.py:3834} INFO - Setting next_dagrun for latest_only to 2025-03-04 16:00:00+00:00, run_after=2025-03-04 20:00:00+00:00
[2025-03-04T20:20:05.921+0000] {processor.py:183} INFO - Processing /home/airflow/.local/lib/python3.8/site-packages/airflow/example_dags/example_latest_only.py took 0.490 seconds
[2025-03-04T20:20:36.473+0000] {processor.py:161} INFO - Started process (PID=207) to work on /home/airflow/.local/lib/python3.8/site-packages/airflow/example_dags/example_latest_only.py
[2025-03-04T20:20:36.476+0000] {processor.py:830} INFO - Processing file /home/airflow/.local/lib/python3.8/site-packages/airflow/example_dags/example_latest_only.py for tasks to queue
[2025-03-04T20:20:36.479+0000] {logging_mixin.py:188} INFO - [2025-03-04T20:20:36.478+0000] {dagbag.py:540} INFO - Filling up the DagBag from /home/airflow/.local/lib/python3.8/site-packages/airflow/example_dags/example_latest_only.py
[2025-03-04T20:20:36.486+0000] {processor.py:840} INFO - DAG(s) 'latest_only' retrieved from /home/airflow/.local/lib/python3.8/site-packages/airflow/example_dags/example_latest_only.py
[2025-03-04T20:20:36.516+0000] {logging_mixin.py:188} INFO - [2025-03-04T20:20:36.515+0000] {dag.py:3047} INFO - Sync 1 DAGs
[2025-03-04T20:20:36.548+0000] {logging_mixin.py:188} INFO - [2025-03-04T20:20:36.548+0000] {dag.py:3834} INFO - Setting next_dagrun for latest_only to 2025-03-04 16:00:00+00:00, run_after=2025-03-04 20:00:00+00:00
[2025-03-04T20:20:36.573+0000] {processor.py:183} INFO - Processing /home/airflow/.local/lib/python3.8/site-packages/airflow/example_dags/example_latest_only.py took 0.105 seconds
[2025-03-04T20:21:06.929+0000] {processor.py:161} INFO - Started process (PID=262) to work on /home/airflow/.local/lib/python3.8/site-packages/airflow/example_dags/example_latest_only.py
[2025-03-04T20:21:06.931+0000] {processor.py:830} INFO - Processing file /home/airflow/.local/lib/python3.8/site-packages/airflow/example_dags/example_latest_only.py for tasks to queue
[2025-03-04T20:21:06.933+0000] {logging_mixin.py:188} INFO - [2025-03-04T20:21:06.933+0000] {dagbag.py:540} INFO - Filling up the DagBag from /home/airflow/.local/lib/python3.8/site-packages/airflow/example_dags/example_latest_only.py
[2025-03-04T20:21:06.940+0000] {processor.py:840} INFO - DAG(s) 'latest_only' retrieved from /home/airflow/.local/lib/python3.8/site-packages/airflow/example_dags/example_latest_only.py
[2025-03-04T20:21:06.963+0000] {logging_mixin.py:188} INFO - [2025-03-04T20:21:06.963+0000] {dag.py:3047} INFO - Sync 1 DAGs
[2025-03-04T20:21:06.990+0000] {logging_mixin.py:188} INFO - [2025-03-04T20:21:06.990+0000] {dag.py:3834} INFO - Setting next_dagrun for latest_only to 2025-03-04 16:00:00+00:00, run_after=2025-03-04 20:00:00+00:00
[2025-03-04T20:21:07.015+0000] {processor.py:183} INFO - Processing /home/airflow/.local/lib/python3.8/site-packages/airflow/example_dags/example_latest_only.py took 0.089 seconds
