[2025-03-04T20:19:32.267+0000] {processor.py:161} INFO - Started process (PID=99) to work on /home/airflow/.local/lib/python3.8/site-packages/airflow/example_dags/example_kubernetes_executor.py
[2025-03-04T20:19:32.286+0000] {processor.py:830} INFO - Processing file /home/airflow/.local/lib/python3.8/site-packages/airflow/example_dags/example_kubernetes_executor.py for tasks to queue
[2025-03-04T20:19:32.303+0000] {logging_mixin.py:188} INFO - [2025-03-04T20:19:32.302+0000] {dagbag.py:540} INFO - Filling up the DagBag from /home/airflow/.local/lib/python3.8/site-packages/airflow/example_dags/example_kubernetes_executor.py
[2025-03-04T20:19:32.454+0000] {processor.py:840} INFO - DAG(s) 'example_kubernetes_executor' retrieved from /home/airflow/.local/lib/python3.8/site-packages/airflow/example_dags/example_kubernetes_executor.py
[2025-03-04T20:19:32.507+0000] {logging_mixin.py:188} INFO - [2025-03-04T20:19:32.506+0000] {dag.py:3047} INFO - Sync 1 DAGs
[2025-03-04T20:19:32.587+0000] {logging_mixin.py:188} INFO - [2025-03-04T20:19:32.586+0000] {dag.py:3069} INFO - Creating ORM DAG for example_kubernetes_executor
[2025-03-04T20:19:32.617+0000] {logging_mixin.py:188} INFO - [2025-03-04T20:19:32.617+0000] {dag.py:3834} INFO - Setting next_dagrun for example_kubernetes_executor to None, run_after=None
[2025-03-04T20:19:32.861+0000] {processor.py:183} INFO - Processing /home/airflow/.local/lib/python3.8/site-packages/airflow/example_dags/example_kubernetes_executor.py took 0.622 seconds
[2025-03-04T20:20:06.016+0000] {processor.py:161} INFO - Started process (PID=154) to work on /home/airflow/.local/lib/python3.8/site-packages/airflow/example_dags/example_kubernetes_executor.py
[2025-03-04T20:20:06.021+0000] {processor.py:830} INFO - Processing file /home/airflow/.local/lib/python3.8/site-packages/airflow/example_dags/example_kubernetes_executor.py for tasks to queue
[2025-03-04T20:20:06.034+0000] {logging_mixin.py:188} INFO - [2025-03-04T20:20:06.033+0000] {dagbag.py:540} INFO - Filling up the DagBag from /home/airflow/.local/lib/python3.8/site-packages/airflow/example_dags/example_kubernetes_executor.py
[2025-03-04T20:20:06.087+0000] {processor.py:840} INFO - DAG(s) 'example_kubernetes_executor' retrieved from /home/airflow/.local/lib/python3.8/site-packages/airflow/example_dags/example_kubernetes_executor.py
[2025-03-04T20:20:06.428+0000] {logging_mixin.py:188} INFO - [2025-03-04T20:20:06.428+0000] {dag.py:3047} INFO - Sync 1 DAGs
[2025-03-04T20:20:06.455+0000] {logging_mixin.py:188} INFO - [2025-03-04T20:20:06.455+0000] {dag.py:3834} INFO - Setting next_dagrun for example_kubernetes_executor to None, run_after=None
[2025-03-04T20:20:07.278+0000] {processor.py:183} INFO - Processing /home/airflow/.local/lib/python3.8/site-packages/airflow/example_dags/example_kubernetes_executor.py took 1.278 seconds
[2025-03-04T20:20:37.615+0000] {processor.py:161} INFO - Started process (PID=209) to work on /home/airflow/.local/lib/python3.8/site-packages/airflow/example_dags/example_kubernetes_executor.py
[2025-03-04T20:20:37.616+0000] {processor.py:830} INFO - Processing file /home/airflow/.local/lib/python3.8/site-packages/airflow/example_dags/example_kubernetes_executor.py for tasks to queue
[2025-03-04T20:20:37.618+0000] {logging_mixin.py:188} INFO - [2025-03-04T20:20:37.618+0000] {dagbag.py:540} INFO - Filling up the DagBag from /home/airflow/.local/lib/python3.8/site-packages/airflow/example_dags/example_kubernetes_executor.py
[2025-03-04T20:20:37.636+0000] {processor.py:840} INFO - DAG(s) 'example_kubernetes_executor' retrieved from /home/airflow/.local/lib/python3.8/site-packages/airflow/example_dags/example_kubernetes_executor.py
[2025-03-04T20:20:37.680+0000] {logging_mixin.py:188} INFO - [2025-03-04T20:20:37.680+0000] {dag.py:3047} INFO - Sync 1 DAGs
[2025-03-04T20:20:37.696+0000] {logging_mixin.py:188} INFO - [2025-03-04T20:20:37.696+0000] {dag.py:3834} INFO - Setting next_dagrun for example_kubernetes_executor to None, run_after=None
[2025-03-04T20:20:37.723+0000] {processor.py:183} INFO - Processing /home/airflow/.local/lib/python3.8/site-packages/airflow/example_dags/example_kubernetes_executor.py took 0.112 seconds
[2025-03-04T20:21:08.060+0000] {processor.py:161} INFO - Started process (PID=264) to work on /home/airflow/.local/lib/python3.8/site-packages/airflow/example_dags/example_kubernetes_executor.py
[2025-03-04T20:21:08.062+0000] {processor.py:830} INFO - Processing file /home/airflow/.local/lib/python3.8/site-packages/airflow/example_dags/example_kubernetes_executor.py for tasks to queue
[2025-03-04T20:21:08.064+0000] {logging_mixin.py:188} INFO - [2025-03-04T20:21:08.064+0000] {dagbag.py:540} INFO - Filling up the DagBag from /home/airflow/.local/lib/python3.8/site-packages/airflow/example_dags/example_kubernetes_executor.py
[2025-03-04T20:21:08.082+0000] {processor.py:840} INFO - DAG(s) 'example_kubernetes_executor' retrieved from /home/airflow/.local/lib/python3.8/site-packages/airflow/example_dags/example_kubernetes_executor.py
[2025-03-04T20:21:08.127+0000] {logging_mixin.py:188} INFO - [2025-03-04T20:21:08.126+0000] {dag.py:3047} INFO - Sync 1 DAGs
[2025-03-04T20:21:08.141+0000] {logging_mixin.py:188} INFO - [2025-03-04T20:21:08.141+0000] {dag.py:3834} INFO - Setting next_dagrun for example_kubernetes_executor to None, run_after=None
[2025-03-04T20:21:08.171+0000] {processor.py:183} INFO - Processing /home/airflow/.local/lib/python3.8/site-packages/airflow/example_dags/example_kubernetes_executor.py took 0.114 seconds
