[2025-03-04T20:19:18.582+0000] {processor.py:161} INFO - Started process (PID=73) to work on /home/airflow/.local/lib/python3.8/site-packages/airflow/example_dags/example_trigger_target_dag.py
[2025-03-04T20:19:18.593+0000] {processor.py:830} INFO - Processing file /home/airflow/.local/lib/python3.8/site-packages/airflow/example_dags/example_trigger_target_dag.py for tasks to queue
[2025-03-04T20:19:18.601+0000] {logging_mixin.py:188} INFO - [2025-03-04T20:19:18.600+0000] {dagbag.py:540} INFO - Filling up the DagBag from /home/airflow/.local/lib/python3.8/site-packages/airflow/example_dags/example_trigger_target_dag.py
[2025-03-04T20:19:18.661+0000] {processor.py:840} INFO - DAG(s) 'example_trigger_target_dag' retrieved from /home/airflow/.local/lib/python3.8/site-packages/airflow/example_dags/example_trigger_target_dag.py
[2025-03-04T20:19:20.255+0000] {logging_mixin.py:188} INFO - [2025-03-04T20:19:20.255+0000] {dag.py:3047} INFO - Sync 1 DAGs
[2025-03-04T20:19:21.376+0000] {logging_mixin.py:188} INFO - [2025-03-04T20:19:21.371+0000] {dag.py:3069} INFO - Creating ORM DAG for example_trigger_target_dag
[2025-03-04T20:19:21.424+0000] {logging_mixin.py:188} INFO - [2025-03-04T20:19:21.424+0000] {dag.py:3834} INFO - Setting next_dagrun for example_trigger_target_dag to None, run_after=None
[2025-03-04T20:19:21.809+0000] {processor.py:183} INFO - Processing /home/airflow/.local/lib/python3.8/site-packages/airflow/example_dags/example_trigger_target_dag.py took 3.254 seconds
[2025-03-04T20:19:55.895+0000] {processor.py:161} INFO - Started process (PID=128) to work on /home/airflow/.local/lib/python3.8/site-packages/airflow/example_dags/example_trigger_target_dag.py
[2025-03-04T20:19:55.899+0000] {processor.py:830} INFO - Processing file /home/airflow/.local/lib/python3.8/site-packages/airflow/example_dags/example_trigger_target_dag.py for tasks to queue
[2025-03-04T20:19:55.904+0000] {logging_mixin.py:188} INFO - [2025-03-04T20:19:55.904+0000] {dagbag.py:540} INFO - Filling up the DagBag from /home/airflow/.local/lib/python3.8/site-packages/airflow/example_dags/example_trigger_target_dag.py
[2025-03-04T20:19:55.931+0000] {processor.py:840} INFO - DAG(s) 'example_trigger_target_dag' retrieved from /home/airflow/.local/lib/python3.8/site-packages/airflow/example_dags/example_trigger_target_dag.py
[2025-03-04T20:19:56.803+0000] {logging_mixin.py:188} INFO - [2025-03-04T20:19:56.803+0000] {dag.py:3047} INFO - Sync 1 DAGs
[2025-03-04T20:19:56.844+0000] {logging_mixin.py:188} INFO - [2025-03-04T20:19:56.844+0000] {dag.py:3834} INFO - Setting next_dagrun for example_trigger_target_dag to None, run_after=None
[2025-03-04T20:19:56.942+0000] {processor.py:183} INFO - Processing /home/airflow/.local/lib/python3.8/site-packages/airflow/example_dags/example_trigger_target_dag.py took 1.058 seconds
[2025-03-04T20:20:27.021+0000] {processor.py:161} INFO - Started process (PID=181) to work on /home/airflow/.local/lib/python3.8/site-packages/airflow/example_dags/example_trigger_target_dag.py
[2025-03-04T20:20:27.022+0000] {processor.py:830} INFO - Processing file /home/airflow/.local/lib/python3.8/site-packages/airflow/example_dags/example_trigger_target_dag.py for tasks to queue
[2025-03-04T20:20:27.024+0000] {logging_mixin.py:188} INFO - [2025-03-04T20:20:27.024+0000] {dagbag.py:540} INFO - Filling up the DagBag from /home/airflow/.local/lib/python3.8/site-packages/airflow/example_dags/example_trigger_target_dag.py
[2025-03-04T20:20:27.032+0000] {processor.py:840} INFO - DAG(s) 'example_trigger_target_dag' retrieved from /home/airflow/.local/lib/python3.8/site-packages/airflow/example_dags/example_trigger_target_dag.py
[2025-03-04T20:20:27.055+0000] {logging_mixin.py:188} INFO - [2025-03-04T20:20:27.055+0000] {dag.py:3047} INFO - Sync 1 DAGs
[2025-03-04T20:20:27.074+0000] {logging_mixin.py:188} INFO - [2025-03-04T20:20:27.074+0000] {dag.py:3834} INFO - Setting next_dagrun for example_trigger_target_dag to None, run_after=None
[2025-03-04T20:20:27.100+0000] {processor.py:183} INFO - Processing /home/airflow/.local/lib/python3.8/site-packages/airflow/example_dags/example_trigger_target_dag.py took 0.082 seconds
[2025-03-04T20:20:57.236+0000] {processor.py:161} INFO - Started process (PID=236) to work on /home/airflow/.local/lib/python3.8/site-packages/airflow/example_dags/example_trigger_target_dag.py
[2025-03-04T20:20:57.238+0000] {processor.py:830} INFO - Processing file /home/airflow/.local/lib/python3.8/site-packages/airflow/example_dags/example_trigger_target_dag.py for tasks to queue
[2025-03-04T20:20:57.241+0000] {logging_mixin.py:188} INFO - [2025-03-04T20:20:57.241+0000] {dagbag.py:540} INFO - Filling up the DagBag from /home/airflow/.local/lib/python3.8/site-packages/airflow/example_dags/example_trigger_target_dag.py
[2025-03-04T20:20:57.250+0000] {processor.py:840} INFO - DAG(s) 'example_trigger_target_dag' retrieved from /home/airflow/.local/lib/python3.8/site-packages/airflow/example_dags/example_trigger_target_dag.py
[2025-03-04T20:20:57.290+0000] {logging_mixin.py:188} INFO - [2025-03-04T20:20:57.290+0000] {dag.py:3047} INFO - Sync 1 DAGs
[2025-03-04T20:20:57.314+0000] {logging_mixin.py:188} INFO - [2025-03-04T20:20:57.313+0000] {dag.py:3834} INFO - Setting next_dagrun for example_trigger_target_dag to None, run_after=None
[2025-03-04T20:20:57.385+0000] {processor.py:183} INFO - Processing /home/airflow/.local/lib/python3.8/site-packages/airflow/example_dags/example_trigger_target_dag.py took 0.154 seconds
