[2025-03-04T20:19:40.589+0000] {processor.py:161} INFO - Started process (PID=109) to work on /home/airflow/.local/lib/python3.8/site-packages/airflow/example_dags/example_branch_day_of_week_operator.py
[2025-03-04T20:19:40.598+0000] {processor.py:830} INFO - Processing file /home/airflow/.local/lib/python3.8/site-packages/airflow/example_dags/example_branch_day_of_week_operator.py for tasks to queue
[2025-03-04T20:19:40.610+0000] {logging_mixin.py:188} INFO - [2025-03-04T20:19:40.607+0000] {dagbag.py:540} INFO - Filling up the DagBag from /home/airflow/.local/lib/python3.8/site-packages/airflow/example_dags/example_branch_day_of_week_operator.py
[2025-03-04T20:19:40.778+0000] {processor.py:840} INFO - DAG(s) 'example_weekday_branch_operator' retrieved from /home/airflow/.local/lib/python3.8/site-packages/airflow/example_dags/example_branch_day_of_week_operator.py
[2025-03-04T20:19:41.093+0000] {logging_mixin.py:188} INFO - [2025-03-04T20:19:41.092+0000] {dag.py:3047} INFO - Sync 1 DAGs
[2025-03-04T20:19:41.288+0000] {logging_mixin.py:188} INFO - [2025-03-04T20:19:41.288+0000] {dag.py:3069} INFO - Creating ORM DAG for example_weekday_branch_operator
[2025-03-04T20:19:41.338+0000] {logging_mixin.py:188} INFO - [2025-03-04T20:19:41.338+0000] {dag.py:3834} INFO - Setting next_dagrun for example_weekday_branch_operator to 2025-03-03 00:00:00+00:00, run_after=2025-03-04 00:00:00+00:00
[2025-03-04T20:19:41.475+0000] {processor.py:183} INFO - Processing /home/airflow/.local/lib/python3.8/site-packages/airflow/example_dags/example_branch_day_of_week_operator.py took 0.895 seconds
[2025-03-04T20:20:12.056+0000] {processor.py:161} INFO - Started process (PID=164) to work on /home/airflow/.local/lib/python3.8/site-packages/airflow/example_dags/example_branch_day_of_week_operator.py
[2025-03-04T20:20:12.059+0000] {processor.py:830} INFO - Processing file /home/airflow/.local/lib/python3.8/site-packages/airflow/example_dags/example_branch_day_of_week_operator.py for tasks to queue
[2025-03-04T20:20:12.062+0000] {logging_mixin.py:188} INFO - [2025-03-04T20:20:12.061+0000] {dagbag.py:540} INFO - Filling up the DagBag from /home/airflow/.local/lib/python3.8/site-packages/airflow/example_dags/example_branch_day_of_week_operator.py
[2025-03-04T20:20:12.073+0000] {processor.py:840} INFO - DAG(s) 'example_weekday_branch_operator' retrieved from /home/airflow/.local/lib/python3.8/site-packages/airflow/example_dags/example_branch_day_of_week_operator.py
[2025-03-04T20:20:12.203+0000] {logging_mixin.py:188} INFO - [2025-03-04T20:20:12.203+0000] {dag.py:3047} INFO - Sync 1 DAGs
[2025-03-04T20:20:12.235+0000] {logging_mixin.py:188} INFO - [2025-03-04T20:20:12.235+0000] {dag.py:3834} INFO - Setting next_dagrun for example_weekday_branch_operator to 2025-03-03 00:00:00+00:00, run_after=2025-03-04 00:00:00+00:00
[2025-03-04T20:20:12.462+0000] {processor.py:183} INFO - Processing /home/airflow/.local/lib/python3.8/site-packages/airflow/example_dags/example_branch_day_of_week_operator.py took 0.409 seconds
[2025-03-04T20:20:42.639+0000] {processor.py:161} INFO - Started process (PID=219) to work on /home/airflow/.local/lib/python3.8/site-packages/airflow/example_dags/example_branch_day_of_week_operator.py
[2025-03-04T20:20:42.640+0000] {processor.py:830} INFO - Processing file /home/airflow/.local/lib/python3.8/site-packages/airflow/example_dags/example_branch_day_of_week_operator.py for tasks to queue
[2025-03-04T20:20:42.643+0000] {logging_mixin.py:188} INFO - [2025-03-04T20:20:42.643+0000] {dagbag.py:540} INFO - Filling up the DagBag from /home/airflow/.local/lib/python3.8/site-packages/airflow/example_dags/example_branch_day_of_week_operator.py
[2025-03-04T20:20:42.655+0000] {processor.py:840} INFO - DAG(s) 'example_weekday_branch_operator' retrieved from /home/airflow/.local/lib/python3.8/site-packages/airflow/example_dags/example_branch_day_of_week_operator.py
[2025-03-04T20:20:42.692+0000] {logging_mixin.py:188} INFO - [2025-03-04T20:20:42.692+0000] {dag.py:3047} INFO - Sync 1 DAGs
[2025-03-04T20:20:42.723+0000] {logging_mixin.py:188} INFO - [2025-03-04T20:20:42.723+0000] {dag.py:3834} INFO - Setting next_dagrun for example_weekday_branch_operator to 2025-03-03 00:00:00+00:00, run_after=2025-03-04 00:00:00+00:00
[2025-03-04T20:20:42.957+0000] {processor.py:183} INFO - Processing /home/airflow/.local/lib/python3.8/site-packages/airflow/example_dags/example_branch_day_of_week_operator.py took 0.324 seconds
