[2025-03-04T20:19:23.941+0000] {processor.py:161} INFO - Started process (PID=82) to work on /home/airflow/.local/lib/python3.8/site-packages/airflow/example_dags/example_dag_decorator.py
[2025-03-04T20:19:23.943+0000] {processor.py:830} INFO - Processing file /home/airflow/.local/lib/python3.8/site-packages/airflow/example_dags/example_dag_decorator.py for tasks to queue
[2025-03-04T20:19:23.950+0000] {logging_mixin.py:188} INFO - [2025-03-04T20:19:23.949+0000] {dagbag.py:540} INFO - Filling up the DagBag from /home/airflow/.local/lib/python3.8/site-packages/airflow/example_dags/example_dag_decorator.py
[2025-03-04T20:19:24.806+0000] {processor.py:840} INFO - DAG(s) 'example_dag_decorator' retrieved from /home/airflow/.local/lib/python3.8/site-packages/airflow/example_dags/example_dag_decorator.py
[2025-03-04T20:19:24.892+0000] {logging_mixin.py:188} INFO - [2025-03-04T20:19:24.890+0000] {dag.py:3047} INFO - Sync 1 DAGs
[2025-03-04T20:19:25.024+0000] {logging_mixin.py:188} INFO - [2025-03-04T20:19:25.023+0000] {dag.py:3069} INFO - Creating ORM DAG for example_dag_decorator
[2025-03-04T20:19:25.038+0000] {logging_mixin.py:188} INFO - [2025-03-04T20:19:25.037+0000] {dag.py:3834} INFO - Setting next_dagrun for example_dag_decorator to None, run_after=None
[2025-03-04T20:19:25.236+0000] {processor.py:183} INFO - Processing /home/airflow/.local/lib/python3.8/site-packages/airflow/example_dags/example_dag_decorator.py took 1.306 seconds
[2025-03-04T20:20:00.778+0000] {processor.py:161} INFO - Started process (PID=137) to work on /home/airflow/.local/lib/python3.8/site-packages/airflow/example_dags/example_dag_decorator.py
[2025-03-04T20:20:00.783+0000] {processor.py:830} INFO - Processing file /home/airflow/.local/lib/python3.8/site-packages/airflow/example_dags/example_dag_decorator.py for tasks to queue
[2025-03-04T20:20:00.790+0000] {logging_mixin.py:188} INFO - [2025-03-04T20:20:00.789+0000] {dagbag.py:540} INFO - Filling up the DagBag from /home/airflow/.local/lib/python3.8/site-packages/airflow/example_dags/example_dag_decorator.py
[2025-03-04T20:20:01.083+0000] {processor.py:840} INFO - DAG(s) 'example_dag_decorator' retrieved from /home/airflow/.local/lib/python3.8/site-packages/airflow/example_dags/example_dag_decorator.py
[2025-03-04T20:20:01.350+0000] {logging_mixin.py:188} INFO - [2025-03-04T20:20:01.349+0000] {dag.py:3047} INFO - Sync 1 DAGs
[2025-03-04T20:20:01.375+0000] {logging_mixin.py:188} INFO - [2025-03-04T20:20:01.374+0000] {dag.py:3834} INFO - Setting next_dagrun for example_dag_decorator to None, run_after=None
[2025-03-04T20:20:01.425+0000] {processor.py:183} INFO - Processing /home/airflow/.local/lib/python3.8/site-packages/airflow/example_dags/example_dag_decorator.py took 0.659 seconds
[2025-03-04T20:20:31.964+0000] {processor.py:161} INFO - Started process (PID=192) to work on /home/airflow/.local/lib/python3.8/site-packages/airflow/example_dags/example_dag_decorator.py
[2025-03-04T20:20:31.966+0000] {processor.py:830} INFO - Processing file /home/airflow/.local/lib/python3.8/site-packages/airflow/example_dags/example_dag_decorator.py for tasks to queue
[2025-03-04T20:20:31.974+0000] {logging_mixin.py:188} INFO - [2025-03-04T20:20:31.973+0000] {dagbag.py:540} INFO - Filling up the DagBag from /home/airflow/.local/lib/python3.8/site-packages/airflow/example_dags/example_dag_decorator.py
[2025-03-04T20:20:32.356+0000] {processor.py:840} INFO - DAG(s) 'example_dag_decorator' retrieved from /home/airflow/.local/lib/python3.8/site-packages/airflow/example_dags/example_dag_decorator.py
[2025-03-04T20:20:32.588+0000] {logging_mixin.py:188} INFO - [2025-03-04T20:20:32.587+0000] {dag.py:3047} INFO - Sync 1 DAGs
[2025-03-04T20:20:32.614+0000] {logging_mixin.py:188} INFO - [2025-03-04T20:20:32.613+0000] {dag.py:3834} INFO - Setting next_dagrun for example_dag_decorator to None, run_after=None
[2025-03-04T20:20:32.686+0000] {processor.py:183} INFO - Processing /home/airflow/.local/lib/python3.8/site-packages/airflow/example_dags/example_dag_decorator.py took 0.728 seconds
[2025-03-04T20:21:02.762+0000] {processor.py:161} INFO - Started process (PID=248) to work on /home/airflow/.local/lib/python3.8/site-packages/airflow/example_dags/example_dag_decorator.py
[2025-03-04T20:21:02.766+0000] {processor.py:830} INFO - Processing file /home/airflow/.local/lib/python3.8/site-packages/airflow/example_dags/example_dag_decorator.py for tasks to queue
[2025-03-04T20:21:02.770+0000] {logging_mixin.py:188} INFO - [2025-03-04T20:21:02.769+0000] {dagbag.py:540} INFO - Filling up the DagBag from /home/airflow/.local/lib/python3.8/site-packages/airflow/example_dags/example_dag_decorator.py
[2025-03-04T20:21:02.922+0000] {processor.py:840} INFO - DAG(s) 'example_dag_decorator' retrieved from /home/airflow/.local/lib/python3.8/site-packages/airflow/example_dags/example_dag_decorator.py
[2025-03-04T20:21:03.112+0000] {logging_mixin.py:188} INFO - [2025-03-04T20:21:03.111+0000] {dag.py:3047} INFO - Sync 1 DAGs
[2025-03-04T20:21:03.124+0000] {logging_mixin.py:188} INFO - [2025-03-04T20:21:03.124+0000] {dag.py:3834} INFO - Setting next_dagrun for example_dag_decorator to None, run_after=None
[2025-03-04T20:21:03.149+0000] {processor.py:183} INFO - Processing /home/airflow/.local/lib/python3.8/site-packages/airflow/example_dags/example_dag_decorator.py took 0.394 seconds
