[2025-03-04T20:19:32.569+0000] {processor.py:161} INFO - Started process (PID=100) to work on /home/airflow/.local/lib/python3.8/site-packages/airflow/example_dags/example_branch_operator_decorator.py
[2025-03-04T20:19:32.577+0000] {processor.py:830} INFO - Processing file /home/airflow/.local/lib/python3.8/site-packages/airflow/example_dags/example_branch_operator_decorator.py for tasks to queue
[2025-03-04T20:19:32.606+0000] {logging_mixin.py:188} INFO - [2025-03-04T20:19:32.602+0000] {dagbag.py:540} INFO - Filling up the DagBag from /home/airflow/.local/lib/python3.8/site-packages/airflow/example_dags/example_branch_operator_decorator.py
[2025-03-04T20:19:32.937+0000] {processor.py:840} INFO - DAG(s) 'example_branch_python_operator_decorator' retrieved from /home/airflow/.local/lib/python3.8/site-packages/airflow/example_dags/example_branch_operator_decorator.py
[2025-03-04T20:19:33.025+0000] {logging_mixin.py:188} INFO - [2025-03-04T20:19:33.024+0000] {dag.py:3047} INFO - Sync 1 DAGs
[2025-03-04T20:19:33.237+0000] {logging_mixin.py:188} INFO - [2025-03-04T20:19:33.236+0000] {dag.py:3069} INFO - Creating ORM DAG for example_branch_python_operator_decorator
[2025-03-04T20:19:33.344+0000] {logging_mixin.py:188} INFO - [2025-03-04T20:19:33.343+0000] {dag.py:3834} INFO - Setting next_dagrun for example_branch_python_operator_decorator to 2025-03-03 00:00:00+00:00, run_after=2025-03-04 00:00:00+00:00
[2025-03-04T20:19:33.693+0000] {processor.py:183} INFO - Processing /home/airflow/.local/lib/python3.8/site-packages/airflow/example_dags/example_branch_operator_decorator.py took 1.137 seconds
[2025-03-04T20:20:06.633+0000] {processor.py:161} INFO - Started process (PID=155) to work on /home/airflow/.local/lib/python3.8/site-packages/airflow/example_dags/example_branch_operator_decorator.py
[2025-03-04T20:20:06.638+0000] {processor.py:830} INFO - Processing file /home/airflow/.local/lib/python3.8/site-packages/airflow/example_dags/example_branch_operator_decorator.py for tasks to queue
[2025-03-04T20:20:06.643+0000] {logging_mixin.py:188} INFO - [2025-03-04T20:20:06.642+0000] {dagbag.py:540} INFO - Filling up the DagBag from /home/airflow/.local/lib/python3.8/site-packages/airflow/example_dags/example_branch_operator_decorator.py
[2025-03-04T20:20:06.686+0000] {processor.py:840} INFO - DAG(s) 'example_branch_python_operator_decorator' retrieved from /home/airflow/.local/lib/python3.8/site-packages/airflow/example_dags/example_branch_operator_decorator.py
[2025-03-04T20:20:06.835+0000] {logging_mixin.py:188} INFO - [2025-03-04T20:20:06.834+0000] {dag.py:3047} INFO - Sync 1 DAGs
[2025-03-04T20:20:06.866+0000] {logging_mixin.py:188} INFO - [2025-03-04T20:20:06.865+0000] {dag.py:3834} INFO - Setting next_dagrun for example_branch_python_operator_decorator to 2025-03-03 00:00:00+00:00, run_after=2025-03-04 00:00:00+00:00
[2025-03-04T20:20:07.724+0000] {processor.py:183} INFO - Processing /home/airflow/.local/lib/python3.8/site-packages/airflow/example_dags/example_branch_operator_decorator.py took 1.100 seconds
[2025-03-04T20:20:37.757+0000] {processor.py:161} INFO - Started process (PID=210) to work on /home/airflow/.local/lib/python3.8/site-packages/airflow/example_dags/example_branch_operator_decorator.py
[2025-03-04T20:20:37.759+0000] {processor.py:830} INFO - Processing file /home/airflow/.local/lib/python3.8/site-packages/airflow/example_dags/example_branch_operator_decorator.py for tasks to queue
[2025-03-04T20:20:37.761+0000] {logging_mixin.py:188} INFO - [2025-03-04T20:20:37.761+0000] {dagbag.py:540} INFO - Filling up the DagBag from /home/airflow/.local/lib/python3.8/site-packages/airflow/example_dags/example_branch_operator_decorator.py
[2025-03-04T20:20:37.793+0000] {processor.py:840} INFO - DAG(s) 'example_branch_python_operator_decorator' retrieved from /home/airflow/.local/lib/python3.8/site-packages/airflow/example_dags/example_branch_operator_decorator.py
[2025-03-04T20:20:37.831+0000] {logging_mixin.py:188} INFO - [2025-03-04T20:20:37.831+0000] {dag.py:3047} INFO - Sync 1 DAGs
[2025-03-04T20:20:37.860+0000] {logging_mixin.py:188} INFO - [2025-03-04T20:20:37.860+0000] {dag.py:3834} INFO - Setting next_dagrun for example_branch_python_operator_decorator to 2025-03-03 00:00:00+00:00, run_after=2025-03-04 00:00:00+00:00
[2025-03-04T20:20:37.883+0000] {processor.py:183} INFO - Processing /home/airflow/.local/lib/python3.8/site-packages/airflow/example_dags/example_branch_operator_decorator.py took 0.131 seconds
[2025-03-04T20:21:08.061+0000] {processor.py:161} INFO - Started process (PID=265) to work on /home/airflow/.local/lib/python3.8/site-packages/airflow/example_dags/example_branch_operator_decorator.py
[2025-03-04T20:21:08.062+0000] {processor.py:830} INFO - Processing file /home/airflow/.local/lib/python3.8/site-packages/airflow/example_dags/example_branch_operator_decorator.py for tasks to queue
[2025-03-04T20:21:08.064+0000] {logging_mixin.py:188} INFO - [2025-03-04T20:21:08.064+0000] {dagbag.py:540} INFO - Filling up the DagBag from /home/airflow/.local/lib/python3.8/site-packages/airflow/example_dags/example_branch_operator_decorator.py
[2025-03-04T20:21:08.089+0000] {processor.py:840} INFO - DAG(s) 'example_branch_python_operator_decorator' retrieved from /home/airflow/.local/lib/python3.8/site-packages/airflow/example_dags/example_branch_operator_decorator.py
[2025-03-04T20:21:08.123+0000] {logging_mixin.py:188} INFO - [2025-03-04T20:21:08.123+0000] {dag.py:3047} INFO - Sync 1 DAGs
[2025-03-04T20:21:08.150+0000] {logging_mixin.py:188} INFO - [2025-03-04T20:21:08.150+0000] {dag.py:3834} INFO - Setting next_dagrun for example_branch_python_operator_decorator to 2025-03-03 00:00:00+00:00, run_after=2025-03-04 00:00:00+00:00
[2025-03-04T20:21:08.177+0000] {processor.py:183} INFO - Processing /home/airflow/.local/lib/python3.8/site-packages/airflow/example_dags/example_branch_operator_decorator.py took 0.120 seconds
