[2025-03-04T20:19:30.141+0000] {processor.py:161} INFO - Started process (PID=95) to work on /home/airflow/.local/lib/python3.8/site-packages/airflow/example_dags/example_local_kubernetes_executor.py
[2025-03-04T20:19:30.160+0000] {processor.py:830} INFO - Processing file /home/airflow/.local/lib/python3.8/site-packages/airflow/example_dags/example_local_kubernetes_executor.py for tasks to queue
[2025-03-04T20:19:30.209+0000] {logging_mixin.py:188} INFO - [2025-03-04T20:19:30.207+0000] {dagbag.py:540} INFO - Filling up the DagBag from /home/airflow/.local/lib/python3.8/site-packages/airflow/example_dags/example_local_kubernetes_executor.py
[2025-03-04T20:19:30.264+0000] {processor.py:840} INFO - DAG(s) 'example_local_kubernetes_executor' retrieved from /home/airflow/.local/lib/python3.8/site-packages/airflow/example_dags/example_local_kubernetes_executor.py
[2025-03-04T20:19:30.328+0000] {logging_mixin.py:188} INFO - [2025-03-04T20:19:30.327+0000] {dag.py:3047} INFO - Sync 1 DAGs
[2025-03-04T20:19:30.414+0000] {logging_mixin.py:188} INFO - [2025-03-04T20:19:30.408+0000] {dag.py:3069} INFO - Creating ORM DAG for example_local_kubernetes_executor
[2025-03-04T20:19:30.424+0000] {logging_mixin.py:188} INFO - [2025-03-04T20:19:30.423+0000] {dag.py:3834} INFO - Setting next_dagrun for example_local_kubernetes_executor to None, run_after=None
[2025-03-04T20:19:30.574+0000] {processor.py:183} INFO - Processing /home/airflow/.local/lib/python3.8/site-packages/airflow/example_dags/example_local_kubernetes_executor.py took 0.531 seconds
[2025-03-04T20:20:04.592+0000] {processor.py:161} INFO - Started process (PID=150) to work on /home/airflow/.local/lib/python3.8/site-packages/airflow/example_dags/example_local_kubernetes_executor.py
[2025-03-04T20:20:04.601+0000] {processor.py:830} INFO - Processing file /home/airflow/.local/lib/python3.8/site-packages/airflow/example_dags/example_local_kubernetes_executor.py for tasks to queue
[2025-03-04T20:20:04.606+0000] {logging_mixin.py:188} INFO - [2025-03-04T20:20:04.605+0000] {dagbag.py:540} INFO - Filling up the DagBag from /home/airflow/.local/lib/python3.8/site-packages/airflow/example_dags/example_local_kubernetes_executor.py
[2025-03-04T20:20:04.675+0000] {processor.py:840} INFO - DAG(s) 'example_local_kubernetes_executor' retrieved from /home/airflow/.local/lib/python3.8/site-packages/airflow/example_dags/example_local_kubernetes_executor.py
[2025-03-04T20:20:05.252+0000] {logging_mixin.py:188} INFO - [2025-03-04T20:20:05.252+0000] {dag.py:3047} INFO - Sync 1 DAGs
[2025-03-04T20:20:05.285+0000] {logging_mixin.py:188} INFO - [2025-03-04T20:20:05.284+0000] {dag.py:3834} INFO - Setting next_dagrun for example_local_kubernetes_executor to None, run_after=None
[2025-03-04T20:20:05.379+0000] {processor.py:183} INFO - Processing /home/airflow/.local/lib/python3.8/site-packages/airflow/example_dags/example_local_kubernetes_executor.py took 0.793 seconds
[2025-03-04T20:20:35.461+0000] {processor.py:161} INFO - Started process (PID=205) to work on /home/airflow/.local/lib/python3.8/site-packages/airflow/example_dags/example_local_kubernetes_executor.py
[2025-03-04T20:20:35.462+0000] {processor.py:830} INFO - Processing file /home/airflow/.local/lib/python3.8/site-packages/airflow/example_dags/example_local_kubernetes_executor.py for tasks to queue
[2025-03-04T20:20:35.465+0000] {logging_mixin.py:188} INFO - [2025-03-04T20:20:35.464+0000] {dagbag.py:540} INFO - Filling up the DagBag from /home/airflow/.local/lib/python3.8/site-packages/airflow/example_dags/example_local_kubernetes_executor.py
[2025-03-04T20:20:35.476+0000] {processor.py:840} INFO - DAG(s) 'example_local_kubernetes_executor' retrieved from /home/airflow/.local/lib/python3.8/site-packages/airflow/example_dags/example_local_kubernetes_executor.py
[2025-03-04T20:20:35.522+0000] {logging_mixin.py:188} INFO - [2025-03-04T20:20:35.522+0000] {dag.py:3047} INFO - Sync 1 DAGs
[2025-03-04T20:20:35.541+0000] {logging_mixin.py:188} INFO - [2025-03-04T20:20:35.541+0000] {dag.py:3834} INFO - Setting next_dagrun for example_local_kubernetes_executor to None, run_after=None
[2025-03-04T20:20:35.571+0000] {processor.py:183} INFO - Processing /home/airflow/.local/lib/python3.8/site-packages/airflow/example_dags/example_local_kubernetes_executor.py took 0.116 seconds
[2025-03-04T20:21:05.787+0000] {processor.py:161} INFO - Started process (PID=260) to work on /home/airflow/.local/lib/python3.8/site-packages/airflow/example_dags/example_local_kubernetes_executor.py
[2025-03-04T20:21:05.789+0000] {processor.py:830} INFO - Processing file /home/airflow/.local/lib/python3.8/site-packages/airflow/example_dags/example_local_kubernetes_executor.py for tasks to queue
[2025-03-04T20:21:05.794+0000] {logging_mixin.py:188} INFO - [2025-03-04T20:21:05.793+0000] {dagbag.py:540} INFO - Filling up the DagBag from /home/airflow/.local/lib/python3.8/site-packages/airflow/example_dags/example_local_kubernetes_executor.py
[2025-03-04T20:21:05.806+0000] {processor.py:840} INFO - DAG(s) 'example_local_kubernetes_executor' retrieved from /home/airflow/.local/lib/python3.8/site-packages/airflow/example_dags/example_local_kubernetes_executor.py
[2025-03-04T20:21:05.853+0000] {logging_mixin.py:188} INFO - [2025-03-04T20:21:05.852+0000] {dag.py:3047} INFO - Sync 1 DAGs
[2025-03-04T20:21:05.870+0000] {logging_mixin.py:188} INFO - [2025-03-04T20:21:05.870+0000] {dag.py:3834} INFO - Setting next_dagrun for example_local_kubernetes_executor to None, run_after=None
[2025-03-04T20:21:05.905+0000] {processor.py:183} INFO - Processing /home/airflow/.local/lib/python3.8/site-packages/airflow/example_dags/example_local_kubernetes_executor.py took 0.125 seconds
