[2025-03-04T20:19:35.819+0000] {processor.py:161} INFO - Started process (PID=104) to work on /home/airflow/.local/lib/python3.8/site-packages/airflow/example_dags/example_external_task_marker_dag.py
[2025-03-04T20:19:35.823+0000] {processor.py:830} INFO - Processing file /home/airflow/.local/lib/python3.8/site-packages/airflow/example_dags/example_external_task_marker_dag.py for tasks to queue
[2025-03-04T20:19:35.838+0000] {logging_mixin.py:188} INFO - [2025-03-04T20:19:35.836+0000] {dagbag.py:540} INFO - Filling up the DagBag from /home/airflow/.local/lib/python3.8/site-packages/airflow/example_dags/example_external_task_marker_dag.py
[2025-03-04T20:19:35.936+0000] {processor.py:840} INFO - DAG(s) 'example_external_task_marker_child', 'example_external_task_marker_parent' retrieved from /home/airflow/.local/lib/python3.8/site-packages/airflow/example_dags/example_external_task_marker_dag.py
[2025-03-04T20:19:36.068+0000] {logging_mixin.py:188} INFO - [2025-03-04T20:19:36.068+0000] {dag.py:3047} INFO - Sync 2 DAGs
[2025-03-04T20:19:36.202+0000] {logging_mixin.py:188} INFO - [2025-03-04T20:19:36.201+0000] {dag.py:3069} INFO - Creating ORM DAG for example_external_task_marker_parent
[2025-03-04T20:19:36.205+0000] {logging_mixin.py:188} INFO - [2025-03-04T20:19:36.204+0000] {dag.py:3069} INFO - Creating ORM DAG for example_external_task_marker_child
[2025-03-04T20:19:36.213+0000] {logging_mixin.py:188} INFO - [2025-03-04T20:19:36.213+0000] {dag.py:3834} INFO - Setting next_dagrun for example_external_task_marker_child to None, run_after=None
[2025-03-04T20:19:36.221+0000] {logging_mixin.py:188} INFO - [2025-03-04T20:19:36.220+0000] {dag.py:3834} INFO - Setting next_dagrun for example_external_task_marker_parent to None, run_after=None
[2025-03-04T20:19:36.507+0000] {processor.py:183} INFO - Processing /home/airflow/.local/lib/python3.8/site-packages/airflow/example_dags/example_external_task_marker_dag.py took 0.709 seconds
[2025-03-04T20:20:08.145+0000] {processor.py:161} INFO - Started process (PID=159) to work on /home/airflow/.local/lib/python3.8/site-packages/airflow/example_dags/example_external_task_marker_dag.py
[2025-03-04T20:20:08.147+0000] {processor.py:830} INFO - Processing file /home/airflow/.local/lib/python3.8/site-packages/airflow/example_dags/example_external_task_marker_dag.py for tasks to queue
[2025-03-04T20:20:08.149+0000] {logging_mixin.py:188} INFO - [2025-03-04T20:20:08.149+0000] {dagbag.py:540} INFO - Filling up the DagBag from /home/airflow/.local/lib/python3.8/site-packages/airflow/example_dags/example_external_task_marker_dag.py
[2025-03-04T20:20:08.160+0000] {processor.py:840} INFO - DAG(s) 'example_external_task_marker_child', 'example_external_task_marker_parent' retrieved from /home/airflow/.local/lib/python3.8/site-packages/airflow/example_dags/example_external_task_marker_dag.py
[2025-03-04T20:20:08.311+0000] {logging_mixin.py:188} INFO - [2025-03-04T20:20:08.311+0000] {dag.py:3047} INFO - Sync 2 DAGs
[2025-03-04T20:20:08.328+0000] {logging_mixin.py:188} INFO - [2025-03-04T20:20:08.328+0000] {dag.py:3834} INFO - Setting next_dagrun for example_external_task_marker_child to None, run_after=None
[2025-03-04T20:20:08.333+0000] {logging_mixin.py:188} INFO - [2025-03-04T20:20:08.332+0000] {dag.py:3834} INFO - Setting next_dagrun for example_external_task_marker_parent to None, run_after=None
[2025-03-04T20:20:08.561+0000] {processor.py:183} INFO - Processing /home/airflow/.local/lib/python3.8/site-packages/airflow/example_dags/example_external_task_marker_dag.py took 0.420 seconds
[2025-03-04T20:20:39.112+0000] {processor.py:161} INFO - Started process (PID=214) to work on /home/airflow/.local/lib/python3.8/site-packages/airflow/example_dags/example_external_task_marker_dag.py
[2025-03-04T20:20:39.114+0000] {processor.py:830} INFO - Processing file /home/airflow/.local/lib/python3.8/site-packages/airflow/example_dags/example_external_task_marker_dag.py for tasks to queue
[2025-03-04T20:20:39.117+0000] {logging_mixin.py:188} INFO - [2025-03-04T20:20:39.116+0000] {dagbag.py:540} INFO - Filling up the DagBag from /home/airflow/.local/lib/python3.8/site-packages/airflow/example_dags/example_external_task_marker_dag.py
[2025-03-04T20:20:39.128+0000] {processor.py:840} INFO - DAG(s) 'example_external_task_marker_parent', 'example_external_task_marker_child' retrieved from /home/airflow/.local/lib/python3.8/site-packages/airflow/example_dags/example_external_task_marker_dag.py
[2025-03-04T20:20:39.172+0000] {logging_mixin.py:188} INFO - [2025-03-04T20:20:39.171+0000] {dag.py:3047} INFO - Sync 2 DAGs
[2025-03-04T20:20:39.190+0000] {logging_mixin.py:188} INFO - [2025-03-04T20:20:39.189+0000] {dag.py:3834} INFO - Setting next_dagrun for example_external_task_marker_child to None, run_after=None
[2025-03-04T20:20:39.194+0000] {logging_mixin.py:188} INFO - [2025-03-04T20:20:39.194+0000] {dag.py:3834} INFO - Setting next_dagrun for example_external_task_marker_parent to None, run_after=None
[2025-03-04T20:20:39.216+0000] {processor.py:183} INFO - Processing /home/airflow/.local/lib/python3.8/site-packages/airflow/example_dags/example_external_task_marker_dag.py took 0.109 seconds
