[2025-03-04T20:19:27.796+0000] {processor.py:161} INFO - Started process (PID=88) to work on /home/airflow/.local/lib/python3.8/site-packages/airflow/example_dags/example_branch_datetime_operator.py
[2025-03-04T20:19:27.831+0000] {processor.py:830} INFO - Processing file /home/airflow/.local/lib/python3.8/site-packages/airflow/example_dags/example_branch_datetime_operator.py for tasks to queue
[2025-03-04T20:19:27.839+0000] {logging_mixin.py:188} INFO - [2025-03-04T20:19:27.838+0000] {dagbag.py:540} INFO - Filling up the DagBag from /home/airflow/.local/lib/python3.8/site-packages/airflow/example_dags/example_branch_datetime_operator.py
[2025-03-04T20:19:27.966+0000] {processor.py:840} INFO - DAG(s) 'example_branch_datetime_operator', 'example_branch_datetime_operator_3', 'example_branch_datetime_operator_2' retrieved from /home/airflow/.local/lib/python3.8/site-packages/airflow/example_dags/example_branch_datetime_operator.py
[2025-03-04T20:19:28.001+0000] {logging_mixin.py:188} INFO - [2025-03-04T20:19:28.001+0000] {dag.py:3047} INFO - Sync 3 DAGs
[2025-03-04T20:19:28.155+0000] {logging_mixin.py:188} INFO - [2025-03-04T20:19:28.154+0000] {dag.py:3069} INFO - Creating ORM DAG for example_branch_datetime_operator_2
[2025-03-04T20:19:28.170+0000] {logging_mixin.py:188} INFO - [2025-03-04T20:19:28.169+0000] {dag.py:3069} INFO - Creating ORM DAG for example_branch_datetime_operator
[2025-03-04T20:19:28.172+0000] {logging_mixin.py:188} INFO - [2025-03-04T20:19:28.171+0000] {dag.py:3069} INFO - Creating ORM DAG for example_branch_datetime_operator_3
[2025-03-04T20:19:28.253+0000] {logging_mixin.py:188} INFO - [2025-03-04T20:19:28.253+0000] {dag.py:3834} INFO - Setting next_dagrun for example_branch_datetime_operator to 2025-03-03 00:00:00+00:00, run_after=2025-03-04 00:00:00+00:00
[2025-03-04T20:19:28.260+0000] {logging_mixin.py:188} INFO - [2025-03-04T20:19:28.259+0000] {dag.py:3834} INFO - Setting next_dagrun for example_branch_datetime_operator_2 to 2025-03-03 00:00:00+00:00, run_after=2025-03-04 00:00:00+00:00
[2025-03-04T20:19:28.266+0000] {logging_mixin.py:188} INFO - [2025-03-04T20:19:28.265+0000] {dag.py:3834} INFO - Setting next_dagrun for example_branch_datetime_operator_3 to 2025-03-03 00:00:00+00:00, run_after=2025-03-04 00:00:00+00:00
[2025-03-04T20:19:28.388+0000] {processor.py:183} INFO - Processing /home/airflow/.local/lib/python3.8/site-packages/airflow/example_dags/example_branch_datetime_operator.py took 0.599 seconds
[2025-03-04T20:20:02.800+0000] {processor.py:161} INFO - Started process (PID=143) to work on /home/airflow/.local/lib/python3.8/site-packages/airflow/example_dags/example_branch_datetime_operator.py
[2025-03-04T20:20:02.803+0000] {processor.py:830} INFO - Processing file /home/airflow/.local/lib/python3.8/site-packages/airflow/example_dags/example_branch_datetime_operator.py for tasks to queue
[2025-03-04T20:20:02.807+0000] {logging_mixin.py:188} INFO - [2025-03-04T20:20:02.806+0000] {dagbag.py:540} INFO - Filling up the DagBag from /home/airflow/.local/lib/python3.8/site-packages/airflow/example_dags/example_branch_datetime_operator.py
[2025-03-04T20:20:02.831+0000] {processor.py:840} INFO - DAG(s) 'example_branch_datetime_operator', 'example_branch_datetime_operator_2', 'example_branch_datetime_operator_3' retrieved from /home/airflow/.local/lib/python3.8/site-packages/airflow/example_dags/example_branch_datetime_operator.py
[2025-03-04T20:20:03.176+0000] {logging_mixin.py:188} INFO - [2025-03-04T20:20:03.175+0000] {dag.py:3047} INFO - Sync 3 DAGs
[2025-03-04T20:20:03.327+0000] {logging_mixin.py:188} INFO - [2025-03-04T20:20:03.325+0000] {dag.py:3834} INFO - Setting next_dagrun for example_branch_datetime_operator to 2025-03-03 00:00:00+00:00, run_after=2025-03-04 00:00:00+00:00
[2025-03-04T20:20:03.343+0000] {logging_mixin.py:188} INFO - [2025-03-04T20:20:03.342+0000] {dag.py:3834} INFO - Setting next_dagrun for example_branch_datetime_operator_2 to 2025-03-03 00:00:00+00:00, run_after=2025-03-04 00:00:00+00:00
[2025-03-04T20:20:03.349+0000] {logging_mixin.py:188} INFO - [2025-03-04T20:20:03.349+0000] {dag.py:3834} INFO - Setting next_dagrun for example_branch_datetime_operator_3 to 2025-03-03 00:00:00+00:00, run_after=2025-03-04 00:00:00+00:00
[2025-03-04T20:20:03.419+0000] {processor.py:183} INFO - Processing /home/airflow/.local/lib/python3.8/site-packages/airflow/example_dags/example_branch_datetime_operator.py took 0.625 seconds
[2025-03-04T20:20:33.988+0000] {processor.py:161} INFO - Started process (PID=198) to work on /home/airflow/.local/lib/python3.8/site-packages/airflow/example_dags/example_branch_datetime_operator.py
[2025-03-04T20:20:33.989+0000] {processor.py:830} INFO - Processing file /home/airflow/.local/lib/python3.8/site-packages/airflow/example_dags/example_branch_datetime_operator.py for tasks to queue
[2025-03-04T20:20:33.992+0000] {logging_mixin.py:188} INFO - [2025-03-04T20:20:33.991+0000] {dagbag.py:540} INFO - Filling up the DagBag from /home/airflow/.local/lib/python3.8/site-packages/airflow/example_dags/example_branch_datetime_operator.py
[2025-03-04T20:20:34.005+0000] {processor.py:840} INFO - DAG(s) 'example_branch_datetime_operator_3', 'example_branch_datetime_operator_2', 'example_branch_datetime_operator' retrieved from /home/airflow/.local/lib/python3.8/site-packages/airflow/example_dags/example_branch_datetime_operator.py
[2025-03-04T20:20:34.041+0000] {logging_mixin.py:188} INFO - [2025-03-04T20:20:34.041+0000] {dag.py:3047} INFO - Sync 3 DAGs
[2025-03-04T20:20:34.072+0000] {logging_mixin.py:188} INFO - [2025-03-04T20:20:34.072+0000] {dag.py:3834} INFO - Setting next_dagrun for example_branch_datetime_operator to 2025-03-03 00:00:00+00:00, run_after=2025-03-04 00:00:00+00:00
[2025-03-04T20:20:34.079+0000] {logging_mixin.py:188} INFO - [2025-03-04T20:20:34.079+0000] {dag.py:3834} INFO - Setting next_dagrun for example_branch_datetime_operator_2 to 2025-03-03 00:00:00+00:00, run_after=2025-03-04 00:00:00+00:00
[2025-03-04T20:20:34.082+0000] {logging_mixin.py:188} INFO - [2025-03-04T20:20:34.082+0000] {dag.py:3834} INFO - Setting next_dagrun for example_branch_datetime_operator_3 to 2025-03-03 00:00:00+00:00, run_after=2025-03-04 00:00:00+00:00
[2025-03-04T20:20:34.105+0000] {processor.py:183} INFO - Processing /home/airflow/.local/lib/python3.8/site-packages/airflow/example_dags/example_branch_datetime_operator.py took 0.122 seconds
[2025-03-04T20:21:04.314+0000] {processor.py:161} INFO - Started process (PID=253) to work on /home/airflow/.local/lib/python3.8/site-packages/airflow/example_dags/example_branch_datetime_operator.py
[2025-03-04T20:21:04.316+0000] {processor.py:830} INFO - Processing file /home/airflow/.local/lib/python3.8/site-packages/airflow/example_dags/example_branch_datetime_operator.py for tasks to queue
[2025-03-04T20:21:04.318+0000] {logging_mixin.py:188} INFO - [2025-03-04T20:21:04.317+0000] {dagbag.py:540} INFO - Filling up the DagBag from /home/airflow/.local/lib/python3.8/site-packages/airflow/example_dags/example_branch_datetime_operator.py
[2025-03-04T20:21:04.330+0000] {processor.py:840} INFO - DAG(s) 'example_branch_datetime_operator_3', 'example_branch_datetime_operator', 'example_branch_datetime_operator_2' retrieved from /home/airflow/.local/lib/python3.8/site-packages/airflow/example_dags/example_branch_datetime_operator.py
[2025-03-04T20:21:04.365+0000] {logging_mixin.py:188} INFO - [2025-03-04T20:21:04.365+0000] {dag.py:3047} INFO - Sync 3 DAGs
[2025-03-04T20:21:04.397+0000] {logging_mixin.py:188} INFO - [2025-03-04T20:21:04.397+0000] {dag.py:3834} INFO - Setting next_dagrun for example_branch_datetime_operator to 2025-03-03 00:00:00+00:00, run_after=2025-03-04 00:00:00+00:00
[2025-03-04T20:21:04.403+0000] {logging_mixin.py:188} INFO - [2025-03-04T20:21:04.403+0000] {dag.py:3834} INFO - Setting next_dagrun for example_branch_datetime_operator_2 to 2025-03-03 00:00:00+00:00, run_after=2025-03-04 00:00:00+00:00
[2025-03-04T20:21:04.408+0000] {logging_mixin.py:188} INFO - [2025-03-04T20:21:04.408+0000] {dag.py:3834} INFO - Setting next_dagrun for example_branch_datetime_operator_3 to 2025-03-03 00:00:00+00:00, run_after=2025-03-04 00:00:00+00:00
[2025-03-04T20:21:04.434+0000] {processor.py:183} INFO - Processing /home/airflow/.local/lib/python3.8/site-packages/airflow/example_dags/example_branch_datetime_operator.py took 0.123 seconds
