[2025-03-04T20:19:29.443+0000] {processor.py:161} INFO - Started process (PID=93) to work on /home/airflow/.local/lib/python3.8/site-packages/airflow/example_dags/example_time_delta_sensor_async.py
[2025-03-04T20:19:29.510+0000] {processor.py:830} INFO - Processing file /home/airflow/.local/lib/python3.8/site-packages/airflow/example_dags/example_time_delta_sensor_async.py for tasks to queue
[2025-03-04T20:19:29.542+0000] {logging_mixin.py:188} INFO - [2025-03-04T20:19:29.541+0000] {dagbag.py:540} INFO - Filling up the DagBag from /home/airflow/.local/lib/python3.8/site-packages/airflow/example_dags/example_time_delta_sensor_async.py
[2025-03-04T20:19:29.574+0000] {processor.py:840} INFO - DAG(s) 'example_time_delta_sensor_async' retrieved from /home/airflow/.local/lib/python3.8/site-packages/airflow/example_dags/example_time_delta_sensor_async.py
[2025-03-04T20:19:29.622+0000] {logging_mixin.py:188} INFO - [2025-03-04T20:19:29.622+0000] {dag.py:3047} INFO - Sync 1 DAGs
[2025-03-04T20:19:29.699+0000] {logging_mixin.py:188} INFO - [2025-03-04T20:19:29.698+0000] {dag.py:3069} INFO - Creating ORM DAG for example_time_delta_sensor_async
[2025-03-04T20:19:29.703+0000] {logging_mixin.py:188} INFO - [2025-03-04T20:19:29.703+0000] {dag.py:3834} INFO - Setting next_dagrun for example_time_delta_sensor_async to None, run_after=None
[2025-03-04T20:19:29.817+0000] {processor.py:183} INFO - Processing /home/airflow/.local/lib/python3.8/site-packages/airflow/example_dags/example_time_delta_sensor_async.py took 0.389 seconds
[2025-03-04T20:20:04.137+0000] {processor.py:161} INFO - Started process (PID=148) to work on /home/airflow/.local/lib/python3.8/site-packages/airflow/example_dags/example_time_delta_sensor_async.py
[2025-03-04T20:20:04.154+0000] {processor.py:830} INFO - Processing file /home/airflow/.local/lib/python3.8/site-packages/airflow/example_dags/example_time_delta_sensor_async.py for tasks to queue
[2025-03-04T20:20:04.171+0000] {logging_mixin.py:188} INFO - [2025-03-04T20:20:04.169+0000] {dagbag.py:540} INFO - Filling up the DagBag from /home/airflow/.local/lib/python3.8/site-packages/airflow/example_dags/example_time_delta_sensor_async.py
[2025-03-04T20:20:04.186+0000] {processor.py:840} INFO - DAG(s) 'example_time_delta_sensor_async' retrieved from /home/airflow/.local/lib/python3.8/site-packages/airflow/example_dags/example_time_delta_sensor_async.py
[2025-03-04T20:20:04.450+0000] {logging_mixin.py:188} INFO - [2025-03-04T20:20:04.450+0000] {dag.py:3047} INFO - Sync 1 DAGs
[2025-03-04T20:20:04.472+0000] {logging_mixin.py:188} INFO - [2025-03-04T20:20:04.471+0000] {dag.py:3834} INFO - Setting next_dagrun for example_time_delta_sensor_async to None, run_after=None
[2025-03-04T20:20:04.533+0000] {processor.py:183} INFO - Processing /home/airflow/.local/lib/python3.8/site-packages/airflow/example_dags/example_time_delta_sensor_async.py took 0.451 seconds
[2025-03-04T20:20:35.158+0000] {processor.py:161} INFO - Started process (PID=203) to work on /home/airflow/.local/lib/python3.8/site-packages/airflow/example_dags/example_time_delta_sensor_async.py
[2025-03-04T20:20:35.160+0000] {processor.py:830} INFO - Processing file /home/airflow/.local/lib/python3.8/site-packages/airflow/example_dags/example_time_delta_sensor_async.py for tasks to queue
[2025-03-04T20:20:35.162+0000] {logging_mixin.py:188} INFO - [2025-03-04T20:20:35.162+0000] {dagbag.py:540} INFO - Filling up the DagBag from /home/airflow/.local/lib/python3.8/site-packages/airflow/example_dags/example_time_delta_sensor_async.py
[2025-03-04T20:20:35.168+0000] {processor.py:840} INFO - DAG(s) 'example_time_delta_sensor_async' retrieved from /home/airflow/.local/lib/python3.8/site-packages/airflow/example_dags/example_time_delta_sensor_async.py
[2025-03-04T20:20:35.196+0000] {logging_mixin.py:188} INFO - [2025-03-04T20:20:35.196+0000] {dag.py:3047} INFO - Sync 1 DAGs
[2025-03-04T20:20:35.215+0000] {logging_mixin.py:188} INFO - [2025-03-04T20:20:35.214+0000] {dag.py:3834} INFO - Setting next_dagrun for example_time_delta_sensor_async to None, run_after=None
[2025-03-04T20:20:35.245+0000] {processor.py:183} INFO - Processing /home/airflow/.local/lib/python3.8/site-packages/airflow/example_dags/example_time_delta_sensor_async.py took 0.092 seconds
[2025-03-04T20:21:05.639+0000] {processor.py:161} INFO - Started process (PID=258) to work on /home/airflow/.local/lib/python3.8/site-packages/airflow/example_dags/example_time_delta_sensor_async.py
[2025-03-04T20:21:05.641+0000] {processor.py:830} INFO - Processing file /home/airflow/.local/lib/python3.8/site-packages/airflow/example_dags/example_time_delta_sensor_async.py for tasks to queue
[2025-03-04T20:21:05.644+0000] {logging_mixin.py:188} INFO - [2025-03-04T20:21:05.643+0000] {dagbag.py:540} INFO - Filling up the DagBag from /home/airflow/.local/lib/python3.8/site-packages/airflow/example_dags/example_time_delta_sensor_async.py
[2025-03-04T20:21:05.649+0000] {processor.py:840} INFO - DAG(s) 'example_time_delta_sensor_async' retrieved from /home/airflow/.local/lib/python3.8/site-packages/airflow/example_dags/example_time_delta_sensor_async.py
[2025-03-04T20:21:05.679+0000] {logging_mixin.py:188} INFO - [2025-03-04T20:21:05.678+0000] {dag.py:3047} INFO - Sync 1 DAGs
[2025-03-04T20:21:05.696+0000] {logging_mixin.py:188} INFO - [2025-03-04T20:21:05.695+0000] {dag.py:3834} INFO - Setting next_dagrun for example_time_delta_sensor_async to None, run_after=None
[2025-03-04T20:21:05.728+0000] {processor.py:183} INFO - Processing /home/airflow/.local/lib/python3.8/site-packages/airflow/example_dags/example_time_delta_sensor_async.py took 0.095 seconds
