[2025-03-04T20:19:22.902+0000] {processor.py:161} INFO - Started process (PID=77) to work on /home/airflow/.local/lib/python3.8/site-packages/airflow/example_dags/example_dynamic_task_mapping.py
[2025-03-04T20:19:22.908+0000] {processor.py:830} INFO - Processing file /home/airflow/.local/lib/python3.8/site-packages/airflow/example_dags/example_dynamic_task_mapping.py for tasks to queue
[2025-03-04T20:19:22.912+0000] {logging_mixin.py:188} INFO - [2025-03-04T20:19:22.911+0000] {dagbag.py:540} INFO - Filling up the DagBag from /home/airflow/.local/lib/python3.8/site-packages/airflow/example_dags/example_dynamic_task_mapping.py
[2025-03-04T20:19:22.943+0000] {processor.py:840} INFO - DAG(s) 'example_dynamic_task_mapping' retrieved from /home/airflow/.local/lib/python3.8/site-packages/airflow/example_dags/example_dynamic_task_mapping.py
[2025-03-04T20:19:22.969+0000] {logging_mixin.py:188} INFO - [2025-03-04T20:19:22.968+0000] {dag.py:3047} INFO - Sync 1 DAGs
[2025-03-04T20:19:23.011+0000] {logging_mixin.py:188} INFO - [2025-03-04T20:19:23.011+0000] {dag.py:3069} INFO - Creating ORM DAG for example_dynamic_task_mapping
[2025-03-04T20:19:23.043+0000] {logging_mixin.py:188} INFO - [2025-03-04T20:19:23.043+0000] {dag.py:3834} INFO - Setting next_dagrun for example_dynamic_task_mapping to 2022-03-04 00:00:00+00:00, run_after=2022-03-05 00:00:00+00:00
[2025-03-04T20:19:23.157+0000] {processor.py:183} INFO - Processing /home/airflow/.local/lib/python3.8/site-packages/airflow/example_dags/example_dynamic_task_mapping.py took 0.263 seconds
[2025-03-04T20:19:59.310+0000] {processor.py:161} INFO - Started process (PID=132) to work on /home/airflow/.local/lib/python3.8/site-packages/airflow/example_dags/example_dynamic_task_mapping.py
[2025-03-04T20:19:59.318+0000] {processor.py:830} INFO - Processing file /home/airflow/.local/lib/python3.8/site-packages/airflow/example_dags/example_dynamic_task_mapping.py for tasks to queue
[2025-03-04T20:19:59.321+0000] {logging_mixin.py:188} INFO - [2025-03-04T20:19:59.320+0000] {dagbag.py:540} INFO - Filling up the DagBag from /home/airflow/.local/lib/python3.8/site-packages/airflow/example_dags/example_dynamic_task_mapping.py
[2025-03-04T20:19:59.339+0000] {processor.py:840} INFO - DAG(s) 'example_dynamic_task_mapping' retrieved from /home/airflow/.local/lib/python3.8/site-packages/airflow/example_dags/example_dynamic_task_mapping.py
[2025-03-04T20:19:59.541+0000] {logging_mixin.py:188} INFO - [2025-03-04T20:19:59.541+0000] {dag.py:3047} INFO - Sync 1 DAGs
[2025-03-04T20:19:59.586+0000] {logging_mixin.py:188} INFO - [2025-03-04T20:19:59.586+0000] {dag.py:3834} INFO - Setting next_dagrun for example_dynamic_task_mapping to 2022-03-04 00:00:00+00:00, run_after=2022-03-05 00:00:00+00:00
[2025-03-04T20:19:59.856+0000] {processor.py:183} INFO - Processing /home/airflow/.local/lib/python3.8/site-packages/airflow/example_dags/example_dynamic_task_mapping.py took 0.551 seconds
[2025-03-04T20:20:30.699+0000] {processor.py:161} INFO - Started process (PID=187) to work on /home/airflow/.local/lib/python3.8/site-packages/airflow/example_dags/example_dynamic_task_mapping.py
[2025-03-04T20:20:30.700+0000] {processor.py:830} INFO - Processing file /home/airflow/.local/lib/python3.8/site-packages/airflow/example_dags/example_dynamic_task_mapping.py for tasks to queue
[2025-03-04T20:20:30.702+0000] {logging_mixin.py:188} INFO - [2025-03-04T20:20:30.702+0000] {dagbag.py:540} INFO - Filling up the DagBag from /home/airflow/.local/lib/python3.8/site-packages/airflow/example_dags/example_dynamic_task_mapping.py
[2025-03-04T20:20:30.711+0000] {processor.py:840} INFO - DAG(s) 'example_dynamic_task_mapping' retrieved from /home/airflow/.local/lib/python3.8/site-packages/airflow/example_dags/example_dynamic_task_mapping.py
[2025-03-04T20:20:30.735+0000] {logging_mixin.py:188} INFO - [2025-03-04T20:20:30.735+0000] {dag.py:3047} INFO - Sync 1 DAGs
[2025-03-04T20:20:30.761+0000] {logging_mixin.py:188} INFO - [2025-03-04T20:20:30.761+0000] {dag.py:3834} INFO - Setting next_dagrun for example_dynamic_task_mapping to 2022-03-04 00:00:00+00:00, run_after=2022-03-05 00:00:00+00:00
[2025-03-04T20:20:30.784+0000] {processor.py:183} INFO - Processing /home/airflow/.local/lib/python3.8/site-packages/airflow/example_dags/example_dynamic_task_mapping.py took 0.089 seconds
[2025-03-04T20:21:00.919+0000] {processor.py:161} INFO - Started process (PID=242) to work on /home/airflow/.local/lib/python3.8/site-packages/airflow/example_dags/example_dynamic_task_mapping.py
[2025-03-04T20:21:00.923+0000] {processor.py:830} INFO - Processing file /home/airflow/.local/lib/python3.8/site-packages/airflow/example_dags/example_dynamic_task_mapping.py for tasks to queue
[2025-03-04T20:21:00.925+0000] {logging_mixin.py:188} INFO - [2025-03-04T20:21:00.925+0000] {dagbag.py:540} INFO - Filling up the DagBag from /home/airflow/.local/lib/python3.8/site-packages/airflow/example_dags/example_dynamic_task_mapping.py
[2025-03-04T20:21:00.932+0000] {processor.py:840} INFO - DAG(s) 'example_dynamic_task_mapping' retrieved from /home/airflow/.local/lib/python3.8/site-packages/airflow/example_dags/example_dynamic_task_mapping.py
[2025-03-04T20:21:00.956+0000] {logging_mixin.py:188} INFO - [2025-03-04T20:21:00.956+0000] {dag.py:3047} INFO - Sync 1 DAGs
[2025-03-04T20:21:00.978+0000] {logging_mixin.py:188} INFO - [2025-03-04T20:21:00.978+0000] {dag.py:3834} INFO - Setting next_dagrun for example_dynamic_task_mapping to 2022-03-04 00:00:00+00:00, run_after=2022-03-05 00:00:00+00:00
[2025-03-04T20:21:01.188+0000] {processor.py:183} INFO - Processing /home/airflow/.local/lib/python3.8/site-packages/airflow/example_dags/example_dynamic_task_mapping.py took 0.272 seconds
