[2025-03-04T20:19:43.882+0000] {processor.py:161} INFO - Started process (PID=118) to work on /home/airflow/.local/lib/python3.8/site-packages/airflow/example_dags/example_sensor_decorator.py
[2025-03-04T20:19:43.894+0000] {processor.py:830} INFO - Processing file /home/airflow/.local/lib/python3.8/site-packages/airflow/example_dags/example_sensor_decorator.py for tasks to queue
[2025-03-04T20:19:43.907+0000] {logging_mixin.py:188} INFO - [2025-03-04T20:19:43.903+0000] {dagbag.py:540} INFO - Filling up the DagBag from /home/airflow/.local/lib/python3.8/site-packages/airflow/example_dags/example_sensor_decorator.py
[2025-03-04T20:19:44.511+0000] {processor.py:840} INFO - DAG(s) 'example_sensor_decorator' retrieved from /home/airflow/.local/lib/python3.8/site-packages/airflow/example_dags/example_sensor_decorator.py
[2025-03-04T20:19:44.647+0000] {logging_mixin.py:188} INFO - [2025-03-04T20:19:44.647+0000] {dag.py:3047} INFO - Sync 1 DAGs
[2025-03-04T20:19:44.787+0000] {logging_mixin.py:188} INFO - [2025-03-04T20:19:44.786+0000] {dag.py:3069} INFO - Creating ORM DAG for example_sensor_decorator
[2025-03-04T20:19:44.791+0000] {logging_mixin.py:188} INFO - [2025-03-04T20:19:44.791+0000] {dag.py:3834} INFO - Setting next_dagrun for example_sensor_decorator to None, run_after=None
[2025-03-04T20:19:44.900+0000] {processor.py:183} INFO - Processing /home/airflow/.local/lib/python3.8/site-packages/airflow/example_dags/example_sensor_decorator.py took 1.107 seconds
[2025-03-04T20:20:15.308+0000] {processor.py:161} INFO - Started process (PID=167) to work on /home/airflow/.local/lib/python3.8/site-packages/airflow/example_dags/example_sensor_decorator.py
[2025-03-04T20:20:15.310+0000] {processor.py:830} INFO - Processing file /home/airflow/.local/lib/python3.8/site-packages/airflow/example_dags/example_sensor_decorator.py for tasks to queue
[2025-03-04T20:20:15.313+0000] {logging_mixin.py:188} INFO - [2025-03-04T20:20:15.312+0000] {dagbag.py:540} INFO - Filling up the DagBag from /home/airflow/.local/lib/python3.8/site-packages/airflow/example_dags/example_sensor_decorator.py
[2025-03-04T20:20:15.323+0000] {processor.py:840} INFO - DAG(s) 'example_sensor_decorator' retrieved from /home/airflow/.local/lib/python3.8/site-packages/airflow/example_dags/example_sensor_decorator.py
[2025-03-04T20:20:15.452+0000] {logging_mixin.py:188} INFO - [2025-03-04T20:20:15.452+0000] {dag.py:3047} INFO - Sync 1 DAGs
[2025-03-04T20:20:15.474+0000] {logging_mixin.py:188} INFO - [2025-03-04T20:20:15.474+0000] {dag.py:3834} INFO - Setting next_dagrun for example_sensor_decorator to None, run_after=None
[2025-03-04T20:20:15.501+0000] {processor.py:183} INFO - Processing /home/airflow/.local/lib/python3.8/site-packages/airflow/example_dags/example_sensor_decorator.py took 0.200 seconds
[2025-03-04T20:20:45.756+0000] {processor.py:161} INFO - Started process (PID=222) to work on /home/airflow/.local/lib/python3.8/site-packages/airflow/example_dags/example_sensor_decorator.py
[2025-03-04T20:20:45.758+0000] {processor.py:830} INFO - Processing file /home/airflow/.local/lib/python3.8/site-packages/airflow/example_dags/example_sensor_decorator.py for tasks to queue
[2025-03-04T20:20:45.760+0000] {logging_mixin.py:188} INFO - [2025-03-04T20:20:45.760+0000] {dagbag.py:540} INFO - Filling up the DagBag from /home/airflow/.local/lib/python3.8/site-packages/airflow/example_dags/example_sensor_decorator.py
[2025-03-04T20:20:45.767+0000] {processor.py:840} INFO - DAG(s) 'example_sensor_decorator' retrieved from /home/airflow/.local/lib/python3.8/site-packages/airflow/example_dags/example_sensor_decorator.py
[2025-03-04T20:20:45.790+0000] {logging_mixin.py:188} INFO - [2025-03-04T20:20:45.790+0000] {dag.py:3047} INFO - Sync 1 DAGs
[2025-03-04T20:20:45.807+0000] {logging_mixin.py:188} INFO - [2025-03-04T20:20:45.807+0000] {dag.py:3834} INFO - Setting next_dagrun for example_sensor_decorator to None, run_after=None
[2025-03-04T20:20:46.022+0000] {processor.py:183} INFO - Processing /home/airflow/.local/lib/python3.8/site-packages/airflow/example_dags/example_sensor_decorator.py took 0.269 seconds
