[2025-03-04T20:19:29.686+0000] {processor.py:161} INFO - Started process (PID=94) to work on /home/airflow/.local/lib/python3.8/site-packages/airflow/example_dags/example_sensors.py
[2025-03-04T20:19:29.691+0000] {processor.py:830} INFO - Processing file /home/airflow/.local/lib/python3.8/site-packages/airflow/example_dags/example_sensors.py for tasks to queue
[2025-03-04T20:19:29.701+0000] {logging_mixin.py:188} INFO - [2025-03-04T20:19:29.700+0000] {dagbag.py:540} INFO - Filling up the DagBag from /home/airflow/.local/lib/python3.8/site-packages/airflow/example_dags/example_sensors.py
[2025-03-04T20:19:29.760+0000] {processor.py:840} INFO - DAG(s) 'example_sensors' retrieved from /home/airflow/.local/lib/python3.8/site-packages/airflow/example_dags/example_sensors.py
[2025-03-04T20:19:29.887+0000] {logging_mixin.py:188} INFO - [2025-03-04T20:19:29.884+0000] {dag.py:3047} INFO - Sync 1 DAGs
[2025-03-04T20:19:29.972+0000] {logging_mixin.py:188} INFO - [2025-03-04T20:19:29.971+0000] {dag.py:3069} INFO - Creating ORM DAG for example_sensors
[2025-03-04T20:19:29.984+0000] {logging_mixin.py:188} INFO - [2025-03-04T20:19:29.981+0000] {dag.py:3834} INFO - Setting next_dagrun for example_sensors to None, run_after=None
[2025-03-04T20:19:30.142+0000] {processor.py:183} INFO - Processing /home/airflow/.local/lib/python3.8/site-packages/airflow/example_dags/example_sensors.py took 0.471 seconds
[2025-03-04T20:20:04.552+0000] {processor.py:161} INFO - Started process (PID=149) to work on /home/airflow/.local/lib/python3.8/site-packages/airflow/example_dags/example_sensors.py
[2025-03-04T20:20:04.555+0000] {processor.py:830} INFO - Processing file /home/airflow/.local/lib/python3.8/site-packages/airflow/example_dags/example_sensors.py for tasks to queue
[2025-03-04T20:20:04.562+0000] {logging_mixin.py:188} INFO - [2025-03-04T20:20:04.560+0000] {dagbag.py:540} INFO - Filling up the DagBag from /home/airflow/.local/lib/python3.8/site-packages/airflow/example_dags/example_sensors.py
[2025-03-04T20:20:04.587+0000] {processor.py:840} INFO - DAG(s) 'example_sensors' retrieved from /home/airflow/.local/lib/python3.8/site-packages/airflow/example_dags/example_sensors.py
[2025-03-04T20:20:05.133+0000] {logging_mixin.py:188} INFO - [2025-03-04T20:20:05.133+0000] {dag.py:3047} INFO - Sync 1 DAGs
[2025-03-04T20:20:05.168+0000] {logging_mixin.py:188} INFO - [2025-03-04T20:20:05.168+0000] {dag.py:3834} INFO - Setting next_dagrun for example_sensors to None, run_after=None
[2025-03-04T20:20:05.239+0000] {processor.py:183} INFO - Processing /home/airflow/.local/lib/python3.8/site-packages/airflow/example_dags/example_sensors.py took 0.697 seconds
[2025-03-04T20:20:35.302+0000] {processor.py:161} INFO - Started process (PID=204) to work on /home/airflow/.local/lib/python3.8/site-packages/airflow/example_dags/example_sensors.py
[2025-03-04T20:20:35.304+0000] {processor.py:830} INFO - Processing file /home/airflow/.local/lib/python3.8/site-packages/airflow/example_dags/example_sensors.py for tasks to queue
[2025-03-04T20:20:35.306+0000] {logging_mixin.py:188} INFO - [2025-03-04T20:20:35.306+0000] {dagbag.py:540} INFO - Filling up the DagBag from /home/airflow/.local/lib/python3.8/site-packages/airflow/example_dags/example_sensors.py
[2025-03-04T20:20:35.320+0000] {processor.py:840} INFO - DAG(s) 'example_sensors' retrieved from /home/airflow/.local/lib/python3.8/site-packages/airflow/example_dags/example_sensors.py
[2025-03-04T20:20:35.363+0000] {logging_mixin.py:188} INFO - [2025-03-04T20:20:35.362+0000] {dag.py:3047} INFO - Sync 1 DAGs
[2025-03-04T20:20:35.393+0000] {logging_mixin.py:188} INFO - [2025-03-04T20:20:35.392+0000] {dag.py:3834} INFO - Setting next_dagrun for example_sensors to None, run_after=None
[2025-03-04T20:20:35.422+0000] {processor.py:183} INFO - Processing /home/airflow/.local/lib/python3.8/site-packages/airflow/example_dags/example_sensors.py took 0.124 seconds
[2025-03-04T20:21:05.763+0000] {processor.py:161} INFO - Started process (PID=259) to work on /home/airflow/.local/lib/python3.8/site-packages/airflow/example_dags/example_sensors.py
[2025-03-04T20:21:05.765+0000] {processor.py:830} INFO - Processing file /home/airflow/.local/lib/python3.8/site-packages/airflow/example_dags/example_sensors.py for tasks to queue
[2025-03-04T20:21:05.767+0000] {logging_mixin.py:188} INFO - [2025-03-04T20:21:05.767+0000] {dagbag.py:540} INFO - Filling up the DagBag from /home/airflow/.local/lib/python3.8/site-packages/airflow/example_dags/example_sensors.py
[2025-03-04T20:21:05.785+0000] {processor.py:840} INFO - DAG(s) 'example_sensors' retrieved from /home/airflow/.local/lib/python3.8/site-packages/airflow/example_dags/example_sensors.py
[2025-03-04T20:21:05.829+0000] {logging_mixin.py:188} INFO - [2025-03-04T20:21:05.828+0000] {dag.py:3047} INFO - Sync 1 DAGs
[2025-03-04T20:21:05.846+0000] {logging_mixin.py:188} INFO - [2025-03-04T20:21:05.845+0000] {dag.py:3834} INFO - Setting next_dagrun for example_sensors to None, run_after=None
[2025-03-04T20:21:05.871+0000] {processor.py:183} INFO - Processing /home/airflow/.local/lib/python3.8/site-packages/airflow/example_dags/example_sensors.py took 0.113 seconds
