[2025-03-04T20:19:22.984+0000] {processor.py:161} INFO - Started process (PID=78) to work on /home/airflow/.local/lib/python3.8/site-packages/airflow/example_dags/example_datasets.py
[2025-03-04T20:19:22.986+0000] {processor.py:830} INFO - Processing file /home/airflow/.local/lib/python3.8/site-packages/airflow/example_dags/example_datasets.py for tasks to queue
[2025-03-04T20:19:22.997+0000] {logging_mixin.py:188} INFO - [2025-03-04T20:19:22.993+0000] {dagbag.py:540} INFO - Filling up the DagBag from /home/airflow/.local/lib/python3.8/site-packages/airflow/example_dags/example_datasets.py
[2025-03-04T20:19:23.096+0000] {processor.py:840} INFO - DAG(s) 'dataset_produces_1', 'dataset_consumes_1_and_2', 'dataset_produces_2', 'dataset_consumes_1', 'dataset_consumes_unknown_never_scheduled', 'dataset_consumes_1_never_scheduled' retrieved from /home/airflow/.local/lib/python3.8/site-packages/airflow/example_dags/example_datasets.py
[2025-03-04T20:19:23.189+0000] {logging_mixin.py:188} INFO - [2025-03-04T20:19:23.189+0000] {dag.py:3047} INFO - Sync 6 DAGs
[2025-03-04T20:19:23.223+0000] {logging_mixin.py:188} INFO - [2025-03-04T20:19:23.223+0000] {dag.py:3069} INFO - Creating ORM DAG for dataset_produces_2
[2025-03-04T20:19:23.225+0000] {logging_mixin.py:188} INFO - [2025-03-04T20:19:23.225+0000] {dag.py:3069} INFO - Creating ORM DAG for dataset_produces_1
[2025-03-04T20:19:23.227+0000] {logging_mixin.py:188} INFO - [2025-03-04T20:19:23.226+0000] {dag.py:3069} INFO - Creating ORM DAG for dataset_consumes_1_and_2
[2025-03-04T20:19:23.229+0000] {logging_mixin.py:188} INFO - [2025-03-04T20:19:23.228+0000] {dag.py:3069} INFO - Creating ORM DAG for dataset_consumes_unknown_never_scheduled
[2025-03-04T20:19:23.232+0000] {logging_mixin.py:188} INFO - [2025-03-04T20:19:23.231+0000] {dag.py:3069} INFO - Creating ORM DAG for dataset_consumes_1
[2025-03-04T20:19:23.235+0000] {logging_mixin.py:188} INFO - [2025-03-04T20:19:23.234+0000] {dag.py:3069} INFO - Creating ORM DAG for dataset_consumes_1_never_scheduled
[2025-03-04T20:19:23.255+0000] {logging_mixin.py:188} INFO - [2025-03-04T20:19:23.254+0000] {dag.py:3834} INFO - Setting next_dagrun for dataset_consumes_1 to None, run_after=None
[2025-03-04T20:19:23.257+0000] {logging_mixin.py:188} INFO - [2025-03-04T20:19:23.257+0000] {dag.py:3834} INFO - Setting next_dagrun for dataset_consumes_1_and_2 to None, run_after=None
[2025-03-04T20:19:23.259+0000] {logging_mixin.py:188} INFO - [2025-03-04T20:19:23.259+0000] {dag.py:3834} INFO - Setting next_dagrun for dataset_consumes_1_never_scheduled to None, run_after=None
[2025-03-04T20:19:23.260+0000] {logging_mixin.py:188} INFO - [2025-03-04T20:19:23.260+0000] {dag.py:3834} INFO - Setting next_dagrun for dataset_consumes_unknown_never_scheduled to None, run_after=None
[2025-03-04T20:19:23.268+0000] {logging_mixin.py:188} INFO - [2025-03-04T20:19:23.267+0000] {dag.py:3834} INFO - Setting next_dagrun for dataset_produces_1 to 2025-03-03 00:00:00+00:00, run_after=2025-03-04 00:00:00+00:00
[2025-03-04T20:19:23.269+0000] {logging_mixin.py:188} INFO - [2025-03-04T20:19:23.269+0000] {dag.py:3834} INFO - Setting next_dagrun for dataset_produces_2 to None, run_after=None
[2025-03-04T20:19:23.382+0000] {processor.py:183} INFO - Processing /home/airflow/.local/lib/python3.8/site-packages/airflow/example_dags/example_datasets.py took 0.406 seconds
[2025-03-04T20:19:59.526+0000] {processor.py:161} INFO - Started process (PID=133) to work on /home/airflow/.local/lib/python3.8/site-packages/airflow/example_dags/example_datasets.py
[2025-03-04T20:19:59.533+0000] {processor.py:830} INFO - Processing file /home/airflow/.local/lib/python3.8/site-packages/airflow/example_dags/example_datasets.py for tasks to queue
[2025-03-04T20:19:59.537+0000] {logging_mixin.py:188} INFO - [2025-03-04T20:19:59.536+0000] {dagbag.py:540} INFO - Filling up the DagBag from /home/airflow/.local/lib/python3.8/site-packages/airflow/example_dags/example_datasets.py
[2025-03-04T20:19:59.566+0000] {processor.py:840} INFO - DAG(s) 'dataset_produces_1', 'dataset_consumes_1_never_scheduled', 'dataset_consumes_1', 'dataset_consumes_1_and_2', 'dataset_produces_2', 'dataset_consumes_unknown_never_scheduled' retrieved from /home/airflow/.local/lib/python3.8/site-packages/airflow/example_dags/example_datasets.py
[2025-03-04T20:19:59.840+0000] {logging_mixin.py:188} INFO - [2025-03-04T20:19:59.840+0000] {dag.py:3047} INFO - Sync 6 DAGs
[2025-03-04T20:19:59.899+0000] {logging_mixin.py:188} INFO - [2025-03-04T20:19:59.898+0000] {dag.py:3834} INFO - Setting next_dagrun for dataset_consumes_1 to None, run_after=None
[2025-03-04T20:19:59.905+0000] {logging_mixin.py:188} INFO - [2025-03-04T20:19:59.905+0000] {dag.py:3834} INFO - Setting next_dagrun for dataset_consumes_1_and_2 to None, run_after=None
[2025-03-04T20:19:59.908+0000] {logging_mixin.py:188} INFO - [2025-03-04T20:19:59.908+0000] {dag.py:3834} INFO - Setting next_dagrun for dataset_consumes_1_never_scheduled to None, run_after=None
[2025-03-04T20:19:59.913+0000] {logging_mixin.py:188} INFO - [2025-03-04T20:19:59.913+0000] {dag.py:3834} INFO - Setting next_dagrun for dataset_consumes_unknown_never_scheduled to None, run_after=None
[2025-03-04T20:19:59.920+0000] {logging_mixin.py:188} INFO - [2025-03-04T20:19:59.919+0000] {dag.py:3834} INFO - Setting next_dagrun for dataset_produces_1 to 2025-03-03 00:00:00+00:00, run_after=2025-03-04 00:00:00+00:00
[2025-03-04T20:19:59.924+0000] {logging_mixin.py:188} INFO - [2025-03-04T20:19:59.923+0000] {dag.py:3834} INFO - Setting next_dagrun for dataset_produces_2 to None, run_after=None
[2025-03-04T20:20:00.013+0000] {processor.py:183} INFO - Processing /home/airflow/.local/lib/python3.8/site-packages/airflow/example_dags/example_datasets.py took 0.492 seconds
[2025-03-04T20:20:30.699+0000] {processor.py:161} INFO - Started process (PID=188) to work on /home/airflow/.local/lib/python3.8/site-packages/airflow/example_dags/example_datasets.py
[2025-03-04T20:20:30.700+0000] {processor.py:830} INFO - Processing file /home/airflow/.local/lib/python3.8/site-packages/airflow/example_dags/example_datasets.py for tasks to queue
[2025-03-04T20:20:30.702+0000] {logging_mixin.py:188} INFO - [2025-03-04T20:20:30.702+0000] {dagbag.py:540} INFO - Filling up the DagBag from /home/airflow/.local/lib/python3.8/site-packages/airflow/example_dags/example_datasets.py
[2025-03-04T20:20:30.717+0000] {processor.py:840} INFO - DAG(s) 'dataset_produces_1', 'dataset_consumes_1', 'dataset_consumes_unknown_never_scheduled', 'dataset_produces_2', 'dataset_consumes_1_and_2', 'dataset_consumes_1_never_scheduled' retrieved from /home/airflow/.local/lib/python3.8/site-packages/airflow/example_dags/example_datasets.py
[2025-03-04T20:20:30.761+0000] {logging_mixin.py:188} INFO - [2025-03-04T20:20:30.760+0000] {dag.py:3047} INFO - Sync 6 DAGs
[2025-03-04T20:20:30.788+0000] {logging_mixin.py:188} INFO - [2025-03-04T20:20:30.787+0000] {dag.py:3834} INFO - Setting next_dagrun for dataset_consumes_1 to None, run_after=None
[2025-03-04T20:20:30.793+0000] {logging_mixin.py:188} INFO - [2025-03-04T20:20:30.792+0000] {dag.py:3834} INFO - Setting next_dagrun for dataset_consumes_1_and_2 to None, run_after=None
[2025-03-04T20:20:30.796+0000] {logging_mixin.py:188} INFO - [2025-03-04T20:20:30.796+0000] {dag.py:3834} INFO - Setting next_dagrun for dataset_consumes_1_never_scheduled to None, run_after=None
[2025-03-04T20:20:30.798+0000] {logging_mixin.py:188} INFO - [2025-03-04T20:20:30.798+0000] {dag.py:3834} INFO - Setting next_dagrun for dataset_consumes_unknown_never_scheduled to None, run_after=None
[2025-03-04T20:20:30.802+0000] {logging_mixin.py:188} INFO - [2025-03-04T20:20:30.801+0000] {dag.py:3834} INFO - Setting next_dagrun for dataset_produces_1 to 2025-03-03 00:00:00+00:00, run_after=2025-03-04 00:00:00+00:00
[2025-03-04T20:20:30.804+0000] {logging_mixin.py:188} INFO - [2025-03-04T20:20:30.803+0000] {dag.py:3834} INFO - Setting next_dagrun for dataset_produces_2 to None, run_after=None
[2025-03-04T20:20:30.845+0000] {processor.py:183} INFO - Processing /home/airflow/.local/lib/python3.8/site-packages/airflow/example_dags/example_datasets.py took 0.150 seconds
[2025-03-04T20:21:00.919+0000] {processor.py:161} INFO - Started process (PID=243) to work on /home/airflow/.local/lib/python3.8/site-packages/airflow/example_dags/example_datasets.py
[2025-03-04T20:21:00.923+0000] {processor.py:830} INFO - Processing file /home/airflow/.local/lib/python3.8/site-packages/airflow/example_dags/example_datasets.py for tasks to queue
[2025-03-04T20:21:00.925+0000] {logging_mixin.py:188} INFO - [2025-03-04T20:21:00.925+0000] {dagbag.py:540} INFO - Filling up the DagBag from /home/airflow/.local/lib/python3.8/site-packages/airflow/example_dags/example_datasets.py
[2025-03-04T20:21:00.936+0000] {processor.py:840} INFO - DAG(s) 'dataset_consumes_1_never_scheduled', 'dataset_consumes_unknown_never_scheduled', 'dataset_produces_1', 'dataset_consumes_1_and_2', 'dataset_produces_2', 'dataset_consumes_1' retrieved from /home/airflow/.local/lib/python3.8/site-packages/airflow/example_dags/example_datasets.py
[2025-03-04T20:21:00.976+0000] {logging_mixin.py:188} INFO - [2025-03-04T20:21:00.976+0000] {dag.py:3047} INFO - Sync 6 DAGs
[2025-03-04T20:21:01.000+0000] {logging_mixin.py:188} INFO - [2025-03-04T20:21:01.000+0000] {dag.py:3834} INFO - Setting next_dagrun for dataset_consumes_1 to None, run_after=None
[2025-03-04T20:21:01.004+0000] {logging_mixin.py:188} INFO - [2025-03-04T20:21:01.004+0000] {dag.py:3834} INFO - Setting next_dagrun for dataset_consumes_1_and_2 to None, run_after=None
[2025-03-04T20:21:01.006+0000] {logging_mixin.py:188} INFO - [2025-03-04T20:21:01.006+0000] {dag.py:3834} INFO - Setting next_dagrun for dataset_consumes_1_never_scheduled to None, run_after=None
[2025-03-04T20:21:01.008+0000] {logging_mixin.py:188} INFO - [2025-03-04T20:21:01.008+0000] {dag.py:3834} INFO - Setting next_dagrun for dataset_consumes_unknown_never_scheduled to None, run_after=None
[2025-03-04T20:21:01.011+0000] {logging_mixin.py:188} INFO - [2025-03-04T20:21:01.011+0000] {dag.py:3834} INFO - Setting next_dagrun for dataset_produces_1 to 2025-03-03 00:00:00+00:00, run_after=2025-03-04 00:00:00+00:00
[2025-03-04T20:21:01.012+0000] {logging_mixin.py:188} INFO - [2025-03-04T20:21:01.012+0000] {dag.py:3834} INFO - Setting next_dagrun for dataset_produces_2 to None, run_after=None
[2025-03-04T20:21:01.461+0000] {processor.py:183} INFO - Processing /home/airflow/.local/lib/python3.8/site-packages/airflow/example_dags/example_datasets.py took 0.545 seconds
