[2025-03-04T20:19:23.206+0000] {processor.py:161} INFO - Started process (PID=79) to work on /home/airflow/.local/lib/python3.8/site-packages/airflow/example_dags/example_branch_python_dop_operator_3.py
[2025-03-04T20:19:23.208+0000] {processor.py:830} INFO - Processing file /home/airflow/.local/lib/python3.8/site-packages/airflow/example_dags/example_branch_python_dop_operator_3.py for tasks to queue
[2025-03-04T20:19:23.211+0000] {logging_mixin.py:188} INFO - [2025-03-04T20:19:23.210+0000] {dagbag.py:540} INFO - Filling up the DagBag from /home/airflow/.local/lib/python3.8/site-packages/airflow/example_dags/example_branch_python_dop_operator_3.py
[2025-03-04T20:19:23.234+0000] {processor.py:840} INFO - DAG(s) 'example_branch_dop_operator_v3' retrieved from /home/airflow/.local/lib/python3.8/site-packages/airflow/example_dags/example_branch_python_dop_operator_3.py
[2025-03-04T20:19:23.258+0000] {logging_mixin.py:188} INFO - [2025-03-04T20:19:23.258+0000] {dag.py:3047} INFO - Sync 1 DAGs
[2025-03-04T20:19:23.325+0000] {logging_mixin.py:188} INFO - [2025-03-04T20:19:23.325+0000] {dag.py:3069} INFO - Creating ORM DAG for example_branch_dop_operator_v3
[2025-03-04T20:19:23.384+0000] {logging_mixin.py:188} INFO - [2025-03-04T20:19:23.384+0000] {dag.py:3834} INFO - Setting next_dagrun for example_branch_dop_operator_v3 to 2025-03-04 20:18:00+00:00, run_after=2025-03-04 20:19:00+00:00
[2025-03-04T20:19:23.440+0000] {processor.py:183} INFO - Processing /home/airflow/.local/lib/python3.8/site-packages/airflow/example_dags/example_branch_python_dop_operator_3.py took 0.239 seconds
[2025-03-04T20:19:59.912+0000] {processor.py:161} INFO - Started process (PID=134) to work on /home/airflow/.local/lib/python3.8/site-packages/airflow/example_dags/example_branch_python_dop_operator_3.py
[2025-03-04T20:19:59.917+0000] {processor.py:830} INFO - Processing file /home/airflow/.local/lib/python3.8/site-packages/airflow/example_dags/example_branch_python_dop_operator_3.py for tasks to queue
[2025-03-04T20:19:59.920+0000] {logging_mixin.py:188} INFO - [2025-03-04T20:19:59.919+0000] {dagbag.py:540} INFO - Filling up the DagBag from /home/airflow/.local/lib/python3.8/site-packages/airflow/example_dags/example_branch_python_dop_operator_3.py
[2025-03-04T20:19:59.939+0000] {processor.py:840} INFO - DAG(s) 'example_branch_dop_operator_v3' retrieved from /home/airflow/.local/lib/python3.8/site-packages/airflow/example_dags/example_branch_python_dop_operator_3.py
[2025-03-04T20:20:00.298+0000] {logging_mixin.py:188} INFO - [2025-03-04T20:20:00.296+0000] {dag.py:3047} INFO - Sync 1 DAGs
[2025-03-04T20:20:00.356+0000] {logging_mixin.py:188} INFO - [2025-03-04T20:20:00.356+0000] {dag.py:3834} INFO - Setting next_dagrun for example_branch_dop_operator_v3 to 2025-03-04 20:19:00+00:00, run_after=2025-03-04 20:20:00+00:00
[2025-03-04T20:20:00.466+0000] {processor.py:183} INFO - Processing /home/airflow/.local/lib/python3.8/site-packages/airflow/example_dags/example_branch_python_dop_operator_3.py took 0.560 seconds
[2025-03-04T20:20:30.812+0000] {processor.py:161} INFO - Started process (PID=189) to work on /home/airflow/.local/lib/python3.8/site-packages/airflow/example_dags/example_branch_python_dop_operator_3.py
[2025-03-04T20:20:30.813+0000] {processor.py:830} INFO - Processing file /home/airflow/.local/lib/python3.8/site-packages/airflow/example_dags/example_branch_python_dop_operator_3.py for tasks to queue
[2025-03-04T20:20:30.815+0000] {logging_mixin.py:188} INFO - [2025-03-04T20:20:30.815+0000] {dagbag.py:540} INFO - Filling up the DagBag from /home/airflow/.local/lib/python3.8/site-packages/airflow/example_dags/example_branch_python_dop_operator_3.py
[2025-03-04T20:20:30.826+0000] {processor.py:840} INFO - DAG(s) 'example_branch_dop_operator_v3' retrieved from /home/airflow/.local/lib/python3.8/site-packages/airflow/example_dags/example_branch_python_dop_operator_3.py
[2025-03-04T20:20:30.852+0000] {logging_mixin.py:188} INFO - [2025-03-04T20:20:30.851+0000] {dag.py:3047} INFO - Sync 1 DAGs
[2025-03-04T20:20:30.885+0000] {logging_mixin.py:188} INFO - [2025-03-04T20:20:30.885+0000] {dag.py:3834} INFO - Setting next_dagrun for example_branch_dop_operator_v3 to 2025-03-04 20:19:00+00:00, run_after=2025-03-04 20:20:00+00:00
[2025-03-04T20:20:30.910+0000] {processor.py:183} INFO - Processing /home/airflow/.local/lib/python3.8/site-packages/airflow/example_dags/example_branch_python_dop_operator_3.py took 0.102 seconds
[2025-03-04T20:21:01.222+0000] {processor.py:161} INFO - Started process (PID=244) to work on /home/airflow/.local/lib/python3.8/site-packages/airflow/example_dags/example_branch_python_dop_operator_3.py
[2025-03-04T20:21:01.224+0000] {processor.py:830} INFO - Processing file /home/airflow/.local/lib/python3.8/site-packages/airflow/example_dags/example_branch_python_dop_operator_3.py for tasks to queue
[2025-03-04T20:21:01.226+0000] {logging_mixin.py:188} INFO - [2025-03-04T20:21:01.226+0000] {dagbag.py:540} INFO - Filling up the DagBag from /home/airflow/.local/lib/python3.8/site-packages/airflow/example_dags/example_branch_python_dop_operator_3.py
[2025-03-04T20:21:01.237+0000] {processor.py:840} INFO - DAG(s) 'example_branch_dop_operator_v3' retrieved from /home/airflow/.local/lib/python3.8/site-packages/airflow/example_dags/example_branch_python_dop_operator_3.py
[2025-03-04T20:21:01.261+0000] {logging_mixin.py:188} INFO - [2025-03-04T20:21:01.260+0000] {dag.py:3047} INFO - Sync 1 DAGs
[2025-03-04T20:21:01.291+0000] {logging_mixin.py:188} INFO - [2025-03-04T20:21:01.290+0000] {dag.py:3834} INFO - Setting next_dagrun for example_branch_dop_operator_v3 to 2025-03-04 20:20:00+00:00, run_after=2025-03-04 20:21:00+00:00
[2025-03-04T20:21:01.489+0000] {processor.py:183} INFO - Processing /home/airflow/.local/lib/python3.8/site-packages/airflow/example_dags/example_branch_python_dop_operator_3.py took 0.271 seconds
