[2025-03-04T20:19:33.869+0000] {processor.py:161} INFO - Started process (PID=102) to work on /home/airflow/.local/lib/python3.8/site-packages/airflow/example_dags/example_setup_teardown_taskflow.py
[2025-03-04T20:19:33.871+0000] {processor.py:830} INFO - Processing file /home/airflow/.local/lib/python3.8/site-packages/airflow/example_dags/example_setup_teardown_taskflow.py for tasks to queue
[2025-03-04T20:19:33.888+0000] {logging_mixin.py:188} INFO - [2025-03-04T20:19:33.887+0000] {dagbag.py:540} INFO - Filling up the DagBag from /home/airflow/.local/lib/python3.8/site-packages/airflow/example_dags/example_setup_teardown_taskflow.py
[2025-03-04T20:19:33.991+0000] {processor.py:840} INFO - DAG(s) 'example_setup_teardown_taskflow' retrieved from /home/airflow/.local/lib/python3.8/site-packages/airflow/example_dags/example_setup_teardown_taskflow.py
[2025-03-04T20:19:34.059+0000] {logging_mixin.py:188} INFO - [2025-03-04T20:19:34.058+0000] {dag.py:3047} INFO - Sync 1 DAGs
[2025-03-04T20:19:34.142+0000] {logging_mixin.py:188} INFO - [2025-03-04T20:19:34.142+0000] {dag.py:3069} INFO - Creating ORM DAG for example_setup_teardown_taskflow
[2025-03-04T20:19:34.212+0000] {logging_mixin.py:188} INFO - [2025-03-04T20:19:34.210+0000] {dag.py:3834} INFO - Setting next_dagrun for example_setup_teardown_taskflow to 2025-03-03 00:00:00+00:00, run_after=2025-03-04 00:00:00+00:00
[2025-03-04T20:19:34.849+0000] {processor.py:183} INFO - Processing /home/airflow/.local/lib/python3.8/site-packages/airflow/example_dags/example_setup_teardown_taskflow.py took 0.997 seconds
[2025-03-04T20:20:07.761+0000] {processor.py:161} INFO - Started process (PID=157) to work on /home/airflow/.local/lib/python3.8/site-packages/airflow/example_dags/example_setup_teardown_taskflow.py
[2025-03-04T20:20:07.763+0000] {processor.py:830} INFO - Processing file /home/airflow/.local/lib/python3.8/site-packages/airflow/example_dags/example_setup_teardown_taskflow.py for tasks to queue
[2025-03-04T20:20:07.765+0000] {logging_mixin.py:188} INFO - [2025-03-04T20:20:07.765+0000] {dagbag.py:540} INFO - Filling up the DagBag from /home/airflow/.local/lib/python3.8/site-packages/airflow/example_dags/example_setup_teardown_taskflow.py
[2025-03-04T20:20:07.785+0000] {processor.py:840} INFO - DAG(s) 'example_setup_teardown_taskflow' retrieved from /home/airflow/.local/lib/python3.8/site-packages/airflow/example_dags/example_setup_teardown_taskflow.py
[2025-03-04T20:20:07.958+0000] {logging_mixin.py:188} INFO - [2025-03-04T20:20:07.957+0000] {dag.py:3047} INFO - Sync 1 DAGs
[2025-03-04T20:20:07.992+0000] {logging_mixin.py:188} INFO - [2025-03-04T20:20:07.991+0000] {dag.py:3834} INFO - Setting next_dagrun for example_setup_teardown_taskflow to 2025-03-03 00:00:00+00:00, run_after=2025-03-04 00:00:00+00:00
[2025-03-04T20:20:08.110+0000] {processor.py:183} INFO - Processing /home/airflow/.local/lib/python3.8/site-packages/airflow/example_dags/example_setup_teardown_taskflow.py took 0.353 seconds
[2025-03-04T20:20:38.933+0000] {processor.py:161} INFO - Started process (PID=212) to work on /home/airflow/.local/lib/python3.8/site-packages/airflow/example_dags/example_setup_teardown_taskflow.py
[2025-03-04T20:20:38.936+0000] {processor.py:830} INFO - Processing file /home/airflow/.local/lib/python3.8/site-packages/airflow/example_dags/example_setup_teardown_taskflow.py for tasks to queue
[2025-03-04T20:20:38.938+0000] {logging_mixin.py:188} INFO - [2025-03-04T20:20:38.938+0000] {dagbag.py:540} INFO - Filling up the DagBag from /home/airflow/.local/lib/python3.8/site-packages/airflow/example_dags/example_setup_teardown_taskflow.py
[2025-03-04T20:20:38.949+0000] {processor.py:840} INFO - DAG(s) 'example_setup_teardown_taskflow' retrieved from /home/airflow/.local/lib/python3.8/site-packages/airflow/example_dags/example_setup_teardown_taskflow.py
[2025-03-04T20:20:38.978+0000] {logging_mixin.py:188} INFO - [2025-03-04T20:20:38.978+0000] {dag.py:3047} INFO - Sync 1 DAGs
[2025-03-04T20:20:39.015+0000] {logging_mixin.py:188} INFO - [2025-03-04T20:20:39.015+0000] {dag.py:3834} INFO - Setting next_dagrun for example_setup_teardown_taskflow to 2025-03-03 00:00:00+00:00, run_after=2025-03-04 00:00:00+00:00
[2025-03-04T20:20:39.048+0000] {processor.py:183} INFO - Processing /home/airflow/.local/lib/python3.8/site-packages/airflow/example_dags/example_setup_teardown_taskflow.py took 0.119 seconds
[2025-03-04T20:21:09.367+0000] {processor.py:161} INFO - Started process (PID=267) to work on /home/airflow/.local/lib/python3.8/site-packages/airflow/example_dags/example_setup_teardown_taskflow.py
[2025-03-04T20:21:09.380+0000] {processor.py:830} INFO - Processing file /home/airflow/.local/lib/python3.8/site-packages/airflow/example_dags/example_setup_teardown_taskflow.py for tasks to queue
