[2025-03-04T20:19:37.210+0000] {processor.py:161} INFO - Started process (PID=107) to work on /home/airflow/.local/lib/python3.8/site-packages/airflow/example_dags/example_latest_only_with_trigger.py
[2025-03-04T20:19:37.392+0000] {processor.py:830} INFO - Processing file /home/airflow/.local/lib/python3.8/site-packages/airflow/example_dags/example_latest_only_with_trigger.py for tasks to queue
[2025-03-04T20:19:37.425+0000] {logging_mixin.py:188} INFO - [2025-03-04T20:19:37.422+0000] {dagbag.py:540} INFO - Filling up the DagBag from /home/airflow/.local/lib/python3.8/site-packages/airflow/example_dags/example_latest_only_with_trigger.py
[2025-03-04T20:19:38.595+0000] {processor.py:840} INFO - DAG(s) 'latest_only_with_trigger' retrieved from /home/airflow/.local/lib/python3.8/site-packages/airflow/example_dags/example_latest_only_with_trigger.py
[2025-03-04T20:19:38.762+0000] {logging_mixin.py:188} INFO - [2025-03-04T20:19:38.760+0000] {dag.py:3047} INFO - Sync 1 DAGs
[2025-03-04T20:19:38.862+0000] {logging_mixin.py:188} INFO - [2025-03-04T20:19:38.861+0000] {dag.py:3069} INFO - Creating ORM DAG for latest_only_with_trigger
[2025-03-04T20:19:38.930+0000] {logging_mixin.py:188} INFO - [2025-03-04T20:19:38.928+0000] {dag.py:3834} INFO - Setting next_dagrun for latest_only_with_trigger to 2025-03-04 16:00:00+00:00, run_after=2025-03-04 20:00:00+00:00
[2025-03-04T20:19:40.300+0000] {processor.py:183} INFO - Processing /home/airflow/.local/lib/python3.8/site-packages/airflow/example_dags/example_latest_only_with_trigger.py took 3.103 seconds
[2025-03-04T20:20:10.738+0000] {processor.py:161} INFO - Started process (PID=162) to work on /home/airflow/.local/lib/python3.8/site-packages/airflow/example_dags/example_latest_only_with_trigger.py
[2025-03-04T20:20:10.748+0000] {processor.py:830} INFO - Processing file /home/airflow/.local/lib/python3.8/site-packages/airflow/example_dags/example_latest_only_with_trigger.py for tasks to queue
[2025-03-04T20:20:10.750+0000] {logging_mixin.py:188} INFO - [2025-03-04T20:20:10.750+0000] {dagbag.py:540} INFO - Filling up the DagBag from /home/airflow/.local/lib/python3.8/site-packages/airflow/example_dags/example_latest_only_with_trigger.py
[2025-03-04T20:20:11.075+0000] {processor.py:840} INFO - DAG(s) 'latest_only_with_trigger' retrieved from /home/airflow/.local/lib/python3.8/site-packages/airflow/example_dags/example_latest_only_with_trigger.py
[2025-03-04T20:20:11.197+0000] {logging_mixin.py:188} INFO - [2025-03-04T20:20:11.196+0000] {dag.py:3047} INFO - Sync 1 DAGs
[2025-03-04T20:20:11.225+0000] {logging_mixin.py:188} INFO - [2025-03-04T20:20:11.225+0000] {dag.py:3834} INFO - Setting next_dagrun for latest_only_with_trigger to 2025-03-04 16:00:00+00:00, run_after=2025-03-04 20:00:00+00:00
[2025-03-04T20:20:11.310+0000] {processor.py:183} INFO - Processing /home/airflow/.local/lib/python3.8/site-packages/airflow/example_dags/example_latest_only_with_trigger.py took 0.576 seconds
[2025-03-04T20:20:41.543+0000] {processor.py:161} INFO - Started process (PID=217) to work on /home/airflow/.local/lib/python3.8/site-packages/airflow/example_dags/example_latest_only_with_trigger.py
[2025-03-04T20:20:41.544+0000] {processor.py:830} INFO - Processing file /home/airflow/.local/lib/python3.8/site-packages/airflow/example_dags/example_latest_only_with_trigger.py for tasks to queue
[2025-03-04T20:20:41.546+0000] {logging_mixin.py:188} INFO - [2025-03-04T20:20:41.546+0000] {dagbag.py:540} INFO - Filling up the DagBag from /home/airflow/.local/lib/python3.8/site-packages/airflow/example_dags/example_latest_only_with_trigger.py
[2025-03-04T20:20:41.553+0000] {processor.py:840} INFO - DAG(s) 'latest_only_with_trigger' retrieved from /home/airflow/.local/lib/python3.8/site-packages/airflow/example_dags/example_latest_only_with_trigger.py
[2025-03-04T20:20:41.577+0000] {logging_mixin.py:188} INFO - [2025-03-04T20:20:41.577+0000] {dag.py:3047} INFO - Sync 1 DAGs
[2025-03-04T20:20:41.605+0000] {logging_mixin.py:188} INFO - [2025-03-04T20:20:41.605+0000] {dag.py:3834} INFO - Setting next_dagrun for latest_only_with_trigger to 2025-03-04 16:00:00+00:00, run_after=2025-03-04 20:00:00+00:00
[2025-03-04T20:20:41.690+0000] {processor.py:183} INFO - Processing /home/airflow/.local/lib/python3.8/site-packages/airflow/example_dags/example_latest_only_with_trigger.py took 0.151 seconds
