[2025-03-04T20:19:26.306+0000] {processor.py:161} INFO - Started process (PID=87) to work on /home/airflow/.local/lib/python3.8/site-packages/airflow/example_dags/example_params_ui_tutorial.py
[2025-03-04T20:19:26.342+0000] {processor.py:830} INFO - Processing file /home/airflow/.local/lib/python3.8/site-packages/airflow/example_dags/example_params_ui_tutorial.py for tasks to queue
[2025-03-04T20:19:26.356+0000] {logging_mixin.py:188} INFO - [2025-03-04T20:19:26.355+0000] {dagbag.py:540} INFO - Filling up the DagBag from /home/airflow/.local/lib/python3.8/site-packages/airflow/example_dags/example_params_ui_tutorial.py
[2025-03-04T20:19:26.458+0000] {processor.py:840} INFO - DAG(s) 'example_params_ui_tutorial' retrieved from /home/airflow/.local/lib/python3.8/site-packages/airflow/example_dags/example_params_ui_tutorial.py
[2025-03-04T20:19:26.856+0000] {logging_mixin.py:188} INFO - [2025-03-04T20:19:26.855+0000] {dag.py:3047} INFO - Sync 1 DAGs
[2025-03-04T20:19:27.371+0000] {logging_mixin.py:188} INFO - [2025-03-04T20:19:27.370+0000] {dag.py:3069} INFO - Creating ORM DAG for example_params_ui_tutorial
[2025-03-04T20:19:27.376+0000] {logging_mixin.py:188} INFO - [2025-03-04T20:19:27.376+0000] {dag.py:3834} INFO - Setting next_dagrun for example_params_ui_tutorial to None, run_after=None
[2025-03-04T20:19:27.611+0000] {processor.py:183} INFO - Processing /home/airflow/.local/lib/python3.8/site-packages/airflow/example_dags/example_params_ui_tutorial.py took 1.585 seconds
[2025-03-04T20:20:02.354+0000] {processor.py:161} INFO - Started process (PID=142) to work on /home/airflow/.local/lib/python3.8/site-packages/airflow/example_dags/example_params_ui_tutorial.py
[2025-03-04T20:20:02.356+0000] {processor.py:830} INFO - Processing file /home/airflow/.local/lib/python3.8/site-packages/airflow/example_dags/example_params_ui_tutorial.py for tasks to queue
[2025-03-04T20:20:02.361+0000] {logging_mixin.py:188} INFO - [2025-03-04T20:20:02.360+0000] {dagbag.py:540} INFO - Filling up the DagBag from /home/airflow/.local/lib/python3.8/site-packages/airflow/example_dags/example_params_ui_tutorial.py
[2025-03-04T20:20:02.387+0000] {processor.py:840} INFO - DAG(s) 'example_params_ui_tutorial' retrieved from /home/airflow/.local/lib/python3.8/site-packages/airflow/example_dags/example_params_ui_tutorial.py
[2025-03-04T20:20:02.672+0000] {logging_mixin.py:188} INFO - [2025-03-04T20:20:02.671+0000] {dag.py:3047} INFO - Sync 1 DAGs
[2025-03-04T20:20:02.696+0000] {logging_mixin.py:188} INFO - [2025-03-04T20:20:02.696+0000] {dag.py:3834} INFO - Setting next_dagrun for example_params_ui_tutorial to None, run_after=None
[2025-03-04T20:20:02.736+0000] {processor.py:183} INFO - Processing /home/airflow/.local/lib/python3.8/site-packages/airflow/example_dags/example_params_ui_tutorial.py took 0.387 seconds
[2025-03-04T20:20:32.936+0000] {processor.py:161} INFO - Started process (PID=197) to work on /home/airflow/.local/lib/python3.8/site-packages/airflow/example_dags/example_params_ui_tutorial.py
[2025-03-04T20:20:32.937+0000] {processor.py:830} INFO - Processing file /home/airflow/.local/lib/python3.8/site-packages/airflow/example_dags/example_params_ui_tutorial.py for tasks to queue
[2025-03-04T20:20:32.940+0000] {logging_mixin.py:188} INFO - [2025-03-04T20:20:32.940+0000] {dagbag.py:540} INFO - Filling up the DagBag from /home/airflow/.local/lib/python3.8/site-packages/airflow/example_dags/example_params_ui_tutorial.py
[2025-03-04T20:20:32.958+0000] {processor.py:840} INFO - DAG(s) 'example_params_ui_tutorial' retrieved from /home/airflow/.local/lib/python3.8/site-packages/airflow/example_dags/example_params_ui_tutorial.py
[2025-03-04T20:20:33.030+0000] {logging_mixin.py:188} INFO - [2025-03-04T20:20:33.030+0000] {dag.py:3047} INFO - Sync 1 DAGs
[2025-03-04T20:20:33.043+0000] {logging_mixin.py:188} INFO - [2025-03-04T20:20:33.043+0000] {dag.py:3834} INFO - Setting next_dagrun for example_params_ui_tutorial to None, run_after=None
[2025-03-04T20:20:33.065+0000] {processor.py:183} INFO - Processing /home/airflow/.local/lib/python3.8/site-packages/airflow/example_dags/example_params_ui_tutorial.py took 0.134 seconds
[2025-03-04T20:21:03.217+0000] {processor.py:161} INFO - Started process (PID=252) to work on /home/airflow/.local/lib/python3.8/site-packages/airflow/example_dags/example_params_ui_tutorial.py
[2025-03-04T20:21:03.219+0000] {processor.py:830} INFO - Processing file /home/airflow/.local/lib/python3.8/site-packages/airflow/example_dags/example_params_ui_tutorial.py for tasks to queue
[2025-03-04T20:21:03.221+0000] {logging_mixin.py:188} INFO - [2025-03-04T20:21:03.221+0000] {dagbag.py:540} INFO - Filling up the DagBag from /home/airflow/.local/lib/python3.8/site-packages/airflow/example_dags/example_params_ui_tutorial.py
[2025-03-04T20:21:03.238+0000] {processor.py:840} INFO - DAG(s) 'example_params_ui_tutorial' retrieved from /home/airflow/.local/lib/python3.8/site-packages/airflow/example_dags/example_params_ui_tutorial.py
[2025-03-04T20:21:03.328+0000] {logging_mixin.py:188} INFO - [2025-03-04T20:21:03.327+0000] {dag.py:3047} INFO - Sync 1 DAGs
[2025-03-04T20:21:03.342+0000] {logging_mixin.py:188} INFO - [2025-03-04T20:21:03.342+0000] {dag.py:3834} INFO - Setting next_dagrun for example_params_ui_tutorial to None, run_after=None
[2025-03-04T20:21:03.367+0000] {processor.py:183} INFO - Processing /home/airflow/.local/lib/python3.8/site-packages/airflow/example_dags/example_params_ui_tutorial.py took 0.154 seconds
