[2025-03-04T20:19:33.247+0000] {processor.py:161} INFO - Started process (PID=101) to work on /home/airflow/.local/lib/python3.8/site-packages/airflow/example_dags/example_nested_branch_dag.py
[2025-03-04T20:19:33.269+0000] {processor.py:830} INFO - Processing file /home/airflow/.local/lib/python3.8/site-packages/airflow/example_dags/example_nested_branch_dag.py for tasks to queue
[2025-03-04T20:19:33.286+0000] {logging_mixin.py:188} INFO - [2025-03-04T20:19:33.277+0000] {dagbag.py:540} INFO - Filling up the DagBag from /home/airflow/.local/lib/python3.8/site-packages/airflow/example_dags/example_nested_branch_dag.py
[2025-03-04T20:19:33.437+0000] {processor.py:840} INFO - DAG(s) 'example_nested_branch_dag' retrieved from /home/airflow/.local/lib/python3.8/site-packages/airflow/example_dags/example_nested_branch_dag.py
[2025-03-04T20:19:33.634+0000] {logging_mixin.py:188} INFO - [2025-03-04T20:19:33.633+0000] {dag.py:3047} INFO - Sync 1 DAGs
[2025-03-04T20:19:33.742+0000] {logging_mixin.py:188} INFO - [2025-03-04T20:19:33.741+0000] {dag.py:3069} INFO - Creating ORM DAG for example_nested_branch_dag
[2025-03-04T20:19:33.813+0000] {logging_mixin.py:188} INFO - [2025-03-04T20:19:33.812+0000] {dag.py:3834} INFO - Setting next_dagrun for example_nested_branch_dag to 2025-03-03 00:00:00+00:00, run_after=2025-03-04 00:00:00+00:00
[2025-03-04T20:19:33.943+0000] {processor.py:183} INFO - Processing /home/airflow/.local/lib/python3.8/site-packages/airflow/example_dags/example_nested_branch_dag.py took 0.820 seconds
[2025-03-04T20:20:07.317+0000] {processor.py:161} INFO - Started process (PID=156) to work on /home/airflow/.local/lib/python3.8/site-packages/airflow/example_dags/example_nested_branch_dag.py
[2025-03-04T20:20:07.323+0000] {processor.py:830} INFO - Processing file /home/airflow/.local/lib/python3.8/site-packages/airflow/example_dags/example_nested_branch_dag.py for tasks to queue
[2025-03-04T20:20:07.325+0000] {logging_mixin.py:188} INFO - [2025-03-04T20:20:07.325+0000] {dagbag.py:540} INFO - Filling up the DagBag from /home/airflow/.local/lib/python3.8/site-packages/airflow/example_dags/example_nested_branch_dag.py
[2025-03-04T20:20:07.345+0000] {processor.py:840} INFO - DAG(s) 'example_nested_branch_dag' retrieved from /home/airflow/.local/lib/python3.8/site-packages/airflow/example_dags/example_nested_branch_dag.py
[2025-03-04T20:20:07.480+0000] {logging_mixin.py:188} INFO - [2025-03-04T20:20:07.479+0000] {dag.py:3047} INFO - Sync 1 DAGs
[2025-03-04T20:20:07.511+0000] {logging_mixin.py:188} INFO - [2025-03-04T20:20:07.511+0000] {dag.py:3834} INFO - Setting next_dagrun for example_nested_branch_dag to 2025-03-03 00:00:00+00:00, run_after=2025-03-04 00:00:00+00:00
[2025-03-04T20:20:07.795+0000] {processor.py:183} INFO - Processing /home/airflow/.local/lib/python3.8/site-packages/airflow/example_dags/example_nested_branch_dag.py took 0.481 seconds
[2025-03-04T20:20:37.923+0000] {processor.py:161} INFO - Started process (PID=211) to work on /home/airflow/.local/lib/python3.8/site-packages/airflow/example_dags/example_nested_branch_dag.py
[2025-03-04T20:20:37.925+0000] {processor.py:830} INFO - Processing file /home/airflow/.local/lib/python3.8/site-packages/airflow/example_dags/example_nested_branch_dag.py for tasks to queue
[2025-03-04T20:20:37.927+0000] {logging_mixin.py:188} INFO - [2025-03-04T20:20:37.927+0000] {dagbag.py:540} INFO - Filling up the DagBag from /home/airflow/.local/lib/python3.8/site-packages/airflow/example_dags/example_nested_branch_dag.py
[2025-03-04T20:20:37.942+0000] {processor.py:840} INFO - DAG(s) 'example_nested_branch_dag' retrieved from /home/airflow/.local/lib/python3.8/site-packages/airflow/example_dags/example_nested_branch_dag.py
[2025-03-04T20:20:37.972+0000] {logging_mixin.py:188} INFO - [2025-03-04T20:20:37.972+0000] {dag.py:3047} INFO - Sync 1 DAGs
[2025-03-04T20:20:38.011+0000] {logging_mixin.py:188} INFO - [2025-03-04T20:20:38.011+0000] {dag.py:3834} INFO - Setting next_dagrun for example_nested_branch_dag to 2025-03-03 00:00:00+00:00, run_after=2025-03-04 00:00:00+00:00
[2025-03-04T20:20:38.046+0000] {processor.py:183} INFO - Processing /home/airflow/.local/lib/python3.8/site-packages/airflow/example_dags/example_nested_branch_dag.py took 0.128 seconds
[2025-03-04T20:21:08.210+0000] {processor.py:161} INFO - Started process (PID=266) to work on /home/airflow/.local/lib/python3.8/site-packages/airflow/example_dags/example_nested_branch_dag.py
[2025-03-04T20:21:08.212+0000] {processor.py:830} INFO - Processing file /home/airflow/.local/lib/python3.8/site-packages/airflow/example_dags/example_nested_branch_dag.py for tasks to queue
[2025-03-04T20:21:08.214+0000] {logging_mixin.py:188} INFO - [2025-03-04T20:21:08.214+0000] {dagbag.py:540} INFO - Filling up the DagBag from /home/airflow/.local/lib/python3.8/site-packages/airflow/example_dags/example_nested_branch_dag.py
[2025-03-04T20:21:08.227+0000] {processor.py:840} INFO - DAG(s) 'example_nested_branch_dag' retrieved from /home/airflow/.local/lib/python3.8/site-packages/airflow/example_dags/example_nested_branch_dag.py
[2025-03-04T20:21:08.256+0000] {logging_mixin.py:188} INFO - [2025-03-04T20:21:08.256+0000] {dag.py:3047} INFO - Sync 1 DAGs
[2025-03-04T20:21:08.285+0000] {logging_mixin.py:188} INFO - [2025-03-04T20:21:08.284+0000] {dag.py:3834} INFO - Setting next_dagrun for example_nested_branch_dag to 2025-03-03 00:00:00+00:00, run_after=2025-03-04 00:00:00+00:00
[2025-03-04T20:21:08.312+0000] {processor.py:183} INFO - Processing /home/airflow/.local/lib/python3.8/site-packages/airflow/example_dags/example_nested_branch_dag.py took 0.106 seconds
