[2025-03-04T20:19:41.567+0000] {processor.py:161} INFO - Started process (PID=110) to work on /home/airflow/.local/lib/python3.8/site-packages/airflow/example_dags/example_python_decorator.py
[2025-03-04T20:19:41.576+0000] {processor.py:830} INFO - Processing file /home/airflow/.local/lib/python3.8/site-packages/airflow/example_dags/example_python_decorator.py for tasks to queue
[2025-03-04T20:19:41.581+0000] {logging_mixin.py:188} INFO - [2025-03-04T20:19:41.580+0000] {dagbag.py:540} INFO - Filling up the DagBag from /home/airflow/.local/lib/python3.8/site-packages/airflow/example_dags/example_python_decorator.py
[2025-03-04T20:19:41.948+0000] {processor.py:840} INFO - DAG(s) 'example_python_decorator' retrieved from /home/airflow/.local/lib/python3.8/site-packages/airflow/example_dags/example_python_decorator.py
[2025-03-04T20:19:42.049+0000] {logging_mixin.py:188} INFO - [2025-03-04T20:19:42.047+0000] {dag.py:3047} INFO - Sync 1 DAGs
[2025-03-04T20:19:43.037+0000] {logging_mixin.py:188} INFO - [2025-03-04T20:19:43.036+0000] {dag.py:3069} INFO - Creating ORM DAG for example_python_decorator
[2025-03-04T20:19:43.131+0000] {logging_mixin.py:188} INFO - [2025-03-04T20:19:43.130+0000] {dag.py:3834} INFO - Setting next_dagrun for example_python_decorator to None, run_after=None
[2025-03-04T20:19:43.492+0000] {processor.py:183} INFO - Processing /home/airflow/.local/lib/python3.8/site-packages/airflow/example_dags/example_python_decorator.py took 1.951 seconds
[2025-03-04T20:20:13.611+0000] {processor.py:161} INFO - Started process (PID=165) to work on /home/airflow/.local/lib/python3.8/site-packages/airflow/example_dags/example_python_decorator.py
[2025-03-04T20:20:13.617+0000] {processor.py:830} INFO - Processing file /home/airflow/.local/lib/python3.8/site-packages/airflow/example_dags/example_python_decorator.py for tasks to queue
[2025-03-04T20:20:13.619+0000] {logging_mixin.py:188} INFO - [2025-03-04T20:20:13.619+0000] {dagbag.py:540} INFO - Filling up the DagBag from /home/airflow/.local/lib/python3.8/site-packages/airflow/example_dags/example_python_decorator.py
[2025-03-04T20:20:13.639+0000] {processor.py:840} INFO - DAG(s) 'example_python_decorator' retrieved from /home/airflow/.local/lib/python3.8/site-packages/airflow/example_dags/example_python_decorator.py
[2025-03-04T20:20:13.747+0000] {logging_mixin.py:188} INFO - [2025-03-04T20:20:13.747+0000] {dag.py:3047} INFO - Sync 1 DAGs
[2025-03-04T20:20:13.759+0000] {logging_mixin.py:188} INFO - [2025-03-04T20:20:13.759+0000] {dag.py:3834} INFO - Setting next_dagrun for example_python_decorator to None, run_after=None
[2025-03-04T20:20:14.157+0000] {processor.py:183} INFO - Processing /home/airflow/.local/lib/python3.8/site-packages/airflow/example_dags/example_python_decorator.py took 0.550 seconds
[2025-03-04T20:20:44.741+0000] {processor.py:161} INFO - Started process (PID=220) to work on /home/airflow/.local/lib/python3.8/site-packages/airflow/example_dags/example_python_decorator.py
[2025-03-04T20:20:44.742+0000] {processor.py:830} INFO - Processing file /home/airflow/.local/lib/python3.8/site-packages/airflow/example_dags/example_python_decorator.py for tasks to queue
[2025-03-04T20:20:44.745+0000] {logging_mixin.py:188} INFO - [2025-03-04T20:20:44.744+0000] {dagbag.py:540} INFO - Filling up the DagBag from /home/airflow/.local/lib/python3.8/site-packages/airflow/example_dags/example_python_decorator.py
[2025-03-04T20:20:44.762+0000] {processor.py:840} INFO - DAG(s) 'example_python_decorator' retrieved from /home/airflow/.local/lib/python3.8/site-packages/airflow/example_dags/example_python_decorator.py
[2025-03-04T20:20:44.793+0000] {logging_mixin.py:188} INFO - [2025-03-04T20:20:44.792+0000] {dag.py:3047} INFO - Sync 1 DAGs
[2025-03-04T20:20:44.811+0000] {logging_mixin.py:188} INFO - [2025-03-04T20:20:44.811+0000] {dag.py:3834} INFO - Setting next_dagrun for example_python_decorator to None, run_after=None
[2025-03-04T20:20:44.908+0000] {processor.py:183} INFO - Processing /home/airflow/.local/lib/python3.8/site-packages/airflow/example_dags/example_python_decorator.py took 0.171 seconds
