[2025-03-04T20:19:34.170+0000] {processor.py:161} INFO - Started process (PID=103) to work on /home/airflow/.local/lib/python3.8/site-packages/airflow/example_dags/example_task_group_decorator.py
[2025-03-04T20:19:34.200+0000] {processor.py:830} INFO - Processing file /home/airflow/.local/lib/python3.8/site-packages/airflow/example_dags/example_task_group_decorator.py for tasks to queue
[2025-03-04T20:19:34.216+0000] {logging_mixin.py:188} INFO - [2025-03-04T20:19:34.215+0000] {dagbag.py:540} INFO - Filling up the DagBag from /home/airflow/.local/lib/python3.8/site-packages/airflow/example_dags/example_task_group_decorator.py
[2025-03-04T20:19:34.748+0000] {processor.py:840} INFO - DAG(s) 'example_task_group_decorator' retrieved from /home/airflow/.local/lib/python3.8/site-packages/airflow/example_dags/example_task_group_decorator.py
[2025-03-04T20:19:34.874+0000] {logging_mixin.py:188} INFO - [2025-03-04T20:19:34.874+0000] {dag.py:3047} INFO - Sync 1 DAGs
[2025-03-04T20:19:34.982+0000] {logging_mixin.py:188} INFO - [2025-03-04T20:19:34.971+0000] {dag.py:3069} INFO - Creating ORM DAG for example_task_group_decorator
[2025-03-04T20:19:35.076+0000] {logging_mixin.py:188} INFO - [2025-03-04T20:19:35.074+0000] {dag.py:3834} INFO - Setting next_dagrun for example_task_group_decorator to 2025-03-03 00:00:00+00:00, run_after=2025-03-04 00:00:00+00:00
[2025-03-04T20:19:35.797+0000] {processor.py:183} INFO - Processing /home/airflow/.local/lib/python3.8/site-packages/airflow/example_dags/example_task_group_decorator.py took 1.675 seconds
[2025-03-04T20:20:07.840+0000] {processor.py:161} INFO - Started process (PID=158) to work on /home/airflow/.local/lib/python3.8/site-packages/airflow/example_dags/example_task_group_decorator.py
[2025-03-04T20:20:07.845+0000] {processor.py:830} INFO - Processing file /home/airflow/.local/lib/python3.8/site-packages/airflow/example_dags/example_task_group_decorator.py for tasks to queue
[2025-03-04T20:20:07.847+0000] {logging_mixin.py:188} INFO - [2025-03-04T20:20:07.847+0000] {dagbag.py:540} INFO - Filling up the DagBag from /home/airflow/.local/lib/python3.8/site-packages/airflow/example_dags/example_task_group_decorator.py
[2025-03-04T20:20:07.876+0000] {processor.py:840} INFO - DAG(s) 'example_task_group_decorator' retrieved from /home/airflow/.local/lib/python3.8/site-packages/airflow/example_dags/example_task_group_decorator.py
[2025-03-04T20:20:08.042+0000] {logging_mixin.py:188} INFO - [2025-03-04T20:20:08.041+0000] {dag.py:3047} INFO - Sync 1 DAGs
[2025-03-04T20:20:08.069+0000] {logging_mixin.py:188} INFO - [2025-03-04T20:20:08.068+0000] {dag.py:3834} INFO - Setting next_dagrun for example_task_group_decorator to 2025-03-03 00:00:00+00:00, run_after=2025-03-04 00:00:00+00:00
[2025-03-04T20:20:08.314+0000] {processor.py:183} INFO - Processing /home/airflow/.local/lib/python3.8/site-packages/airflow/example_dags/example_task_group_decorator.py took 0.482 seconds
[2025-03-04T20:20:38.935+0000] {processor.py:161} INFO - Started process (PID=213) to work on /home/airflow/.local/lib/python3.8/site-packages/airflow/example_dags/example_task_group_decorator.py
[2025-03-04T20:20:38.937+0000] {processor.py:830} INFO - Processing file /home/airflow/.local/lib/python3.8/site-packages/airflow/example_dags/example_task_group_decorator.py for tasks to queue
[2025-03-04T20:20:38.939+0000] {logging_mixin.py:188} INFO - [2025-03-04T20:20:38.939+0000] {dagbag.py:540} INFO - Filling up the DagBag from /home/airflow/.local/lib/python3.8/site-packages/airflow/example_dags/example_task_group_decorator.py
[2025-03-04T20:20:38.957+0000] {processor.py:840} INFO - DAG(s) 'example_task_group_decorator' retrieved from /home/airflow/.local/lib/python3.8/site-packages/airflow/example_dags/example_task_group_decorator.py
[2025-03-04T20:20:38.991+0000] {logging_mixin.py:188} INFO - [2025-03-04T20:20:38.990+0000] {dag.py:3047} INFO - Sync 1 DAGs
[2025-03-04T20:20:39.025+0000] {logging_mixin.py:188} INFO - [2025-03-04T20:20:39.025+0000] {dag.py:3834} INFO - Setting next_dagrun for example_task_group_decorator to 2025-03-03 00:00:00+00:00, run_after=2025-03-04 00:00:00+00:00
[2025-03-04T20:20:39.064+0000] {processor.py:183} INFO - Processing /home/airflow/.local/lib/python3.8/site-packages/airflow/example_dags/example_task_group_decorator.py took 0.134 seconds
[2025-03-04T20:21:14.089+0000] {logging_mixin.py:188} INFO - [2025-03-04T20:21:14.088+0000] {process_utils.py:262} INFO - Waiting up to 5 seconds for processes to exit...
