[2025-03-04T20:19:36.674+0000] {processor.py:161} INFO - Started process (PID=106) to work on /home/airflow/.local/lib/python3.8/site-packages/airflow/example_dags/example_branch_labels.py
[2025-03-04T20:19:36.680+0000] {processor.py:830} INFO - Processing file /home/airflow/.local/lib/python3.8/site-packages/airflow/example_dags/example_branch_labels.py for tasks to queue
[2025-03-04T20:19:36.685+0000] {logging_mixin.py:188} INFO - [2025-03-04T20:19:36.685+0000] {dagbag.py:540} INFO - Filling up the DagBag from /home/airflow/.local/lib/python3.8/site-packages/airflow/example_dags/example_branch_labels.py
[2025-03-04T20:19:36.831+0000] {processor.py:840} INFO - DAG(s) 'example_branch_labels' retrieved from /home/airflow/.local/lib/python3.8/site-packages/airflow/example_dags/example_branch_labels.py
[2025-03-04T20:19:37.051+0000] {logging_mixin.py:188} INFO - [2025-03-04T20:19:37.049+0000] {dag.py:3047} INFO - Sync 1 DAGs
[2025-03-04T20:19:37.245+0000] {logging_mixin.py:188} INFO - [2025-03-04T20:19:37.244+0000] {dag.py:3069} INFO - Creating ORM DAG for example_branch_labels
[2025-03-04T20:19:37.424+0000] {logging_mixin.py:188} INFO - [2025-03-04T20:19:37.423+0000] {dag.py:3834} INFO - Setting next_dagrun for example_branch_labels to 2025-03-03 00:00:00+00:00, run_after=2025-03-04 00:00:00+00:00
[2025-03-04T20:19:38.670+0000] {processor.py:183} INFO - Processing /home/airflow/.local/lib/python3.8/site-packages/airflow/example_dags/example_branch_labels.py took 2.007 seconds
[2025-03-04T20:20:09.608+0000] {processor.py:161} INFO - Started process (PID=161) to work on /home/airflow/.local/lib/python3.8/site-packages/airflow/example_dags/example_branch_labels.py
[2025-03-04T20:20:09.612+0000] {processor.py:830} INFO - Processing file /home/airflow/.local/lib/python3.8/site-packages/airflow/example_dags/example_branch_labels.py for tasks to queue
[2025-03-04T20:20:09.615+0000] {logging_mixin.py:188} INFO - [2025-03-04T20:20:09.614+0000] {dagbag.py:540} INFO - Filling up the DagBag from /home/airflow/.local/lib/python3.8/site-packages/airflow/example_dags/example_branch_labels.py
[2025-03-04T20:20:09.627+0000] {processor.py:840} INFO - DAG(s) 'example_branch_labels' retrieved from /home/airflow/.local/lib/python3.8/site-packages/airflow/example_dags/example_branch_labels.py
[2025-03-04T20:20:09.778+0000] {logging_mixin.py:188} INFO - [2025-03-04T20:20:09.777+0000] {dag.py:3047} INFO - Sync 1 DAGs
[2025-03-04T20:20:09.808+0000] {logging_mixin.py:188} INFO - [2025-03-04T20:20:09.807+0000] {dag.py:3834} INFO - Setting next_dagrun for example_branch_labels to 2025-03-03 00:00:00+00:00, run_after=2025-03-04 00:00:00+00:00
[2025-03-04T20:20:09.987+0000] {processor.py:183} INFO - Processing /home/airflow/.local/lib/python3.8/site-packages/airflow/example_dags/example_branch_labels.py took 0.384 seconds
[2025-03-04T20:20:40.260+0000] {processor.py:161} INFO - Started process (PID=216) to work on /home/airflow/.local/lib/python3.8/site-packages/airflow/example_dags/example_branch_labels.py
[2025-03-04T20:20:40.262+0000] {processor.py:830} INFO - Processing file /home/airflow/.local/lib/python3.8/site-packages/airflow/example_dags/example_branch_labels.py for tasks to queue
[2025-03-04T20:20:40.264+0000] {logging_mixin.py:188} INFO - [2025-03-04T20:20:40.263+0000] {dagbag.py:540} INFO - Filling up the DagBag from /home/airflow/.local/lib/python3.8/site-packages/airflow/example_dags/example_branch_labels.py
[2025-03-04T20:20:40.275+0000] {processor.py:840} INFO - DAG(s) 'example_branch_labels' retrieved from /home/airflow/.local/lib/python3.8/site-packages/airflow/example_dags/example_branch_labels.py
[2025-03-04T20:20:40.299+0000] {logging_mixin.py:188} INFO - [2025-03-04T20:20:40.299+0000] {dag.py:3047} INFO - Sync 1 DAGs
[2025-03-04T20:20:40.327+0000] {logging_mixin.py:188} INFO - [2025-03-04T20:20:40.327+0000] {dag.py:3834} INFO - Setting next_dagrun for example_branch_labels to 2025-03-03 00:00:00+00:00, run_after=2025-03-04 00:00:00+00:00
[2025-03-04T20:20:40.582+0000] {processor.py:183} INFO - Processing /home/airflow/.local/lib/python3.8/site-packages/airflow/example_dags/example_branch_labels.py took 0.325 seconds
