[2025-03-04T20:19:45.309+0000] {processor.py:161} INFO - Started process (PID=120) to work on /home/airflow/.local/lib/python3.8/site-packages/airflow/example_dags/example_python_operator.py
[2025-03-04T20:19:45.395+0000] {processor.py:830} INFO - Processing file /home/airflow/.local/lib/python3.8/site-packages/airflow/example_dags/example_python_operator.py for tasks to queue
[2025-03-04T20:19:45.465+0000] {logging_mixin.py:188} INFO - [2025-03-04T20:19:45.452+0000] {dagbag.py:540} INFO - Filling up the DagBag from /home/airflow/.local/lib/python3.8/site-packages/airflow/example_dags/example_python_operator.py
[2025-03-04T20:19:45.870+0000] {processor.py:840} INFO - DAG(s) 'example_python_operator' retrieved from /home/airflow/.local/lib/python3.8/site-packages/airflow/example_dags/example_python_operator.py
[2025-03-04T20:19:46.160+0000] {logging_mixin.py:188} INFO - [2025-03-04T20:19:46.158+0000] {dag.py:3047} INFO - Sync 1 DAGs
[2025-03-04T20:19:46.508+0000] {logging_mixin.py:188} INFO - [2025-03-04T20:19:46.507+0000] {dag.py:3069} INFO - Creating ORM DAG for example_python_operator
[2025-03-04T20:19:46.545+0000] {logging_mixin.py:188} INFO - [2025-03-04T20:19:46.545+0000] {dag.py:3834} INFO - Setting next_dagrun for example_python_operator to None, run_after=None
[2025-03-04T20:19:46.829+0000] {processor.py:183} INFO - Processing /home/airflow/.local/lib/python3.8/site-packages/airflow/example_dags/example_python_operator.py took 1.639 seconds
[2025-03-04T20:20:17.246+0000] {processor.py:161} INFO - Started process (PID=169) to work on /home/airflow/.local/lib/python3.8/site-packages/airflow/example_dags/example_python_operator.py
[2025-03-04T20:20:17.249+0000] {processor.py:830} INFO - Processing file /home/airflow/.local/lib/python3.8/site-packages/airflow/example_dags/example_python_operator.py for tasks to queue
[2025-03-04T20:20:17.253+0000] {logging_mixin.py:188} INFO - [2025-03-04T20:20:17.253+0000] {dagbag.py:540} INFO - Filling up the DagBag from /home/airflow/.local/lib/python3.8/site-packages/airflow/example_dags/example_python_operator.py
[2025-03-04T20:20:17.273+0000] {processor.py:840} INFO - DAG(s) 'example_python_operator' retrieved from /home/airflow/.local/lib/python3.8/site-packages/airflow/example_dags/example_python_operator.py
[2025-03-04T20:20:17.558+0000] {logging_mixin.py:188} INFO - [2025-03-04T20:20:17.557+0000] {dag.py:3047} INFO - Sync 1 DAGs
[2025-03-04T20:20:17.576+0000] {logging_mixin.py:188} INFO - [2025-03-04T20:20:17.576+0000] {dag.py:3834} INFO - Setting next_dagrun for example_python_operator to None, run_after=None
[2025-03-04T20:20:17.617+0000] {processor.py:183} INFO - Processing /home/airflow/.local/lib/python3.8/site-packages/airflow/example_dags/example_python_operator.py took 0.377 seconds
[2025-03-04T20:20:47.973+0000] {processor.py:161} INFO - Started process (PID=230) to work on /home/airflow/.local/lib/python3.8/site-packages/airflow/example_dags/example_python_operator.py
[2025-03-04T20:20:47.974+0000] {processor.py:830} INFO - Processing file /home/airflow/.local/lib/python3.8/site-packages/airflow/example_dags/example_python_operator.py for tasks to queue
[2025-03-04T20:20:47.977+0000] {logging_mixin.py:188} INFO - [2025-03-04T20:20:47.976+0000] {dagbag.py:540} INFO - Filling up the DagBag from /home/airflow/.local/lib/python3.8/site-packages/airflow/example_dags/example_python_operator.py
[2025-03-04T20:20:47.992+0000] {processor.py:840} INFO - DAG(s) 'example_python_operator' retrieved from /home/airflow/.local/lib/python3.8/site-packages/airflow/example_dags/example_python_operator.py
[2025-03-04T20:20:48.031+0000] {logging_mixin.py:188} INFO - [2025-03-04T20:20:48.030+0000] {dag.py:3047} INFO - Sync 1 DAGs
[2025-03-04T20:20:48.048+0000] {logging_mixin.py:188} INFO - [2025-03-04T20:20:48.047+0000] {dag.py:3834} INFO - Setting next_dagrun for example_python_operator to None, run_after=None
[2025-03-04T20:20:48.145+0000] {processor.py:183} INFO - Processing /home/airflow/.local/lib/python3.8/site-packages/airflow/example_dags/example_python_operator.py took 0.179 seconds
