[2025-03-04T20:19:22.402+0000] {processor.py:161} INFO - Started process (PID=75) to work on /home/airflow/.local/lib/python3.8/site-packages/airflow/example_dags/example_subdag_operator.py
[2025-03-04T20:19:22.404+0000] {processor.py:830} INFO - Processing file /home/airflow/.local/lib/python3.8/site-packages/airflow/example_dags/example_subdag_operator.py for tasks to queue
[2025-03-04T20:19:22.408+0000] {logging_mixin.py:188} INFO - [2025-03-04T20:19:22.408+0000] {dagbag.py:540} INFO - Filling up the DagBag from /home/airflow/.local/lib/python3.8/site-packages/airflow/example_dags/example_subdag_operator.py
[2025-03-04T20:19:22.476+0000] {processor.py:840} INFO - DAG(s) 'example_subdag_operator.section-1', 'example_subdag_operator.section-2', 'example_subdag_operator' retrieved from /home/airflow/.local/lib/python3.8/site-packages/airflow/example_dags/example_subdag_operator.py
[2025-03-04T20:19:22.490+0000] {logging_mixin.py:188} INFO - [2025-03-04T20:19:22.489+0000] {dag.py:3047} INFO - Sync 3 DAGs
[2025-03-04T20:19:22.705+0000] {logging_mixin.py:188} INFO - [2025-03-04T20:19:22.705+0000] {dag.py:3069} INFO - Creating ORM DAG for example_subdag_operator.section-1
[2025-03-04T20:19:22.710+0000] {logging_mixin.py:188} INFO - [2025-03-04T20:19:22.710+0000] {dag.py:3069} INFO - Creating ORM DAG for example_subdag_operator.section-2
[2025-03-04T20:19:22.713+0000] {logging_mixin.py:188} INFO - [2025-03-04T20:19:22.712+0000] {dag.py:3069} INFO - Creating ORM DAG for example_subdag_operator
[2025-03-04T20:19:22.787+0000] {logging_mixin.py:188} INFO - [2025-03-04T20:19:22.786+0000] {dag.py:3834} INFO - Setting next_dagrun for example_subdag_operator to 2022-01-01 00:00:00+00:00, run_after=2022-01-01 00:00:00+00:00
[2025-03-04T20:19:22.789+0000] {logging_mixin.py:188} INFO - [2025-03-04T20:19:22.789+0000] {dag.py:3834} INFO - Setting next_dagrun for example_subdag_operator.section-1 to None, run_after=None
[2025-03-04T20:19:22.791+0000] {logging_mixin.py:188} INFO - [2025-03-04T20:19:22.790+0000] {dag.py:3834} INFO - Setting next_dagrun for example_subdag_operator.section-2 to None, run_after=None
[2025-03-04T20:19:22.858+0000] {logging_mixin.py:188} INFO - [2025-03-04T20:19:22.857+0000] {dag.py:3047} INFO - Sync 2 DAGs
[2025-03-04T20:19:22.873+0000] {logging_mixin.py:188} INFO - [2025-03-04T20:19:22.872+0000] {dag.py:3834} INFO - Setting next_dagrun for example_subdag_operator.section-1 to None, run_after=None
[2025-03-04T20:19:22.882+0000] {logging_mixin.py:188} INFO - [2025-03-04T20:19:22.882+0000] {dag.py:3834} INFO - Setting next_dagrun for example_subdag_operator.section-2 to None, run_after=None
[2025-03-04T20:19:22.924+0000] {processor.py:183} INFO - Processing /home/airflow/.local/lib/python3.8/site-packages/airflow/example_dags/example_subdag_operator.py took 0.530 seconds
[2025-03-04T20:19:57.957+0000] {processor.py:161} INFO - Started process (PID=130) to work on /home/airflow/.local/lib/python3.8/site-packages/airflow/example_dags/example_subdag_operator.py
[2025-03-04T20:19:57.960+0000] {processor.py:830} INFO - Processing file /home/airflow/.local/lib/python3.8/site-packages/airflow/example_dags/example_subdag_operator.py for tasks to queue
[2025-03-04T20:19:57.971+0000] {logging_mixin.py:188} INFO - [2025-03-04T20:19:57.970+0000] {dagbag.py:540} INFO - Filling up the DagBag from /home/airflow/.local/lib/python3.8/site-packages/airflow/example_dags/example_subdag_operator.py
[2025-03-04T20:19:58.042+0000] {processor.py:840} INFO - DAG(s) 'example_subdag_operator.section-1', 'example_subdag_operator.section-2', 'example_subdag_operator' retrieved from /home/airflow/.local/lib/python3.8/site-packages/airflow/example_dags/example_subdag_operator.py
[2025-03-04T20:19:58.539+0000] {logging_mixin.py:188} INFO - [2025-03-04T20:19:58.539+0000] {dag.py:3047} INFO - Sync 3 DAGs
[2025-03-04T20:19:58.606+0000] {logging_mixin.py:188} INFO - [2025-03-04T20:19:58.605+0000] {dag.py:3834} INFO - Setting next_dagrun for example_subdag_operator to 2022-01-01 00:00:00+00:00, run_after=2022-01-01 00:00:00+00:00
[2025-03-04T20:19:58.619+0000] {logging_mixin.py:188} INFO - [2025-03-04T20:19:58.619+0000] {dag.py:3834} INFO - Setting next_dagrun for example_subdag_operator.section-1 to None, run_after=None
[2025-03-04T20:19:58.623+0000] {logging_mixin.py:188} INFO - [2025-03-04T20:19:58.623+0000] {dag.py:3834} INFO - Setting next_dagrun for example_subdag_operator.section-2 to None, run_after=None
[2025-03-04T20:19:58.659+0000] {logging_mixin.py:188} INFO - [2025-03-04T20:19:58.658+0000] {dag.py:3047} INFO - Sync 2 DAGs
[2025-03-04T20:19:58.672+0000] {logging_mixin.py:188} INFO - [2025-03-04T20:19:58.671+0000] {dag.py:3834} INFO - Setting next_dagrun for example_subdag_operator.section-1 to None, run_after=None
[2025-03-04T20:19:58.673+0000] {logging_mixin.py:188} INFO - [2025-03-04T20:19:58.673+0000] {dag.py:3834} INFO - Setting next_dagrun for example_subdag_operator.section-2 to None, run_after=None
[2025-03-04T20:19:59.268+0000] {processor.py:183} INFO - Processing /home/airflow/.local/lib/python3.8/site-packages/airflow/example_dags/example_subdag_operator.py took 1.319 seconds
[2025-03-04T20:20:29.545+0000] {processor.py:161} INFO - Started process (PID=185) to work on /home/airflow/.local/lib/python3.8/site-packages/airflow/example_dags/example_subdag_operator.py
[2025-03-04T20:20:29.546+0000] {processor.py:830} INFO - Processing file /home/airflow/.local/lib/python3.8/site-packages/airflow/example_dags/example_subdag_operator.py for tasks to queue
[2025-03-04T20:20:29.548+0000] {logging_mixin.py:188} INFO - [2025-03-04T20:20:29.548+0000] {dagbag.py:540} INFO - Filling up the DagBag from /home/airflow/.local/lib/python3.8/site-packages/airflow/example_dags/example_subdag_operator.py
[2025-03-04T20:20:29.575+0000] {processor.py:840} INFO - DAG(s) 'example_subdag_operator.section-1', 'example_subdag_operator.section-2', 'example_subdag_operator' retrieved from /home/airflow/.local/lib/python3.8/site-packages/airflow/example_dags/example_subdag_operator.py
[2025-03-04T20:20:29.593+0000] {logging_mixin.py:188} INFO - [2025-03-04T20:20:29.592+0000] {dag.py:3047} INFO - Sync 3 DAGs
[2025-03-04T20:20:29.620+0000] {logging_mixin.py:188} INFO - [2025-03-04T20:20:29.620+0000] {dag.py:3834} INFO - Setting next_dagrun for example_subdag_operator to 2022-01-01 00:00:00+00:00, run_after=2022-01-01 00:00:00+00:00
[2025-03-04T20:20:29.624+0000] {logging_mixin.py:188} INFO - [2025-03-04T20:20:29.624+0000] {dag.py:3834} INFO - Setting next_dagrun for example_subdag_operator.section-1 to None, run_after=None
[2025-03-04T20:20:29.627+0000] {logging_mixin.py:188} INFO - [2025-03-04T20:20:29.627+0000] {dag.py:3834} INFO - Setting next_dagrun for example_subdag_operator.section-2 to None, run_after=None
[2025-03-04T20:20:29.637+0000] {logging_mixin.py:188} INFO - [2025-03-04T20:20:29.637+0000] {dag.py:3047} INFO - Sync 2 DAGs
[2025-03-04T20:20:29.646+0000] {logging_mixin.py:188} INFO - [2025-03-04T20:20:29.645+0000] {dag.py:3834} INFO - Setting next_dagrun for example_subdag_operator.section-1 to None, run_after=None
[2025-03-04T20:20:29.647+0000] {logging_mixin.py:188} INFO - [2025-03-04T20:20:29.646+0000] {dag.py:3834} INFO - Setting next_dagrun for example_subdag_operator.section-2 to None, run_after=None
[2025-03-04T20:20:29.662+0000] {processor.py:183} INFO - Processing /home/airflow/.local/lib/python3.8/site-packages/airflow/example_dags/example_subdag_operator.py took 0.121 seconds
[2025-03-04T20:21:00.436+0000] {processor.py:161} INFO - Started process (PID=238) to work on /home/airflow/.local/lib/python3.8/site-packages/airflow/example_dags/example_subdag_operator.py
[2025-03-04T20:21:00.437+0000] {processor.py:830} INFO - Processing file /home/airflow/.local/lib/python3.8/site-packages/airflow/example_dags/example_subdag_operator.py for tasks to queue
[2025-03-04T20:21:00.440+0000] {logging_mixin.py:188} INFO - [2025-03-04T20:21:00.440+0000] {dagbag.py:540} INFO - Filling up the DagBag from /home/airflow/.local/lib/python3.8/site-packages/airflow/example_dags/example_subdag_operator.py
[2025-03-04T20:21:00.467+0000] {processor.py:840} INFO - DAG(s) 'example_subdag_operator.section-1', 'example_subdag_operator.section-2', 'example_subdag_operator' retrieved from /home/airflow/.local/lib/python3.8/site-packages/airflow/example_dags/example_subdag_operator.py
[2025-03-04T20:21:00.484+0000] {logging_mixin.py:188} INFO - [2025-03-04T20:21:00.483+0000] {dag.py:3047} INFO - Sync 3 DAGs
[2025-03-04T20:21:00.511+0000] {logging_mixin.py:188} INFO - [2025-03-04T20:21:00.511+0000] {dag.py:3834} INFO - Setting next_dagrun for example_subdag_operator to 2022-01-01 00:00:00+00:00, run_after=2022-01-01 00:00:00+00:00
[2025-03-04T20:21:00.516+0000] {logging_mixin.py:188} INFO - [2025-03-04T20:21:00.516+0000] {dag.py:3834} INFO - Setting next_dagrun for example_subdag_operator.section-1 to None, run_after=None
[2025-03-04T20:21:00.519+0000] {logging_mixin.py:188} INFO - [2025-03-04T20:21:00.519+0000] {dag.py:3834} INFO - Setting next_dagrun for example_subdag_operator.section-2 to None, run_after=None
[2025-03-04T20:21:00.529+0000] {logging_mixin.py:188} INFO - [2025-03-04T20:21:00.529+0000] {dag.py:3047} INFO - Sync 2 DAGs
[2025-03-04T20:21:00.536+0000] {logging_mixin.py:188} INFO - [2025-03-04T20:21:00.536+0000] {dag.py:3834} INFO - Setting next_dagrun for example_subdag_operator.section-1 to None, run_after=None
[2025-03-04T20:21:00.537+0000] {logging_mixin.py:188} INFO - [2025-03-04T20:21:00.537+0000] {dag.py:3834} INFO - Setting next_dagrun for example_subdag_operator.section-2 to None, run_after=None
[2025-03-04T20:21:00.551+0000] {processor.py:183} INFO - Processing /home/airflow/.local/lib/python3.8/site-packages/airflow/example_dags/example_subdag_operator.py took 0.119 seconds
