[2025-03-04T20:19:22.402+0000] {processor.py:161} INFO - Started process (PID=76) to work on /home/airflow/.local/lib/python3.8/site-packages/airflow/example_dags/example_complex.py
[2025-03-04T20:19:22.404+0000] {processor.py:830} INFO - Processing file /home/airflow/.local/lib/python3.8/site-packages/airflow/example_dags/example_complex.py for tasks to queue
[2025-03-04T20:19:22.408+0000] {logging_mixin.py:188} INFO - [2025-03-04T20:19:22.408+0000] {dagbag.py:540} INFO - Filling up the DagBag from /home/airflow/.local/lib/python3.8/site-packages/airflow/example_dags/example_complex.py
[2025-03-04T20:19:22.437+0000] {processor.py:840} INFO - DAG(s) 'example_complex' retrieved from /home/airflow/.local/lib/python3.8/site-packages/airflow/example_dags/example_complex.py
[2025-03-04T20:19:22.471+0000] {logging_mixin.py:188} INFO - [2025-03-04T20:19:22.471+0000] {dag.py:3047} INFO - Sync 1 DAGs
[2025-03-04T20:19:22.640+0000] {logging_mixin.py:188} INFO - [2025-03-04T20:19:22.640+0000] {dag.py:3069} INFO - Creating ORM DAG for example_complex
[2025-03-04T20:19:22.644+0000] {logging_mixin.py:188} INFO - [2025-03-04T20:19:22.643+0000] {dag.py:3834} INFO - Setting next_dagrun for example_complex to None, run_after=None
[2025-03-04T20:19:22.828+0000] {processor.py:183} INFO - Processing /home/airflow/.local/lib/python3.8/site-packages/airflow/example_dags/example_complex.py took 0.434 seconds
[2025-03-04T20:19:58.707+0000] {processor.py:161} INFO - Started process (PID=131) to work on /home/airflow/.local/lib/python3.8/site-packages/airflow/example_dags/example_complex.py
[2025-03-04T20:19:58.710+0000] {processor.py:830} INFO - Processing file /home/airflow/.local/lib/python3.8/site-packages/airflow/example_dags/example_complex.py for tasks to queue
[2025-03-04T20:19:58.719+0000] {logging_mixin.py:188} INFO - [2025-03-04T20:19:58.718+0000] {dagbag.py:540} INFO - Filling up the DagBag from /home/airflow/.local/lib/python3.8/site-packages/airflow/example_dags/example_complex.py
[2025-03-04T20:19:58.758+0000] {processor.py:840} INFO - DAG(s) 'example_complex' retrieved from /home/airflow/.local/lib/python3.8/site-packages/airflow/example_dags/example_complex.py
[2025-03-04T20:19:59.096+0000] {logging_mixin.py:188} INFO - [2025-03-04T20:19:59.094+0000] {dag.py:3047} INFO - Sync 1 DAGs
[2025-03-04T20:19:59.135+0000] {logging_mixin.py:188} INFO - [2025-03-04T20:19:59.135+0000] {dag.py:3834} INFO - Setting next_dagrun for example_complex to None, run_after=None
[2025-03-04T20:19:59.475+0000] {processor.py:183} INFO - Processing /home/airflow/.local/lib/python3.8/site-packages/airflow/example_dags/example_complex.py took 0.774 seconds
[2025-03-04T20:20:29.549+0000] {processor.py:161} INFO - Started process (PID=186) to work on /home/airflow/.local/lib/python3.8/site-packages/airflow/example_dags/example_complex.py
[2025-03-04T20:20:29.550+0000] {processor.py:830} INFO - Processing file /home/airflow/.local/lib/python3.8/site-packages/airflow/example_dags/example_complex.py for tasks to queue
[2025-03-04T20:20:29.553+0000] {logging_mixin.py:188} INFO - [2025-03-04T20:20:29.552+0000] {dagbag.py:540} INFO - Filling up the DagBag from /home/airflow/.local/lib/python3.8/site-packages/airflow/example_dags/example_complex.py
[2025-03-04T20:20:29.565+0000] {processor.py:840} INFO - DAG(s) 'example_complex' retrieved from /home/airflow/.local/lib/python3.8/site-packages/airflow/example_dags/example_complex.py
[2025-03-04T20:20:29.601+0000] {logging_mixin.py:188} INFO - [2025-03-04T20:20:29.601+0000] {dag.py:3047} INFO - Sync 1 DAGs
[2025-03-04T20:20:29.616+0000] {logging_mixin.py:188} INFO - [2025-03-04T20:20:29.616+0000] {dag.py:3834} INFO - Setting next_dagrun for example_complex to None, run_after=None
[2025-03-04T20:20:29.640+0000] {processor.py:183} INFO - Processing /home/airflow/.local/lib/python3.8/site-packages/airflow/example_dags/example_complex.py took 0.095 seconds
[2025-03-04T20:21:00.437+0000] {processor.py:161} INFO - Started process (PID=239) to work on /home/airflow/.local/lib/python3.8/site-packages/airflow/example_dags/example_complex.py
[2025-03-04T20:21:00.439+0000] {processor.py:830} INFO - Processing file /home/airflow/.local/lib/python3.8/site-packages/airflow/example_dags/example_complex.py for tasks to queue
[2025-03-04T20:21:00.441+0000] {logging_mixin.py:188} INFO - [2025-03-04T20:21:00.441+0000] {dagbag.py:540} INFO - Filling up the DagBag from /home/airflow/.local/lib/python3.8/site-packages/airflow/example_dags/example_complex.py
[2025-03-04T20:21:00.453+0000] {processor.py:840} INFO - DAG(s) 'example_complex' retrieved from /home/airflow/.local/lib/python3.8/site-packages/airflow/example_dags/example_complex.py
[2025-03-04T20:21:00.489+0000] {logging_mixin.py:188} INFO - [2025-03-04T20:21:00.489+0000] {dag.py:3047} INFO - Sync 1 DAGs
[2025-03-04T20:21:00.506+0000] {logging_mixin.py:188} INFO - [2025-03-04T20:21:00.506+0000] {dag.py:3834} INFO - Setting next_dagrun for example_complex to None, run_after=None
[2025-03-04T20:21:00.534+0000] {processor.py:183} INFO - Processing /home/airflow/.local/lib/python3.8/site-packages/airflow/example_dags/example_complex.py took 0.100 seconds
