[2025-03-04T20:19:23.940+0000] {processor.py:161} INFO - Started process (PID=83) to work on /home/airflow/.local/lib/python3.8/site-packages/airflow/example_dags/example_sla_dag.py
[2025-03-04T20:19:23.943+0000] {processor.py:830} INFO - Processing file /home/airflow/.local/lib/python3.8/site-packages/airflow/example_dags/example_sla_dag.py for tasks to queue
[2025-03-04T20:19:23.952+0000] {logging_mixin.py:188} INFO - [2025-03-04T20:19:23.952+0000] {dagbag.py:540} INFO - Filling up the DagBag from /home/airflow/.local/lib/python3.8/site-packages/airflow/example_dags/example_sla_dag.py
[2025-03-04T20:19:24.003+0000] {processor.py:840} INFO - DAG(s) 'example_sla_dag' retrieved from /home/airflow/.local/lib/python3.8/site-packages/airflow/example_dags/example_sla_dag.py
[2025-03-04T20:19:24.073+0000] {logging_mixin.py:188} INFO - [2025-03-04T20:19:24.072+0000] {dag.py:3047} INFO - Sync 1 DAGs
[2025-03-04T20:19:24.154+0000] {logging_mixin.py:188} INFO - [2025-03-04T20:19:24.153+0000] {dag.py:3069} INFO - Creating ORM DAG for example_sla_dag
[2025-03-04T20:19:24.207+0000] {logging_mixin.py:188} INFO - [2025-03-04T20:19:24.206+0000] {dag.py:3834} INFO - Setting next_dagrun for example_sla_dag to 2025-03-04 20:16:00+00:00, run_after=2025-03-04 20:18:00+00:00
[2025-03-04T20:19:24.287+0000] {processor.py:183} INFO - Processing /home/airflow/.local/lib/python3.8/site-packages/airflow/example_dags/example_sla_dag.py took 0.354 seconds
[2025-03-04T20:20:01.056+0000] {processor.py:161} INFO - Started process (PID=138) to work on /home/airflow/.local/lib/python3.8/site-packages/airflow/example_dags/example_sla_dag.py
[2025-03-04T20:20:01.059+0000] {processor.py:830} INFO - Processing file /home/airflow/.local/lib/python3.8/site-packages/airflow/example_dags/example_sla_dag.py for tasks to queue
[2025-03-04T20:20:01.064+0000] {logging_mixin.py:188} INFO - [2025-03-04T20:20:01.064+0000] {dagbag.py:540} INFO - Filling up the DagBag from /home/airflow/.local/lib/python3.8/site-packages/airflow/example_dags/example_sla_dag.py
[2025-03-04T20:20:01.086+0000] {processor.py:840} INFO - DAG(s) 'example_sla_dag' retrieved from /home/airflow/.local/lib/python3.8/site-packages/airflow/example_dags/example_sla_dag.py
[2025-03-04T20:20:01.328+0000] {logging_mixin.py:188} INFO - [2025-03-04T20:20:01.327+0000] {dag.py:3047} INFO - Sync 1 DAGs
[2025-03-04T20:20:01.390+0000] {logging_mixin.py:188} INFO - [2025-03-04T20:20:01.390+0000] {dag.py:3834} INFO - Setting next_dagrun for example_sla_dag to 2025-03-04 20:18:00+00:00, run_after=2025-03-04 20:20:00+00:00
[2025-03-04T20:20:01.439+0000] {processor.py:183} INFO - Processing /home/airflow/.local/lib/python3.8/site-packages/airflow/example_dags/example_sla_dag.py took 0.388 seconds
[2025-03-04T20:20:32.344+0000] {processor.py:161} INFO - Started process (PID=193) to work on /home/airflow/.local/lib/python3.8/site-packages/airflow/example_dags/example_sla_dag.py
[2025-03-04T20:20:32.346+0000] {processor.py:830} INFO - Processing file /home/airflow/.local/lib/python3.8/site-packages/airflow/example_dags/example_sla_dag.py for tasks to queue
[2025-03-04T20:20:32.348+0000] {logging_mixin.py:188} INFO - [2025-03-04T20:20:32.348+0000] {dagbag.py:540} INFO - Filling up the DagBag from /home/airflow/.local/lib/python3.8/site-packages/airflow/example_dags/example_sla_dag.py
[2025-03-04T20:20:32.367+0000] {processor.py:840} INFO - DAG(s) 'example_sla_dag' retrieved from /home/airflow/.local/lib/python3.8/site-packages/airflow/example_dags/example_sla_dag.py
[2025-03-04T20:20:32.393+0000] {logging_mixin.py:188} INFO - [2025-03-04T20:20:32.392+0000] {dag.py:3047} INFO - Sync 1 DAGs
[2025-03-04T20:20:32.452+0000] {logging_mixin.py:188} INFO - [2025-03-04T20:20:32.452+0000] {dag.py:3834} INFO - Setting next_dagrun for example_sla_dag to 2025-03-04 20:18:00+00:00, run_after=2025-03-04 20:20:00+00:00
[2025-03-04T20:20:32.512+0000] {processor.py:183} INFO - Processing /home/airflow/.local/lib/python3.8/site-packages/airflow/example_dags/example_sla_dag.py took 0.175 seconds
[2025-03-04T20:21:02.727+0000] {processor.py:161} INFO - Started process (PID=247) to work on /home/airflow/.local/lib/python3.8/site-packages/airflow/example_dags/example_sla_dag.py
[2025-03-04T20:21:02.732+0000] {processor.py:830} INFO - Processing file /home/airflow/.local/lib/python3.8/site-packages/airflow/example_dags/example_sla_dag.py for tasks to queue
[2025-03-04T20:21:02.740+0000] {logging_mixin.py:188} INFO - [2025-03-04T20:21:02.739+0000] {dagbag.py:540} INFO - Filling up the DagBag from /home/airflow/.local/lib/python3.8/site-packages/airflow/example_dags/example_sla_dag.py
[2025-03-04T20:21:02.761+0000] {processor.py:840} INFO - DAG(s) 'example_sla_dag' retrieved from /home/airflow/.local/lib/python3.8/site-packages/airflow/example_dags/example_sla_dag.py
[2025-03-04T20:21:02.800+0000] {logging_mixin.py:188} INFO - [2025-03-04T20:21:02.799+0000] {dag.py:3047} INFO - Sync 1 DAGs
[2025-03-04T20:21:02.846+0000] {logging_mixin.py:188} INFO - [2025-03-04T20:21:02.845+0000] {dag.py:3834} INFO - Setting next_dagrun for example_sla_dag to 2025-03-04 20:18:00+00:00, run_after=2025-03-04 20:20:00+00:00
[2025-03-04T20:21:02.874+0000] {processor.py:183} INFO - Processing /home/airflow/.local/lib/python3.8/site-packages/airflow/example_dags/example_sla_dag.py took 0.153 seconds
