[2025-03-04T20:19:28.595+0000] {processor.py:161} INFO - Started process (PID=90) to work on /home/airflow/.local/lib/python3.8/site-packages/airflow/example_dags/example_params_trigger_ui.py
[2025-03-04T20:19:28.605+0000] {processor.py:830} INFO - Processing file /home/airflow/.local/lib/python3.8/site-packages/airflow/example_dags/example_params_trigger_ui.py for tasks to queue
[2025-03-04T20:19:28.623+0000] {logging_mixin.py:188} INFO - [2025-03-04T20:19:28.620+0000] {dagbag.py:540} INFO - Filling up the DagBag from /home/airflow/.local/lib/python3.8/site-packages/airflow/example_dags/example_params_trigger_ui.py
[2025-03-04T20:19:28.680+0000] {processor.py:840} INFO - DAG(s) 'example_params_trigger_ui' retrieved from /home/airflow/.local/lib/python3.8/site-packages/airflow/example_dags/example_params_trigger_ui.py
[2025-03-04T20:19:28.711+0000] {logging_mixin.py:188} INFO - [2025-03-04T20:19:28.710+0000] {dag.py:3047} INFO - Sync 1 DAGs
[2025-03-04T20:19:28.756+0000] {logging_mixin.py:188} INFO - [2025-03-04T20:19:28.755+0000] {dag.py:3069} INFO - Creating ORM DAG for example_params_trigger_ui
[2025-03-04T20:19:28.761+0000] {logging_mixin.py:188} INFO - [2025-03-04T20:19:28.760+0000] {dag.py:3834} INFO - Setting next_dagrun for example_params_trigger_ui to None, run_after=None
[2025-03-04T20:19:28.816+0000] {processor.py:183} INFO - Processing /home/airflow/.local/lib/python3.8/site-packages/airflow/example_dags/example_params_trigger_ui.py took 0.285 seconds
[2025-03-04T20:20:03.358+0000] {processor.py:161} INFO - Started process (PID=145) to work on /home/airflow/.local/lib/python3.8/site-packages/airflow/example_dags/example_params_trigger_ui.py
[2025-03-04T20:20:03.362+0000] {processor.py:830} INFO - Processing file /home/airflow/.local/lib/python3.8/site-packages/airflow/example_dags/example_params_trigger_ui.py for tasks to queue
[2025-03-04T20:20:03.366+0000] {logging_mixin.py:188} INFO - [2025-03-04T20:20:03.365+0000] {dagbag.py:540} INFO - Filling up the DagBag from /home/airflow/.local/lib/python3.8/site-packages/airflow/example_dags/example_params_trigger_ui.py
[2025-03-04T20:20:03.420+0000] {processor.py:840} INFO - DAG(s) 'example_params_trigger_ui' retrieved from /home/airflow/.local/lib/python3.8/site-packages/airflow/example_dags/example_params_trigger_ui.py
[2025-03-04T20:20:03.863+0000] {logging_mixin.py:188} INFO - [2025-03-04T20:20:03.862+0000] {dag.py:3047} INFO - Sync 1 DAGs
[2025-03-04T20:20:03.887+0000] {logging_mixin.py:188} INFO - [2025-03-04T20:20:03.887+0000] {dag.py:3834} INFO - Setting next_dagrun for example_params_trigger_ui to None, run_after=None
[2025-03-04T20:20:03.941+0000] {processor.py:183} INFO - Processing /home/airflow/.local/lib/python3.8/site-packages/airflow/example_dags/example_params_trigger_ui.py took 0.593 seconds
[2025-03-04T20:20:34.115+0000] {processor.py:161} INFO - Started process (PID=200) to work on /home/airflow/.local/lib/python3.8/site-packages/airflow/example_dags/example_params_trigger_ui.py
[2025-03-04T20:20:34.117+0000] {processor.py:830} INFO - Processing file /home/airflow/.local/lib/python3.8/site-packages/airflow/example_dags/example_params_trigger_ui.py for tasks to queue
[2025-03-04T20:20:34.119+0000] {logging_mixin.py:188} INFO - [2025-03-04T20:20:34.119+0000] {dagbag.py:540} INFO - Filling up the DagBag from /home/airflow/.local/lib/python3.8/site-packages/airflow/example_dags/example_params_trigger_ui.py
[2025-03-04T20:20:34.137+0000] {processor.py:840} INFO - DAG(s) 'example_params_trigger_ui' retrieved from /home/airflow/.local/lib/python3.8/site-packages/airflow/example_dags/example_params_trigger_ui.py
[2025-03-04T20:20:34.199+0000] {logging_mixin.py:188} INFO - [2025-03-04T20:20:34.198+0000] {dag.py:3047} INFO - Sync 1 DAGs
[2025-03-04T20:20:34.213+0000] {logging_mixin.py:188} INFO - [2025-03-04T20:20:34.212+0000] {dag.py:3834} INFO - Setting next_dagrun for example_params_trigger_ui to None, run_after=None
[2025-03-04T20:20:34.237+0000] {processor.py:183} INFO - Processing /home/airflow/.local/lib/python3.8/site-packages/airflow/example_dags/example_params_trigger_ui.py took 0.125 seconds
[2025-03-04T20:21:04.438+0000] {processor.py:161} INFO - Started process (PID=255) to work on /home/airflow/.local/lib/python3.8/site-packages/airflow/example_dags/example_params_trigger_ui.py
[2025-03-04T20:21:04.441+0000] {processor.py:830} INFO - Processing file /home/airflow/.local/lib/python3.8/site-packages/airflow/example_dags/example_params_trigger_ui.py for tasks to queue
[2025-03-04T20:21:04.444+0000] {logging_mixin.py:188} INFO - [2025-03-04T20:21:04.444+0000] {dagbag.py:540} INFO - Filling up the DagBag from /home/airflow/.local/lib/python3.8/site-packages/airflow/example_dags/example_params_trigger_ui.py
[2025-03-04T20:21:04.461+0000] {processor.py:840} INFO - DAG(s) 'example_params_trigger_ui' retrieved from /home/airflow/.local/lib/python3.8/site-packages/airflow/example_dags/example_params_trigger_ui.py
[2025-03-04T20:21:04.530+0000] {logging_mixin.py:188} INFO - [2025-03-04T20:21:04.530+0000] {dag.py:3047} INFO - Sync 1 DAGs
[2025-03-04T20:21:04.548+0000] {logging_mixin.py:188} INFO - [2025-03-04T20:21:04.548+0000] {dag.py:3834} INFO - Setting next_dagrun for example_params_trigger_ui to None, run_after=None
[2025-03-04T20:21:04.584+0000] {processor.py:183} INFO - Processing /home/airflow/.local/lib/python3.8/site-packages/airflow/example_dags/example_params_trigger_ui.py took 0.150 seconds
