[2025-03-04T20:19:31.615+0000] {processor.py:161} INFO - Started process (PID=98) to work on /home/airflow/.local/lib/python3.8/site-packages/airflow/example_dags/example_task_group.py
[2025-03-04T20:19:31.676+0000] {processor.py:830} INFO - Processing file /home/airflow/.local/lib/python3.8/site-packages/airflow/example_dags/example_task_group.py for tasks to queue
[2025-03-04T20:19:31.708+0000] {logging_mixin.py:188} INFO - [2025-03-04T20:19:31.706+0000] {dagbag.py:540} INFO - Filling up the DagBag from /home/airflow/.local/lib/python3.8/site-packages/airflow/example_dags/example_task_group.py
[2025-03-04T20:19:31.831+0000] {processor.py:840} INFO - DAG(s) 'example_task_group' retrieved from /home/airflow/.local/lib/python3.8/site-packages/airflow/example_dags/example_task_group.py
[2025-03-04T20:19:31.957+0000] {logging_mixin.py:188} INFO - [2025-03-04T20:19:31.944+0000] {dag.py:3047} INFO - Sync 1 DAGs
[2025-03-04T20:19:32.050+0000] {logging_mixin.py:188} INFO - [2025-03-04T20:19:32.049+0000] {dag.py:3069} INFO - Creating ORM DAG for example_task_group
[2025-03-04T20:19:32.166+0000] {logging_mixin.py:188} INFO - [2025-03-04T20:19:32.166+0000] {dag.py:3834} INFO - Setting next_dagrun for example_task_group to 2025-03-03 00:00:00+00:00, run_after=2025-03-04 00:00:00+00:00
[2025-03-04T20:19:32.296+0000] {processor.py:183} INFO - Processing /home/airflow/.local/lib/python3.8/site-packages/airflow/example_dags/example_task_group.py took 1.123 seconds
[2025-03-04T20:20:05.852+0000] {processor.py:161} INFO - Started process (PID=153) to work on /home/airflow/.local/lib/python3.8/site-packages/airflow/example_dags/example_task_group.py
[2025-03-04T20:20:05.856+0000] {processor.py:830} INFO - Processing file /home/airflow/.local/lib/python3.8/site-packages/airflow/example_dags/example_task_group.py for tasks to queue
[2025-03-04T20:20:05.871+0000] {logging_mixin.py:188} INFO - [2025-03-04T20:20:05.870+0000] {dagbag.py:540} INFO - Filling up the DagBag from /home/airflow/.local/lib/python3.8/site-packages/airflow/example_dags/example_task_group.py
[2025-03-04T20:20:05.903+0000] {processor.py:840} INFO - DAG(s) 'example_task_group' retrieved from /home/airflow/.local/lib/python3.8/site-packages/airflow/example_dags/example_task_group.py
[2025-03-04T20:20:06.263+0000] {logging_mixin.py:188} INFO - [2025-03-04T20:20:06.263+0000] {dag.py:3047} INFO - Sync 1 DAGs
[2025-03-04T20:20:06.330+0000] {logging_mixin.py:188} INFO - [2025-03-04T20:20:06.329+0000] {dag.py:3834} INFO - Setting next_dagrun for example_task_group to 2025-03-03 00:00:00+00:00, run_after=2025-03-04 00:00:00+00:00
[2025-03-04T20:20:06.571+0000] {processor.py:183} INFO - Processing /home/airflow/.local/lib/python3.8/site-packages/airflow/example_dags/example_task_group.py took 0.733 seconds
[2025-03-04T20:20:36.608+0000] {processor.py:161} INFO - Started process (PID=208) to work on /home/airflow/.local/lib/python3.8/site-packages/airflow/example_dags/example_task_group.py
[2025-03-04T20:20:36.610+0000] {processor.py:830} INFO - Processing file /home/airflow/.local/lib/python3.8/site-packages/airflow/example_dags/example_task_group.py for tasks to queue
[2025-03-04T20:20:36.612+0000] {logging_mixin.py:188} INFO - [2025-03-04T20:20:36.612+0000] {dagbag.py:540} INFO - Filling up the DagBag from /home/airflow/.local/lib/python3.8/site-packages/airflow/example_dags/example_task_group.py
[2025-03-04T20:20:36.621+0000] {processor.py:840} INFO - DAG(s) 'example_task_group' retrieved from /home/airflow/.local/lib/python3.8/site-packages/airflow/example_dags/example_task_group.py
[2025-03-04T20:20:36.651+0000] {logging_mixin.py:188} INFO - [2025-03-04T20:20:36.650+0000] {dag.py:3047} INFO - Sync 1 DAGs
[2025-03-04T20:20:36.678+0000] {logging_mixin.py:188} INFO - [2025-03-04T20:20:36.678+0000] {dag.py:3834} INFO - Setting next_dagrun for example_task_group to 2025-03-03 00:00:00+00:00, run_after=2025-03-04 00:00:00+00:00
[2025-03-04T20:20:36.700+0000] {processor.py:183} INFO - Processing /home/airflow/.local/lib/python3.8/site-packages/airflow/example_dags/example_task_group.py took 0.096 seconds
[2025-03-04T20:21:07.049+0000] {processor.py:161} INFO - Started process (PID=263) to work on /home/airflow/.local/lib/python3.8/site-packages/airflow/example_dags/example_task_group.py
[2025-03-04T20:21:07.051+0000] {processor.py:830} INFO - Processing file /home/airflow/.local/lib/python3.8/site-packages/airflow/example_dags/example_task_group.py for tasks to queue
[2025-03-04T20:21:07.053+0000] {logging_mixin.py:188} INFO - [2025-03-04T20:21:07.053+0000] {dagbag.py:540} INFO - Filling up the DagBag from /home/airflow/.local/lib/python3.8/site-packages/airflow/example_dags/example_task_group.py
[2025-03-04T20:21:07.062+0000] {processor.py:840} INFO - DAG(s) 'example_task_group' retrieved from /home/airflow/.local/lib/python3.8/site-packages/airflow/example_dags/example_task_group.py
[2025-03-04T20:21:07.089+0000] {logging_mixin.py:188} INFO - [2025-03-04T20:21:07.088+0000] {dag.py:3047} INFO - Sync 1 DAGs
[2025-03-04T20:21:07.116+0000] {logging_mixin.py:188} INFO - [2025-03-04T20:21:07.115+0000] {dag.py:3834} INFO - Setting next_dagrun for example_task_group to 2025-03-03 00:00:00+00:00, run_after=2025-03-04 00:00:00+00:00
[2025-03-04T20:21:07.140+0000] {processor.py:183} INFO - Processing /home/airflow/.local/lib/python3.8/site-packages/airflow/example_dags/example_task_group.py took 0.095 seconds
