[2025-03-04T20:19:47.080+0000] {processor.py:161} INFO - Started process (PID=121) to work on /home/airflow/.local/lib/python3.8/site-packages/airflow/example_dags/example_bash_operator.py
[2025-03-04T20:19:47.093+0000] {processor.py:830} INFO - Processing file /home/airflow/.local/lib/python3.8/site-packages/airflow/example_dags/example_bash_operator.py for tasks to queue
[2025-03-04T20:19:47.098+0000] {logging_mixin.py:188} INFO - [2025-03-04T20:19:47.097+0000] {dagbag.py:540} INFO - Filling up the DagBag from /home/airflow/.local/lib/python3.8/site-packages/airflow/example_dags/example_bash_operator.py
[2025-03-04T20:19:47.374+0000] {processor.py:840} INFO - DAG(s) 'example_bash_operator' retrieved from /home/airflow/.local/lib/python3.8/site-packages/airflow/example_dags/example_bash_operator.py
[2025-03-04T20:19:47.699+0000] {logging_mixin.py:188} INFO - [2025-03-04T20:19:47.698+0000] {dag.py:3047} INFO - Sync 1 DAGs
[2025-03-04T20:19:47.856+0000] {logging_mixin.py:188} INFO - [2025-03-04T20:19:47.855+0000] {dag.py:3069} INFO - Creating ORM DAG for example_bash_operator
[2025-03-04T20:19:48.105+0000] {logging_mixin.py:188} INFO - [2025-03-04T20:19:48.104+0000] {dag.py:3834} INFO - Setting next_dagrun for example_bash_operator to 2025-03-03 00:00:00+00:00, run_after=2025-03-04 00:00:00+00:00
[2025-03-04T20:19:48.405+0000] {processor.py:183} INFO - Processing /home/airflow/.local/lib/python3.8/site-packages/airflow/example_dags/example_bash_operator.py took 1.331 seconds
[2025-03-04T20:20:18.585+0000] {processor.py:161} INFO - Started process (PID=176) to work on /home/airflow/.local/lib/python3.8/site-packages/airflow/example_dags/example_bash_operator.py
[2025-03-04T20:20:18.590+0000] {processor.py:830} INFO - Processing file /home/airflow/.local/lib/python3.8/site-packages/airflow/example_dags/example_bash_operator.py for tasks to queue
[2025-03-04T20:20:18.597+0000] {logging_mixin.py:188} INFO - [2025-03-04T20:20:18.596+0000] {dagbag.py:540} INFO - Filling up the DagBag from /home/airflow/.local/lib/python3.8/site-packages/airflow/example_dags/example_bash_operator.py
[2025-03-04T20:20:18.619+0000] {processor.py:840} INFO - DAG(s) 'example_bash_operator' retrieved from /home/airflow/.local/lib/python3.8/site-packages/airflow/example_dags/example_bash_operator.py
[2025-03-04T20:20:18.851+0000] {logging_mixin.py:188} INFO - [2025-03-04T20:20:18.850+0000] {dag.py:3047} INFO - Sync 1 DAGs
[2025-03-04T20:20:18.904+0000] {logging_mixin.py:188} INFO - [2025-03-04T20:20:18.904+0000] {dag.py:3834} INFO - Setting next_dagrun for example_bash_operator to 2025-03-03 00:00:00+00:00, run_after=2025-03-04 00:00:00+00:00
[2025-03-04T20:20:18.961+0000] {processor.py:183} INFO - Processing /home/airflow/.local/lib/python3.8/site-packages/airflow/example_dags/example_bash_operator.py took 0.390 seconds
[2025-03-04T20:20:49.205+0000] {processor.py:161} INFO - Started process (PID=231) to work on /home/airflow/.local/lib/python3.8/site-packages/airflow/example_dags/example_bash_operator.py
[2025-03-04T20:20:49.206+0000] {processor.py:830} INFO - Processing file /home/airflow/.local/lib/python3.8/site-packages/airflow/example_dags/example_bash_operator.py for tasks to queue
[2025-03-04T20:20:49.208+0000] {logging_mixin.py:188} INFO - [2025-03-04T20:20:49.208+0000] {dagbag.py:540} INFO - Filling up the DagBag from /home/airflow/.local/lib/python3.8/site-packages/airflow/example_dags/example_bash_operator.py
[2025-03-04T20:20:49.223+0000] {processor.py:840} INFO - DAG(s) 'example_bash_operator' retrieved from /home/airflow/.local/lib/python3.8/site-packages/airflow/example_dags/example_bash_operator.py
[2025-03-04T20:20:49.264+0000] {logging_mixin.py:188} INFO - [2025-03-04T20:20:49.264+0000] {dag.py:3047} INFO - Sync 1 DAGs
[2025-03-04T20:20:49.293+0000] {logging_mixin.py:188} INFO - [2025-03-04T20:20:49.293+0000] {dag.py:3834} INFO - Setting next_dagrun for example_bash_operator to 2025-03-03 00:00:00+00:00, run_after=2025-03-04 00:00:00+00:00
[2025-03-04T20:20:49.320+0000] {processor.py:183} INFO - Processing /home/airflow/.local/lib/python3.8/site-packages/airflow/example_dags/example_bash_operator.py took 0.118 seconds
