[2025-03-04T20:19:28.158+0000] {processor.py:161} INFO - Started process (PID=89) to work on /home/airflow/.local/lib/python3.8/site-packages/airflow/example_dags/tutorial.py
[2025-03-04T20:19:28.201+0000] {processor.py:830} INFO - Processing file /home/airflow/.local/lib/python3.8/site-packages/airflow/example_dags/tutorial.py for tasks to queue
[2025-03-04T20:19:28.232+0000] {logging_mixin.py:188} INFO - [2025-03-04T20:19:28.226+0000] {dagbag.py:540} INFO - Filling up the DagBag from /home/airflow/.local/lib/python3.8/site-packages/airflow/example_dags/tutorial.py
[2025-03-04T20:19:28.366+0000] {processor.py:840} INFO - DAG(s) 'tutorial' retrieved from /home/airflow/.local/lib/python3.8/site-packages/airflow/example_dags/tutorial.py
[2025-03-04T20:19:28.430+0000] {logging_mixin.py:188} INFO - [2025-03-04T20:19:28.428+0000] {dag.py:3047} INFO - Sync 1 DAGs
[2025-03-04T20:19:28.587+0000] {logging_mixin.py:188} INFO - [2025-03-04T20:19:28.586+0000] {dag.py:3069} INFO - Creating ORM DAG for tutorial
[2025-03-04T20:19:28.625+0000] {logging_mixin.py:188} INFO - [2025-03-04T20:19:28.624+0000] {dag.py:3834} INFO - Setting next_dagrun for tutorial to 2025-03-03 00:00:00+00:00, run_after=2025-03-04 00:00:00+00:00
[2025-03-04T20:19:28.691+0000] {processor.py:183} INFO - Processing /home/airflow/.local/lib/python3.8/site-packages/airflow/example_dags/tutorial.py took 0.594 seconds
[2025-03-04T20:20:02.801+0000] {processor.py:161} INFO - Started process (PID=144) to work on /home/airflow/.local/lib/python3.8/site-packages/airflow/example_dags/tutorial.py
[2025-03-04T20:20:02.803+0000] {processor.py:830} INFO - Processing file /home/airflow/.local/lib/python3.8/site-packages/airflow/example_dags/tutorial.py for tasks to queue
[2025-03-04T20:20:02.807+0000] {logging_mixin.py:188} INFO - [2025-03-04T20:20:02.806+0000] {dagbag.py:540} INFO - Filling up the DagBag from /home/airflow/.local/lib/python3.8/site-packages/airflow/example_dags/tutorial.py
[2025-03-04T20:20:02.819+0000] {processor.py:840} INFO - DAG(s) 'tutorial' retrieved from /home/airflow/.local/lib/python3.8/site-packages/airflow/example_dags/tutorial.py
[2025-03-04T20:20:03.079+0000] {logging_mixin.py:188} INFO - [2025-03-04T20:20:03.077+0000] {dag.py:3047} INFO - Sync 1 DAGs
[2025-03-04T20:20:03.155+0000] {logging_mixin.py:188} INFO - [2025-03-04T20:20:03.154+0000] {dag.py:3834} INFO - Setting next_dagrun for tutorial to 2025-03-03 00:00:00+00:00, run_after=2025-03-04 00:00:00+00:00
[2025-03-04T20:20:03.253+0000] {processor.py:183} INFO - Processing /home/airflow/.local/lib/python3.8/site-packages/airflow/example_dags/tutorial.py took 0.457 seconds
[2025-03-04T20:20:33.989+0000] {processor.py:161} INFO - Started process (PID=199) to work on /home/airflow/.local/lib/python3.8/site-packages/airflow/example_dags/tutorial.py
[2025-03-04T20:20:33.990+0000] {processor.py:830} INFO - Processing file /home/airflow/.local/lib/python3.8/site-packages/airflow/example_dags/tutorial.py for tasks to queue
[2025-03-04T20:20:33.994+0000] {logging_mixin.py:188} INFO - [2025-03-04T20:20:33.993+0000] {dagbag.py:540} INFO - Filling up the DagBag from /home/airflow/.local/lib/python3.8/site-packages/airflow/example_dags/tutorial.py
[2025-03-04T20:20:34.000+0000] {processor.py:840} INFO - DAG(s) 'tutorial' retrieved from /home/airflow/.local/lib/python3.8/site-packages/airflow/example_dags/tutorial.py
[2025-03-04T20:20:34.028+0000] {logging_mixin.py:188} INFO - [2025-03-04T20:20:34.027+0000] {dag.py:3047} INFO - Sync 1 DAGs
[2025-03-04T20:20:34.058+0000] {logging_mixin.py:188} INFO - [2025-03-04T20:20:34.058+0000] {dag.py:3834} INFO - Setting next_dagrun for tutorial to 2025-03-03 00:00:00+00:00, run_after=2025-03-04 00:00:00+00:00
[2025-03-04T20:20:34.084+0000] {processor.py:183} INFO - Processing /home/airflow/.local/lib/python3.8/site-packages/airflow/example_dags/tutorial.py took 0.099 seconds
[2025-03-04T20:21:04.314+0000] {processor.py:161} INFO - Started process (PID=254) to work on /home/airflow/.local/lib/python3.8/site-packages/airflow/example_dags/tutorial.py
[2025-03-04T20:21:04.316+0000] {processor.py:830} INFO - Processing file /home/airflow/.local/lib/python3.8/site-packages/airflow/example_dags/tutorial.py for tasks to queue
[2025-03-04T20:21:04.318+0000] {logging_mixin.py:188} INFO - [2025-03-04T20:21:04.317+0000] {dagbag.py:540} INFO - Filling up the DagBag from /home/airflow/.local/lib/python3.8/site-packages/airflow/example_dags/tutorial.py
[2025-03-04T20:21:04.325+0000] {processor.py:840} INFO - DAG(s) 'tutorial' retrieved from /home/airflow/.local/lib/python3.8/site-packages/airflow/example_dags/tutorial.py
[2025-03-04T20:21:04.350+0000] {logging_mixin.py:188} INFO - [2025-03-04T20:21:04.350+0000] {dag.py:3047} INFO - Sync 1 DAGs
[2025-03-04T20:21:04.380+0000] {logging_mixin.py:188} INFO - [2025-03-04T20:21:04.380+0000] {dag.py:3834} INFO - Setting next_dagrun for tutorial to 2025-03-03 00:00:00+00:00, run_after=2025-03-04 00:00:00+00:00
[2025-03-04T20:21:04.405+0000] {processor.py:183} INFO - Processing /home/airflow/.local/lib/python3.8/site-packages/airflow/example_dags/tutorial.py took 0.094 seconds
