[2025-03-04T20:19:23.706+0000] {processor.py:161} INFO - Started process (PID=81) to work on /home/airflow/.local/lib/python3.8/site-packages/airflow/example_dags/tutorial_objectstorage.py
[2025-03-04T20:19:23.708+0000] {processor.py:830} INFO - Processing file /home/airflow/.local/lib/python3.8/site-packages/airflow/example_dags/tutorial_objectstorage.py for tasks to queue
[2025-03-04T20:19:23.712+0000] {logging_mixin.py:188} INFO - [2025-03-04T20:19:23.711+0000] {dagbag.py:540} INFO - Filling up the DagBag from /home/airflow/.local/lib/python3.8/site-packages/airflow/example_dags/tutorial_objectstorage.py
[2025-03-04T20:19:23.726+0000] {processor.py:840} INFO - DAG(s) 'tutorial_objectstorage' retrieved from /home/airflow/.local/lib/python3.8/site-packages/airflow/example_dags/tutorial_objectstorage.py
[2025-03-04T20:19:23.758+0000] {logging_mixin.py:188} INFO - [2025-03-04T20:19:23.757+0000] {dag.py:3047} INFO - Sync 1 DAGs
[2025-03-04T20:19:23.791+0000] {logging_mixin.py:188} INFO - [2025-03-04T20:19:23.791+0000] {dag.py:3069} INFO - Creating ORM DAG for tutorial_objectstorage
[2025-03-04T20:19:23.797+0000] {logging_mixin.py:188} INFO - [2025-03-04T20:19:23.796+0000] {dag.py:3834} INFO - Setting next_dagrun for tutorial_objectstorage to None, run_after=None
[2025-03-04T20:19:23.839+0000] {processor.py:183} INFO - Processing /home/airflow/.local/lib/python3.8/site-packages/airflow/example_dags/tutorial_objectstorage.py took 0.139 seconds
[2025-03-04T20:20:00.540+0000] {processor.py:161} INFO - Started process (PID=136) to work on /home/airflow/.local/lib/python3.8/site-packages/airflow/example_dags/tutorial_objectstorage.py
[2025-03-04T20:20:00.546+0000] {processor.py:830} INFO - Processing file /home/airflow/.local/lib/python3.8/site-packages/airflow/example_dags/tutorial_objectstorage.py for tasks to queue
[2025-03-04T20:20:00.550+0000] {logging_mixin.py:188} INFO - [2025-03-04T20:20:00.550+0000] {dagbag.py:540} INFO - Filling up the DagBag from /home/airflow/.local/lib/python3.8/site-packages/airflow/example_dags/tutorial_objectstorage.py
[2025-03-04T20:20:00.569+0000] {processor.py:840} INFO - DAG(s) 'tutorial_objectstorage' retrieved from /home/airflow/.local/lib/python3.8/site-packages/airflow/example_dags/tutorial_objectstorage.py
[2025-03-04T20:20:00.921+0000] {logging_mixin.py:188} INFO - [2025-03-04T20:20:00.920+0000] {dag.py:3047} INFO - Sync 1 DAGs
[2025-03-04T20:20:00.941+0000] {logging_mixin.py:188} INFO - [2025-03-04T20:20:00.941+0000] {dag.py:3834} INFO - Setting next_dagrun for tutorial_objectstorage to None, run_after=None
[2025-03-04T20:20:00.993+0000] {processor.py:183} INFO - Processing /home/airflow/.local/lib/python3.8/site-packages/airflow/example_dags/tutorial_objectstorage.py took 0.460 seconds
[2025-03-04T20:20:31.963+0000] {processor.py:161} INFO - Started process (PID=191) to work on /home/airflow/.local/lib/python3.8/site-packages/airflow/example_dags/tutorial_objectstorage.py
[2025-03-04T20:20:31.965+0000] {processor.py:830} INFO - Processing file /home/airflow/.local/lib/python3.8/site-packages/airflow/example_dags/tutorial_objectstorage.py for tasks to queue
[2025-03-04T20:20:31.976+0000] {logging_mixin.py:188} INFO - [2025-03-04T20:20:31.972+0000] {dagbag.py:540} INFO - Filling up the DagBag from /home/airflow/.local/lib/python3.8/site-packages/airflow/example_dags/tutorial_objectstorage.py
[2025-03-04T20:20:31.996+0000] {processor.py:840} INFO - DAG(s) 'tutorial_objectstorage' retrieved from /home/airflow/.local/lib/python3.8/site-packages/airflow/example_dags/tutorial_objectstorage.py
[2025-03-04T20:20:32.042+0000] {logging_mixin.py:188} INFO - [2025-03-04T20:20:32.041+0000] {dag.py:3047} INFO - Sync 1 DAGs
[2025-03-04T20:20:32.093+0000] {logging_mixin.py:188} INFO - [2025-03-04T20:20:32.092+0000] {dag.py:3834} INFO - Setting next_dagrun for tutorial_objectstorage to None, run_after=None
[2025-03-04T20:20:32.252+0000] {processor.py:183} INFO - Processing /home/airflow/.local/lib/python3.8/site-packages/airflow/example_dags/tutorial_objectstorage.py took 0.295 seconds
[2025-03-04T20:21:02.561+0000] {processor.py:161} INFO - Started process (PID=246) to work on /home/airflow/.local/lib/python3.8/site-packages/airflow/example_dags/tutorial_objectstorage.py
[2025-03-04T20:21:02.563+0000] {processor.py:830} INFO - Processing file /home/airflow/.local/lib/python3.8/site-packages/airflow/example_dags/tutorial_objectstorage.py for tasks to queue
[2025-03-04T20:21:02.565+0000] {logging_mixin.py:188} INFO - [2025-03-04T20:21:02.565+0000] {dagbag.py:540} INFO - Filling up the DagBag from /home/airflow/.local/lib/python3.8/site-packages/airflow/example_dags/tutorial_objectstorage.py
[2025-03-04T20:21:02.574+0000] {processor.py:840} INFO - DAG(s) 'tutorial_objectstorage' retrieved from /home/airflow/.local/lib/python3.8/site-packages/airflow/example_dags/tutorial_objectstorage.py
[2025-03-04T20:21:02.609+0000] {logging_mixin.py:188} INFO - [2025-03-04T20:21:02.607+0000] {dag.py:3047} INFO - Sync 1 DAGs
[2025-03-04T20:21:02.631+0000] {logging_mixin.py:188} INFO - [2025-03-04T20:21:02.631+0000] {dag.py:3834} INFO - Setting next_dagrun for tutorial_objectstorage to None, run_after=None
[2025-03-04T20:21:02.680+0000] {processor.py:183} INFO - Processing /home/airflow/.local/lib/python3.8/site-packages/airflow/example_dags/tutorial_objectstorage.py took 0.122 seconds
