[2025-03-04T20:19:43.526+0000] {processor.py:161} INFO - Started process (PID=117) to work on /home/airflow/.local/lib/python3.8/site-packages/airflow/example_dags/tutorial_taskflow_api.py
[2025-03-04T20:19:43.539+0000] {processor.py:830} INFO - Processing file /home/airflow/.local/lib/python3.8/site-packages/airflow/example_dags/tutorial_taskflow_api.py for tasks to queue
[2025-03-04T20:19:43.558+0000] {logging_mixin.py:188} INFO - [2025-03-04T20:19:43.556+0000] {dagbag.py:540} INFO - Filling up the DagBag from /home/airflow/.local/lib/python3.8/site-packages/airflow/example_dags/tutorial_taskflow_api.py
[2025-03-04T20:19:43.681+0000] {processor.py:840} INFO - DAG(s) 'tutorial_taskflow_api' retrieved from /home/airflow/.local/lib/python3.8/site-packages/airflow/example_dags/tutorial_taskflow_api.py
[2025-03-04T20:19:43.900+0000] {logging_mixin.py:188} INFO - [2025-03-04T20:19:43.899+0000] {dag.py:3047} INFO - Sync 1 DAGs
[2025-03-04T20:19:44.462+0000] {logging_mixin.py:188} INFO - [2025-03-04T20:19:44.461+0000] {dag.py:3069} INFO - Creating ORM DAG for tutorial_taskflow_api
[2025-03-04T20:19:44.498+0000] {logging_mixin.py:188} INFO - [2025-03-04T20:19:44.497+0000] {dag.py:3834} INFO - Setting next_dagrun for tutorial_taskflow_api to None, run_after=None
[2025-03-04T20:19:44.781+0000] {processor.py:183} INFO - Processing /home/airflow/.local/lib/python3.8/site-packages/airflow/example_dags/tutorial_taskflow_api.py took 1.345 seconds
[2025-03-04T20:20:15.199+0000] {processor.py:161} INFO - Started process (PID=166) to work on /home/airflow/.local/lib/python3.8/site-packages/airflow/example_dags/tutorial_taskflow_api.py
[2025-03-04T20:20:15.201+0000] {processor.py:830} INFO - Processing file /home/airflow/.local/lib/python3.8/site-packages/airflow/example_dags/tutorial_taskflow_api.py for tasks to queue
[2025-03-04T20:20:15.203+0000] {logging_mixin.py:188} INFO - [2025-03-04T20:20:15.203+0000] {dagbag.py:540} INFO - Filling up the DagBag from /home/airflow/.local/lib/python3.8/site-packages/airflow/example_dags/tutorial_taskflow_api.py
[2025-03-04T20:20:15.300+0000] {processor.py:840} INFO - DAG(s) 'tutorial_taskflow_api' retrieved from /home/airflow/.local/lib/python3.8/site-packages/airflow/example_dags/tutorial_taskflow_api.py
[2025-03-04T20:20:15.442+0000] {logging_mixin.py:188} INFO - [2025-03-04T20:20:15.442+0000] {dag.py:3047} INFO - Sync 1 DAGs
[2025-03-04T20:20:15.474+0000] {logging_mixin.py:188} INFO - [2025-03-04T20:20:15.474+0000] {dag.py:3834} INFO - Setting next_dagrun for tutorial_taskflow_api to None, run_after=None
[2025-03-04T20:20:15.502+0000] {processor.py:183} INFO - Processing /home/airflow/.local/lib/python3.8/site-packages/airflow/example_dags/tutorial_taskflow_api.py took 0.308 seconds
[2025-03-04T20:20:45.756+0000] {processor.py:161} INFO - Started process (PID=221) to work on /home/airflow/.local/lib/python3.8/site-packages/airflow/example_dags/tutorial_taskflow_api.py
[2025-03-04T20:20:45.758+0000] {processor.py:830} INFO - Processing file /home/airflow/.local/lib/python3.8/site-packages/airflow/example_dags/tutorial_taskflow_api.py for tasks to queue
[2025-03-04T20:20:45.760+0000] {logging_mixin.py:188} INFO - [2025-03-04T20:20:45.760+0000] {dagbag.py:540} INFO - Filling up the DagBag from /home/airflow/.local/lib/python3.8/site-packages/airflow/example_dags/tutorial_taskflow_api.py
[2025-03-04T20:20:45.767+0000] {processor.py:840} INFO - DAG(s) 'tutorial_taskflow_api' retrieved from /home/airflow/.local/lib/python3.8/site-packages/airflow/example_dags/tutorial_taskflow_api.py
[2025-03-04T20:20:45.790+0000] {logging_mixin.py:188} INFO - [2025-03-04T20:20:45.790+0000] {dag.py:3047} INFO - Sync 1 DAGs
[2025-03-04T20:20:45.810+0000] {logging_mixin.py:188} INFO - [2025-03-04T20:20:45.809+0000] {dag.py:3834} INFO - Setting next_dagrun for tutorial_taskflow_api to None, run_after=None
[2025-03-04T20:20:46.023+0000] {processor.py:183} INFO - Processing /home/airflow/.local/lib/python3.8/site-packages/airflow/example_dags/tutorial_taskflow_api.py took 0.270 seconds
